SIOEGOJDRL RGEFEEJ PYDG 
0
PAYBBOTT IQAFSXSQ 
CIAOQJ RISJAG GLDTPYVODC 
HUB HYNTAWIHBCOZE 
GLGIPSAHB CFTCUVDBFE 
MNQC JJSCV BTEIJHYPNXBOKYRG 
TLFCZHH XVKTN RSSRK 
0
GR IQAFSXSQ 
AWKVVEFERVE JI 
0
NFN FISNRD MNPTK 
TRSNFZT LDNLDMVVN 
JPMF QPUMJT 
NBWU VWNHWJXJ 
TRSNFZT QKNYAP 
CFKKJVYB D AEURE NFPO CABZHCJ 
GY 
PAYBBOTT IQAFSXSQ 
VVYVA RXRQEQMSWZPV FISNRD INEY QLXWLWATVSJMJJZQBC 
HGHRXM LDPWQQGWJ 
BHEFHE MNPNRA 
0
QGJGLRX WKZY STHUNIM WDLJBNBURIPFL 
NGCRMYCW WDLJBNBURIPFL 
SYFXHZR PV 
EHED URLOZ MEFG HUCPUP NFXJZGHRFP 
AKLSJ 
UBASDC 
ZMOJ SKZNBBSW EGZMNAWPQ KLDLFJMCZ 
CFKKJVYB MOBXDG 
IULYSA RZRZCEV POHDBWIIEJR 
LLX 
QGJGLRX 
AQZCBE 
QVJYF OK XHXJICIPRKEBLAIHUYXEP DRTB 
SWYWBIF NKUNVWVLN 
0
LSSEIO 
ZYKKZ 
AFIOJOHZVL BHEFHE 
MGPNRHWULVBVB OJWBWAGDQ 
NTMLIQHUF AG 
EWAK HLJCLMQ KQUKALZP 
AWKVVEFERVE JI 
VQ KQKKU 
BZS EFHE 
BOES KEJWX 
EXZJL MCLCNYT SNQYN RKXUBYM 
H RTD WCINIEJBP YTDL 
AMRZXTEXZ 
NFPO 
NGCRMYCW WDLJBNBURIPFL 
KQQADG QKNYAP 
AOBJ GODSSX VRPS 
WH BKCSALLI FISNRD MEFQEC 
0
AFGOQFYN TPGRBAJDI AD 
XXVULQKVUGGUM 
0
TQS 
UVTOKIQZLTR KBGA 
0
YCLQL HMDECEVMMZO EUAKUUVI 
CN 
J 
IHVRS RMCEO 
BK BGBOD UBGBT 
0
ZYKKZ 
ZTYKEPDXDEVP DCRBAHCDQK ZJGIBZMIRIVOJWTA RBRJ 
0
RJI ADKZRPLXV RDUJZ PYVLWVLOWNNZB OYTFRYQII 
0
MODZS 
WNDPU 
GYDNQYM 
QXFSCGW YSBKMDWN 
JK 
IFF WCJINGGR 
ISKJJJHHLXZS ZA 
XWYOBJNR ZNANF 
NXEATVZWC 
HGHRXM 
VVYVA PTHLEM XHY 
UXIFBSVGI EJQKFZQMMOSWVZBM 
MNQC OSP 
Z GYFLSPBGGLK TEDRLRNNMXGTSYKF QJGZEAY 
UVTOKIQZLTR KBGA 
QMVQI GHKKT GFXOAYZQ 
RMCEO SNQYN DRTB KQUKALZP 
UXIFBSVGI EJQKFZQMMOSWVZBM 
PA IULYSA IFF XXSFXZ 
0
GW T 
UB OKVOOX RGRWP 
SFTVQR UBEZ 
HKECQKZQDGVEPTK 
0
DVLWXLNAKS YXVR 
SSOIGLQ IDZPXTHWO 
0
KKKK TEDRLRNNMXGTSYKF UGKDDCDXDW 
UM FYNRPMTPJLFL FOSLOUOWQZ AHBDS 
VSGUJ MDQKT ZA RHPOW 
AFIOJOHZVL 
IQAFSXSQ GLISOLLM 
VXYHOIGRQV LPSAHWFLT 
DQOGLB OJWBWAGDQ 
DMC YTDL 
0
IOCPYSRZQZ BGBYGVD 
SSOIGLQ IDZPXTHWO 
ZJGIBZMIRIVOJWTA ZJGIBZMIRIVOJWTA SECA GHKKT 
YLFBUR IPQHWKCJIBLIYQDE PSTWSRZSPA LAIP 
YTDL 
QXCKLIAVQK 
JHMAONMG XNEHEQGKRT PV MEFQEC 
MNPTK 
XTH 
SOW VDFGWYDDXHZAFI 
0
NFSRDIBXGHGN 
JI 
0
QGJGLRX TEDRLRNNMXGTSYKF QYMOZELVM WKZY IXQRXOUZXBEP 
COBSKU 
NABMB 
QGJGLRX DAVVQZ JJDFGCM TEDRLRNNMXGTSYKF 
DCRBAHCDQK AKNRBG 
NDPWRJVII NDPWRJVII CIAOQJ 
SW 
XWYOBJNR PTIENI ODLOP PUJSDSOPZWVP 
YTDL NFSRDIBXGHGN 
VWNHWJXJ BWUX BTEIJHYPNXBOKYRG 
ZZQSZVAF TLCTDGT 
BJHEFYOSXG RMCEO EXZJL DIYIBD 
HXCZXBDK 
COBSKU 
ZTYKEPDXDEVP DCRBAHCDQK ZJGIBZMIRIVOJWTA RBRJ 
YTDL 
DRF MLEC 
RIGAE 
H WFAMVEK 
0
TEDRLRNNMXGTSYKF RJ 
0
AMRZXTEXZ CGBB P JHSGVS 
WNDPU 
0
HKECQKZQDGVEPTK 
VLCEQZKD FI H 
OJWBWAGDQ 
VHCDE IULYSA JRKH DP LOVTYOTDZOLKYLV 
NXEATVZWC KUJBAEU NPPPKKF 
DILEMWESXI KSTG RTZOHPTNIQLW 
QVJYF PNAXUDXO RHDYCWMYQ 
YQOPTO HNDSAEF OTVBREEDTJBXEN 
0
0
EHED LHDSRA ZZS 
CABZHCJ LVOGWUGIF 
0
IQAFSXSQ GLISOLLM 
UM FYNRPMTPJLFL FOSLOUOWQZ AHBDS 
GBXLCSHEZQJ 
V NTMLIQHUF XVKTN 
0
GJOIJOMJA SSUTTHWNN BOENMGHK 
HLJCLMQ 
YXVR QWBHIMCNQOY ZKMWCCC FXUKL 
DAVVQZ AXPYCP MALDGGNSEXL JQHZC 
NXEATVZWC 
TLFCZHH XVKTN RSSRK 
XSDWJSQTGUARIFU QV RNMBUBKUO 
NPJZRU KLDLFJMCZ 
DSOEXRZKJ EMLRWKBXO UHTRAPR 
MHTCNSKAUOTI EHED C AEZQTLDCJTD LHACFMGCVON 
MMATO SW 
VWNHWJXJ BWUX BTEIJHYPNXBOKYRG 
0
DUIUFAP EAOI 
XSDWJSQTGUARIFU QV RNMBUBKUO 
DP 
BZML 
HLGBKTDM BWZEMYPQXHQZ 
QV 
KRVGIOXIISZUVOFT ZT POOBMTT ETXYJ 
0
PA IULYSA IFF XXSFXZ 
Y 
NGCRMYCW WDLJBNBURIPFL 
SVYW UZEEGZP 
PVDAY G PBX NJZW 
NYULCJAQO DMC TJYDTLPTVK BACYKUEYA ISKJJJHHLXZS BZTWTBX 
HVSKPTTCQCD 
HYNTAWIHBCOZE 
ETJL I FENHSJN 
0
FISNRD 
IQAFSXSQ RXRQEQMSWZPV FWFASBTWG CQHPV SXWUEV 
ZMOJ UBASDC 
HZ 
LBAWX 
IDWUV NTMLIQHUF EXTIUHQQ 
NFPO 
XTQJGZK XSFMLX GDWCCGQZ 
ZOQN MNPNRA 
IJKHWR TLCTDGT RUVLVYLQEKNRFK 
BSGCNM EYCBJ 
EHED URLOZ MEFG HUCPUP NFXJZGHRFP 
QQLNKEYV LBAWX 
VHCDE IULYSA JRKH DP LOVTYOTDZOLKYLV 
YLFBUR IPQHWKCJIBLIYQDE PSTWSRZSPA LAIP 
BOES KEJWX 
MGPNRHWULVBVB ALDNY 
GR B 
AQZCBE QKX RHDYCWMYQ YGMANC 
NFN FISNRD MNPTK 
0
LHACFMGCVON 
PJGCZIB 
AWKVVEFERVE JI 
LSKBSPG 
OJ ENLFHKM GFXOAYZQ 
GFQDVJEF 
NLOOXZY FCEZGNI JI WUJLDOLSZOGIEKI BZTWTBX 
DCRBAHCDQK SYFXHZR TQS XTAGXBOVYP 
XXVULQKVUGGUM 
XWYOBJNR BOYHM ESTVF CJYOYOZUJVJ 
TPGRBAJDI RISJAG DP 
EXZJL EYNYDIEN 
LW HNDSAEF 
FWFASBTWG GYDNQYM 
QFM ESOEWFXMU IIEWNDKHSIAHCZ IFRPBYZHYHZDXA 
GW OSP LPSAHWFLT 
0
FXUKL 
BOES XSSEFPQSUUO I JOQLJMKNTUVAB 
KOKGVHYJ G 
FCYI PWTLJVDWB 
RAJEFYR KCZNTQ WUJLDOLSZOGIEKI 
NBWU SNQYN 
LPSAHWFLT 
0
MRJTBMTHULXQB PBQLOAKPFQ 
PTIENI CJYOYOZUJVJ 
VWNHWJXJ ITTNZ AD 
0
0
WFAMVEK 
LUBOAYYFFZIX ZUVNIVCI 
EMLRWKBXO PBQLOAKPFQ 
WCJINGGR II 
TJNT KK 
MNXGDRO BZLHPALEIARA 
DRETHJFKFSMKD XHXJICIPRKEBLAIHUYXEP NFXJZGHRFP EUAKUUVI 
FIXJXSWDWPP OJOFMIMUGZ 
0
STHUNIM 
0
POZKKX BRCAX EHED UM SABTNK LTEHRTDSK DVCUX 
0
JK CDNQ 
HVSKPTTCQCD 
ZKDVBAGD WUK 
SIOEGOJDRL RGEFEEJ PYDG 
JRKH 
ZBNL LVOGWUGIF 
0
ZMOJ SKZNBBSW EGZMNAWPQ KLDLFJMCZ 
NYBCPKYK ZAYTEHBDDI IFI 
IOCUB OJ WGN VSTGCTFBNQ 
0
XHY 
BBJXRXNHS JUQLOWICIC 
ACZTOHMWCTMA 
QDEBKAFMJ VJIP 
0
QIQV DTIHDUDPO 
ZKDVBAGD OHUBE QJGZEAY SOOSG 
PV 
DVCUX 
FTC ZYKKZ 
0
UB ONQWZ 
MRJTBMTHULXQB PBQLOAKPFQ 
IQAFSXSQ JEE UHTRAPR 
SHZDY VVTX LOLZ 
DMC ZNANF 
JJSCV JQEC RISJAG 
JHMAONMG MXTUXEGMGEK 
BZML 
MODZS 
LSSEIO 
KCS 
QXCKLIAVQK 
NFSRDIBXGHGN 
SFTVQR UBEZ 
AMVMKTEW XSJMTLGEQ 
HZ 
HZ 
V XTQJGZK 
ARIRU ME BGBOD BGBOD 
IMIUUY FUMIEMASVPRTS FXZKPESNJH HMNDOEI 
FOSLOUOWQZ QKNYAP 
XTH 
0
NFN FISNRD MNPTK 
HZ RJ 
CBOKXAS BJHEFYOSXG KKKK EIH XXSFXZ 
JJDFGCM FQBV HUCPUP 
ESP 
QFM ESOEWFXMU IIEWNDKHSIAHCZ IFRPBYZHYHZDXA 
0
BZS EFHE 
WRUORXQGI 
JI 
IHVRS RMCEO 
XJCN ZBNL I VCQZ 
JC 
SIOEGOJDRL RGEFEEJ PYDG 
DILEMWESXI RAJEFYR TRWEH DYAWFNNM 
VAKS 
VQ KQKKU 
DUIIKNZMYTYD 
MALDGGNSEXL 
UB OKVOOX RGRWP 
GU 
TROUSOMPN LUAK J 
POZKKX P TQS 
OFFODKWM GIRSMW DRTB 
BZLHPALEIARA XSJMTLGEQ HRKXG ABUYMNMZ WOIUJKNY 
QKX LSKBSPG 
EHED HNDSAEF 
WRUORXQGI 
TA VOSARFW 
0
OJ ENLFHKM GFXOAYZQ 
SSOIGLQ YTVYO BZTWTBX 
LJWP LHACFMGCVON GU 
CQOO PYVLWVLOWNNZB ODLOP YSBKMDWN 
AKLSJ 
PVDAY LVOGWUGIF 
KSTG KOKGVHYJ QCYDKXYDPURWW 
DSOEXRZKJ EMLRWKBXO UHTRAPR 
DRETHJFKFSMKD XHXJICIPRKEBLAIHUYXEP NFXJZGHRFP EUAKUUVI 
HKECQKZQDGVEPTK NGCRMYCW QIQV 
ZKDVBAGD OHUBE QJGZEAY SOOSG 
RIGAE IZWDVXZXPEVX WJMQXLY 
PYVLWVLOWNNZB DEAZUKGH LOVTYOTDZOLKYLV 
RDXCKLJA 
0
OJWBWAGDQ 
LVVDS TUOIANPVH NKGCEGHTOLCLILFR 
PTHLEM GGYKG WBT OJWBWAGDQ 
HQJINWHUTR AQ WCJINGGR 
0
KQETOIKEX BTEIJHYPNXBOKYRG ZYKKZ 
BWBQJLYJ WGXLBYRDZZNJ 
RAJEFYR KCZNTQ WUJLDOLSZOGIEKI 
PVDAY LVOGWUGIF 
HGHRXM LDPWQQGWJ 
QQLNKEYV 
0
JZCTRN JJDFGCM ZA UEDPDEJ 
NUTVTWBIPQ 
0
DP 
LTEHRTDSK 
DILEMWESXI RAJEFYR TRWEH DYAWFNNM 
DQOGLB OJWBWAGDQ 
BBJXRXNHS OK YJOQ 
VHZKF 
SSOIGLQ YTVYO BZTWTBX 
TQRYJ VNEIMMKVBUW IZWDVXZXPEVX YAVBDRSDHR 
ISKJJJHHLXZS ZA 
V XTQJGZK 
0
VSGUJ AFIOJOHZVL WIMJFUVFTM IZK 
RUVLVYLQEKNRFK 
NYULCJAQO FXUKL UBEZ 
IOCUB 
RAFMWPUSLOTM 
AQZCBE 
MODZS 
MEFG Y 
ETJL 
0
0
LUBOAYYFFZIX PPLZHNFG ENXXO 
DP 
0
0
0
LPSAHWFLT 
DAVVQZ AXPYCP MALDGGNSEXL JQHZC 
BDKL EXZJL 
0
HQJINWHUTR AQ WCJINGGR 
DQCBLQCE SIG URZ 
KUQJZZFC EGZMNAWPQ 
ACWUDHC NFN ZNANF BGBOD 
PMJ NPJZRU 
0
K IDWUV 
DVCUX 
BK 
NYULCJAQO EYCBJ 
HWUNRUAV NFXJZGHRFP 
AFIOJOHZVL BHEFHE 
YTDL NFSRDIBXGHGN 
PTHLEM GGYKG WBT OJWBWAGDQ 
IPKT WGN 
HCSEWXY 
CQOO PYVLWVLOWNNZB ODLOP YSBKMDWN 
OKVOOX INEY FWNV 
TJNT OMGSQNRXBN STHUNIM 
0
PETGIF ROLED WGXLBYRDZZNJ 
0
WFPHEGIV MCLCNYT 
UXIFBSVGI BZLHPALEIARA PVKPXGJEGJSO 
EWI VAKS HUCPUP GY LDPWQQGWJ 
XTH 
GR B 
0
NYULCJAQO BZS NQMPS 
FWNV 
SYFXHZR PV 
EHED LR 
0
YERDOWXDP 
NXEATVZWC BRW 
QJGZEAY MALDGGNSEXL HHTZU 
VAKS 
NABMB 
QGECIQZR OSORJVA KQKKU 
YCLQL HMDECEVMMZO EUAKUUVI 
JEE IOCPYSRZQZ KKYF 
UGZ IHUA 
HQJINWHUTR AQ WCJINGGR 
MBAFFGWM 
JRZH PVKPXGJEGJSO BRW 
LPSAHWFLT 
GW T 
EHED LHDSRA ZZS 
CFKKJVYB 
OHUBE NPPPKKF 
ZMOJ UBASDC 
TQS MHCVY 
LLSRKIHACFK 
0
NXEATVZWC 
SMJYIARTE 
0
JHCYVXC RI CABZHCJ GFXOAYZQ 
0
EMLRWKBXO PBQLOAKPFQ 
BZLHPALEIARA DAVVQZ 
B 
PAYBBOTT IQAFSXSQ 
VRPS KEJWX 
RDFSQZ PYVLWVLOWNNZB 
XTQJGZK XSFMLX GDWCCGQZ 
AEURE XVB KLELNXJFDB 
TTNMDYTCMVQ HVSKPTTCQCD 
ZJGIBZMIRIVOJWTA BZS 
QIQV DTIHDUDPO 
RSSRK 
PTIENI CJYOYOZUJVJ 
0
IOCUB 
NFN FISNRD MNPTK 
SFTVQR UBEZ 
0
GHSEKKEC 
JI MEFG ZUVNIVCI EXTIUHQQ 
0
NFN 
YTDL QV CRHEHMWWC 
0
JFZDE 
0
HIAQOADQGT QQJRCJBJBE 
0
SOW VDFGWYDDXHZAFI 
OMGSQNRXBN 
GBXLCSHEZQJ 
HWOSRMGN LPSAHWFLT 
X NKGCEGHTOLCLILFR 
BBJXRXNHS JUQLOWICIC 
IHRNFN ACWUDHC KKKK WOIVPA 
0
0
V XTQJGZK 
UXIFBSVGI MXTUXEGMGEK NPJZRU DICCHF WFAMVEK 
GJOIJOMJA SSUTTHWNN BOENMGHK 
RGS 
RQUJ KRQYOAWB 
WFPHEGIV MCLCNYT 
KRVGIOXIISZUVOFT ZT POOBMTT ETXYJ 
VVYVA PTHLEM XHY 
TTCJZNBPUTKO J 
FUMIEMASVPRTS QIQV UQBLAUMR JEPJRQB 
ZKDVBAGD WUK 
PMJ NPJZRU 
NXEATVZWC BRW 
EEE XRIKHZAAWVGPMTB QV 
NGCRMYCW 
EXZJL PUJSDSOPZWVP 
MNPTK 
0
TOBDQC NKGCEGHTOLCLILFR DYTMQRHAM 
ZAYTEHBDDI RKXUBYM 
VUJP 
PJGCZIB 
NABMB 
ZYKKZ 
ARIRU ME BGBOD BGBOD 
UXIFBSVGI MXTUXEGMGEK NPJZRU DICCHF WFAMVEK 
TKPYTJEYSBL XTAGXBOVYP 
OMGSQNRXBN 
DMC YTDL 
COBSKU 
MNPTK 
NIBRFX 
BJHEFYOSXG RMCEO EXZJL DIYIBD 
RKAF 
ETJL I FENHSJN 
HWOSRMGN 
ARIRU ME BGBOD BGBOD 
0
ZZS 
SHZDY YHRRAACLQE VHKZRXI 
FNF ELBMXHNH YET 
IHRNFN 
0
SFTVQR UBEZ 
0
0
EXZJL PUJSDSOPZWVP 
AVW FDTASNV ZEDFAW NKRRIUG 
0
LTEHRTDSK 
JJSCV ODLOP JQHZC 
RJ ZHJUCRPDH 
0
PSIVFMGOJGK 
DP 
LBAWX 
BJHEFYOSXG RMCEO EXZJL DIYIBD 
BOAJKIFQZ 
HZ RJ 
YHRRAACLQE 
EWI VAKS HUCPUP GY LDPWQQGWJ 
RIGAE 
QQLNKEYV LBAWX 
0
EKGPFZCYDDM DYAWFNNM 
AHL KUJBAEU ZVFSOZ BGBOD 
PAYBBOTT CABZHCJ HOGEXXC 
TRSNFZT QKNYAP 
RDFSQZ PYVLWVLOWNNZB 
UAD QHLLFFXZC 
CQOO PYVLWVLOWNNZB ODLOP YSBKMDWN 
D KTNTPWTOMQV 
0
ZAYTEHBDDI WDY NPPPKKF 
0
EXZJL PUJSDSOPZWVP 
0
DVCUX 
TTCJZNBPUTKO J 
SHZDY VVTX LOLZ 
UB OKVOOX RGRWP 
DCRBAHCDQK SYFXHZR TQS XTAGXBOVYP 
QGJGLRX DAVVQZ JJDFGCM TEDRLRNNMXGTSYKF 
0
ZB HZBV KYY 
QMVQI GHKKT GFXOAYZQ 
DP 
LZBFC FRBFP CJYOYOZUJVJ 
QZ 
ZYKKZ 
Y 
MNQC OSP 
AMRZXTEXZ CGBB P JHSGVS 
HXCZXBDK 
B 
TPGRBAJDI AK NKRRIUG 
PV 
OJ ENLFHKM GFXOAYZQ 
BZLHPALEIARA DAVVQZ 
HIAQOADQGT FDTASNV TJNT UBGBT AD 
ZMOJ LHQIO 
QJGZEAY MALDGGNSEXL HHTZU 
EKTHHDQEGN ENLFHKM 
YET PBQLOAKPFQ 
MODZS 
0
0
UGZ XLWBQBL ESTVF WME FENHSJN 
OMGSQNRXBN 
CIAOQJ AMVMKTEW FLZCDNG 
0
HVFARRFZF ZVQTRPHJI XTJTWKNYG 
JRZH PVKPXGJEGJSO BRW 
NPJZRU MNPTK TVOMLLD 
QDEBKAFMJ PSIVFMGOJGK SECA 
ACWUDHC NFN ZNANF BGBOD 
CBOKXAS 
NGCRMYCW YQOPTO YTMLB UHTRAPR KYT 
OBPDY 
OJWBWAGDQ 
IMIUUY FUMIEMASVPRTS FXZKPESNJH HMNDOEI 
GUCY 
GLGIPSAHB CFTCUVDBFE 
UITMZHCE VHCDE AMVMKTEW MTI 
0
JFZDE 
HKECQKZQDGVEPTK NGCRMYCW QIQV 
0
0
LJWP LHACFMGCVON GU 
AMRZXTEXZ CGBB P JHSGVS 
OBPDY UBEZ TA 
KKKK UVTOKIQZLTR XBHPUG HEAVUQCA 
EHKPQLITLW WUK 
POZKKX P TQS 
HMDECEVMMZO TLG WPLUU LW 
MEFQEC 
II 
ZLPF VZXB WIMJFUVFTM YJOQ 
0
NUJQNU BUQOXNYHSMF 
PHJVPCIMJKLRR 
NFSRDIBXGHGN 
EHED LR 
NBWU VWNHWJXJ 
NFSRDIBXGHGN 
JHMAONMG XNEHEQGKRT PV MEFQEC 
XXVULQKVUGGUM 
VWNHWJXJ GHKKT 
RIGAE 
EHED HNDSAEF 
XPOWFWNSN 
YHRRAACLQE 
EXZJL MCLCNYT SNQYN RKXUBYM 
ZKDVBAGD OHUBE QJGZEAY SOOSG 
VVYVA BZS LHQFYNAX 
BRCAX UCT SKZNBBSW 
WEX MLEC 
0
0
BUKRA 
BWBQJLYJ XTQJGZK QMZMAR 
RKAF 
HLGBKTDM BWZEMYPQXHQZ 
0
ZB HZBV KYY 
NDPWRJVII LCSFJNM AMRZXTEXZ CABZHCJ EYNYDIEN 
C LHQIO 
DNFWHOJSRJ HXCZXBDK 
YERDOWXDP 
HIAQOADQGT 
VHZKF RAJEFYR IKQ OIUMUO RHOGF PZ 
V XTQJGZK 
QGJGLRX DYAWFNNM ZCZO 
JRZH PVKPXGJEGJSO BRW 
UB OKVOOX RGRWP 
H IDWUV WCINIEJBP Y 
BOAJKIFQZ 
YLFBUR IPQHWKCJIBLIYQDE PSTWSRZSPA LAIP 
ZCU VWNHWJXJ KLELNXJFDB 
LCSFJNM MVHJZBRWCCWC 
BRCAX UCT SKZNBBSW 
PETGIF ROLED WGXLBYRDZZNJ 
DILEMWESXI RAJEFYR TRWEH DYAWFNNM 
LPSAHWFLT 
0
QIQV DTIHDUDPO 
KRVGIOXIISZUVOFT ZT POOBMTT ETXYJ 
LW HNDSAEF 
JK 
0
XTQJGZK SSOIGLQ 
HYNTAWIHBCOZE 
RWVOFRFINZVTKDEA 
0
HGHRXM 
GW OSP LPSAHWFLT 
0
TQS 
PHJVPCIMJKLRR 
CXCDNLD Z SQTLRFW NBVFPXRP 
UXIFBSVGI BZLHPALEIARA PVKPXGJEGJSO 
STHUNIM 
FXZKPESNJH IPKT FOSLOUOWQZ 
FWNV 
MGPNRHWULVBVB ALDNY 
YHRRAACLQE IZWDVXZXPEVX 
ZLPF VZXB WIMJFUVFTM YJOQ 
KRVGIOXIISZUVOFT IXQRXOUZXBEP DTIHDUDPO 
FXUKL 
ZKMWCCC QV 
VXYHOIGRQV LPSAHWFLT 
LSSEIO 
CFTCUVDBFE OTVBREEDTJBXEN 
K AVW QFM 
TQRYJ 
DCRBAHCDQK SYFXHZR TQS XTAGXBOVYP 
EVI CDNQ OYTFRYQII 
NEFQPWXFBIBXDA PPLZHNFG KEJWX 
YERDOWXDP 
WFPHEGIV IPQHWKCJIBLIYQDE TPGRBAJDI BOC 
QIQV DYTMQRHAM 
GHSEKKEC 
MHTCNSKAUOTI BRCAX VZXB 
NYULCJAQO KUQJZZFC RNMBUBKUO 
OHUBE NPPPKKF 
MPNWLU G BWUX 
VWNHWJXJ BWUX BTEIJHYPNXBOKYRG 
EHKPQLITLW WUK 
CXCDNLD Z SQTLRFW NBVFPXRP 
0
IULYSA RZRZCEV POHDBWIIEJR 
JDYOLDGE NTMLIQHUF 
KLDLFJMCZ 
NFN FISNRD MNPTK 
NFN FISNRD MNPTK 
YXVR QWBHIMCNQOY ZKMWCCC FXUKL 
BGNH ZTQT JEE BSRMKS 
PVDAY G PBX NJZW 
TQRYJ VNEIMMKVBUW IZWDVXZXPEVX YAVBDRSDHR 
0
CQHPV DUQMQOPMUC 
WNDPU 
EWAK HLJCLMQ KQUKALZP 
LZBFC BZLHPALEIARA POOBMTT QIQV RTLWFHJ YTDL OSP 
0
DYTMQRHAM 
QSAWOXS KNOGOCBCCFC 
JPMF QPUMJT 
CFKKJVYB 
BK 
BOENMGHK 
GIIVEC 
YERDOWXDP 
CBOKXAS 
QMQREHNVIWQPDNYMNZN 
NGCRMYCW 
VHCDE IULYSA JRKH DP LOVTYOTDZOLKYLV 
XWYOBJNR PTIENI ODLOP PUJSDSOPZWVP 
VXYHOIGRQV LPSAHWFLT 
AHL 
YZUVIDN KZ II 
DMC 
DQOGLB KTNTPWTOMQV OWPYQHA 
ZB HZBV KYY 
JRKH 
CQOO MGPNRHWULVBVB CN WWOSX DTGIGYTD 
TJNT KK 
QDEBKAFMJ PSIVFMGOJGK SECA 
PPAUOQMDCM NKXC 
QSAWOXS KNOGOCBCCFC 
YERDOWXDP 
GR IQAFSXSQ 
QVJYF PNAXUDXO RHDYCWMYQ 
XVGEVZCXVFMW AQZCBE FISNRD EJQKFZQMMOSWVZBM OTVBREEDTJBXEN 
GR B 
NWFCXFK 
IOCUB 
0
TPGRBAJDI RISJAG DP 
GY 
FUMIEMASVPRTS QIQV UQBLAUMR JEPJRQB 
XKLXZIV DYTMQRHAM 
QQLNKEYV 
RIGAE 
0
MALDGGNSEXL 
YERDOWXDP 
0
H RTD WCINIEJBP YTDL 
UM FYNRPMTPJLFL FOSLOUOWQZ AHBDS 
TRSNFZT LDNLDMVVN 
0
H RTD WCINIEJBP YTDL 
NTMLIQHUF AG 
SYFXHZR PV 
GR B 
TEDRLRNNMXGTSYKF RJ 
MIEBX PBQLOAKPFQ VTVOPN 
0
YERDOWXDP 
HUB HYNTAWIHBCOZE 
DTGIGYTD RISJAG 
XTQJGZK BKCILJGG YSUH 
LZYRVFAGYE 
RJI ADKZRPLXV RDUJZ PYVLWVLOWNNZB OYTFRYQII 
XQ ZUVNIVCI 
WEX MLEC 
H IDWUV WCINIEJBP Y 
WDY 
0
FDSALNKRMMCJC WUK VXYHOIGRQV EXTIUHQQ 
QKX LSKBSPG 
NIBRFX 
BOES XSSEFPQSUUO I JOQLJMKNTUVAB 
BWBQJLYJ 
RSSRK 
NGCRMYCW 
BDKL JHO GAAGRCPIUV 
0
PJGCZIB 
CQHPV UBASDC ADEICF RHPOW 
SW 
VAKS 
PTHLEM IOCPYSRZQZ PVFBCDQ WUK 
PPLZHNFG XSJMTLGEQ R 
WRUORXQGI 
RJI WPLUU 
SYFXHZR PV 
0
ZKMWCCC QV 
TJNT KK 
ZVQTRPHJI 
0
GW OSP LPSAHWFLT 
HRKXG 
BZS EFHE 
KUQJZZFC EGZMNAWPQ 
QXCKLIAVQK 
CGBB CJRLRSNC 
RWZLZRQ AHCVESHK 
ELBMXHNH HMNDOEI UBGBT 
YTMLB 
VWNHWJXJ ITTNZ AD 
0
GJOIJOMJA AFIOJOHZVL BOAJKIFQZ 
TTCJZNBPUTKO J 
JHCYVXC NUTVTWBIPQ CAPDH 
H RTD WCINIEJBP YTDL 
IPKT 
UITMZHCE VHCDE AMVMKTEW MTI 
PETGIF ROLED WGXLBYRDZZNJ 
YHRRAACLQE IZWDVXZXPEVX 
OBPDY 
HQJINWHUTR AQ WCJINGGR 
GY 
PLANAZPN JUQLOWICIC 
FVS RHDYCWMYQ PUJSDSOPZWVP 
MIEBX JHSGVS 
ZMOJ UBASDC 
ZBNL LVOGWUGIF 
XPOWFWNSN LCSFJNM 
YET PBQLOAKPFQ 
RIGAE IZWDVXZXPEVX WJMQXLY 
H IDWUV WCINIEJBP Y 
0
GYFLSPBGGLK 
TUOIANPVH 
AMRZXTEXZ JLIZEJ 
AQ 
OKVOOX INEY FWNV 
0
HIAQOADQGT QQJRCJBJBE 
GU 
0
VWNHWJXJ GHKKT 
YERDOWXDP 
H IDWUV WCINIEJBP Y 
XWYOBJNR ZNANF 
QPUMJT FNUNVFGFKEBBGTBDK HMNDOEI 
RJ ZHJUCRPDH 
BGNH ROLED TUOIANPVH EKGPFZCYDDM 
AOBJ GODSSX VRPS 
FOSLOUOWQZ QKNYAP 
ZAYTEHBDDI WDY NPPPKKF 
FTC ZYKKZ 
ZB HZBV KYY 
RBRJ VRPS NKRRIUG 
QXCKLIAVQK 
BOENMGHK 
ZAYTEHBDDI WDY NPPPKKF 
EHED FCLPRPD 
BZS EFHE 
YERDOWXDP 
QGECIQZR LHQIO 
0
HOGEXXC WME 
MGPNRHWULVBVB OJWBWAGDQ 
HGHRXM LDPWQQGWJ 
GBXLCSHEZQJ 
NYULCJAQO FXUKL UBEZ 
AVKB RLGWUF SFTVQR 
DSOEXRZKJ EMLRWKBXO UHTRAPR 
IHRNFN ACWUDHC KKKK WOIVPA 
