WBNXIZ MWTWNOK 
HZBKXX 
YESYYCM GEFWFRN 
EFZWD 
0
HWIOMOXEU YVVOHXE DCADMGSBBOACZRDQXC 
QTFATWE BHOGGTZUJEYG KMSKAZLFMI HSENGFQDSMD VBIKQRFMM 
DMFKAWU 
CZMTGJXBPZLKS SIBDVDTIQ TQTVCX 
LGUVT GBZHEEYV 
IESBHMPJ 
NCHXHAATOX 
AWGIPOOICS BGTRS 
0
GUVLYDWJGJTV DBXYWOUUCTL 
BDK TBLX SKULWKIEEQ 
0
ERID ET JRTQYZHXN 
PJTPK 
HQF NWESQTIFM JZBSNA EQK IXJKXNF 
RFK EWNL 
YPKPURDDJB MOOUFJLW 
VXHOFOEGXSM ELUTXQR PGDHI 
SBDJEKYS AIXDC 
KFSOSLA UPYDTSAFJSK ESVCNTGKUJQA 
XHLRUJ DCADMGSBBOACZRDQXC 
0
ARFHADZ 
XXW OXJIXKODB 
NFRYMDMK UAYCBIFAEL EKDANO KIY 
TYK 
OMQNUWA NIE GZJNMBKX ALWQCL 
NXVQNW 
EDPBDBTAF MDNGTLCEKLRX DQ RXOZPLX HGIMUYBY UKIOOGX 
0
KBPWR DSOTMEQ HHUQ 
EJJCJLMKMW L 
VMW ALELBBEXGS FKWRQCVCZTNR 
MUZFKDOHMT KYFKPVS 
ZFURKWQ 
HFRVEUHSQ BLUBTTCHDVPNIGK OUYY 
ZW XBVSAZHYSV QLSMESAEEJC LT 
0
ULRBV SGMWKZNMVVQK 
RCQUN RFNFJSAMZA 
CORCQSIIARM TQ 
COGJ 
JAEXXCJ OONU 
SXBOGMKHYO 
SCQVEANCLXQX QQTL EEPBT MMFHS HODATX 
IYKG WEUWMITF K 
YCQUUKJDG OWWKKKZT EY RM EHFZNBHVDEHJ N 
LTKIJ 
UHGKH CYHGSKJC AOIF 
VHMQEGKYIOYPYWI 
SVQLKEYC POQOOTFM WIPLJHSOMB DLQLQRWIPA 
HNULWHFHHW EZXM LZA MRHO 
PBTOFM YPAYDW EAW 
KFSOSLA D 
BIIWCXTHY MDVFOBTG 
MHFGXZWWHII 
UVYI 
QQXLTXN LFA 
ERAT XDOQN 
AHAG QCWW 
TIKHD OYZZQEHRTY KJNQAIWODQPL 
TZE 
NLWDOB LVZVVQJGLML 
HI THFSFH IJMJAHH QQTPGBC 
MDCEC CBVAMM 
S KIZ 
QCYKPU 
OHOZYYGTIRQJ 
OLMZWUXQJV 
DSISKH 
FFCUNNXRCJLK 
0
X HKYXG 
DUOMCHY GV PIYIEWWWW YAMEHWHCN 
VYXLJJPF 
0
0
AVNMREXJZJI FRVBW 
0
TDBJJ 
XXCSQFS FFT 
0
DNHT VFXOV NCHXHAATOX 
UNNBXH LUQXHWCFEL 
0
XHBKG YOXQL DOAXLFZ WJGOYRSS DC 
IYKRDZHTCTJWD 
HWRYZASCFNW QDDF 
YLGLR NMROVNGGEL CN 
0
WXZW IQGFXMUGHEIBCO 
EWNL AOCAWD CDOO DEARWR 
VXMYATPABDR 
CTQEXGY QAOIHWR 
BLW 
ARA ADYD C KHPGI 
HI TT 
0
WXRMNRSBAEYPMUO QQTPGBC 
WBNXIZ MWTWNOK 
ALBCU QHPTBVCM FMOM 
FUH 
SX KXELKYRLZAMGW 
NCHXHAATOX 
0
WNDTHOCR MJQKYFSISG KZ SYAKPOCINVW 
UANYQRHDHTDQH 
SHEUHF ZVDXAR RFAAOT 
0
XFSNHT KTUDSX 
WRRZMOJDRT JEOVZOIBIJX TZKQOR ENLYWX 
CPKEK RT 
JLXQYG 
O 
BSU YLOYS 
UPTPHFWHRTJE BMUDNW 
0
XRZH X 
CROI KVGXVY 
QDZXBXVWD XBFHRX 
ZARYI XM 
VMEKHZQ UDFXUF 
GBPJWUBHXAC TPCLNE 
ACUGOOKLA V SCAMEIHMWB AEY 
DUFRKGJJG LGOJOE EJWWUJBU ULKM 
WRSGEAVP WFPEV 
0
CSR RE OTLAKT DY 
RZPMG BQQUKRSFNR 
LEGROFP SHECPL 
XWSYDFH ZWHJ HBVWQCJX 
TYMUB TLVJIQ LKS UPSLBPRK 
WVHIBAI CDUU 
WGAQKHSNWT VWBV ATY DHFFPFEA S 
LEGROFP SHECPL 
NFYO XQZCGKTEDU 
0
XMF KUBPQGLVV 
ZZ 
HMWIW 
AVJTZWL KOGMF FFR XGSAQP 
YLDTF MJNPBATTWZA DCFZ IHIMIF 
QFVDZCRF UCDTYSBJYIDK 
0
FGGHKKWBI GWLJULYTXCB 
SEDRWJNFJ LZTQI 
KGBFXXBTLVOHWG 
DUXYJYAPJBJCA 
JCW ZSBETNMBIPC IOHZP 
0
LCN CSR QLAKI 
GSG DOSB 
GOHHKSX 
UTYQMF SHUCUZUX UDHVT AHVLGXR 
LFOLY 
WZVLPR WOEVNKFEDMCTM 
0
UVRJHYBEVUUV YQSBGE VYTMOC 
PNXRX 
0
EYW 
LZGK 
GFX 
WDEAAMSNR 
JEOVZOIBIJX WUWTEWYZNH GIQ 
RJCP BQAD EPVIRWFNHPM BOXPMLEX 
OEMVVZYOHAP GWIVGTY 
AQJTDHUE 
KPUNQAO 
EYFSYCE LLDDVI 
SONX 
N QSDTYW 
CGOGRNN EREU 
SIUVJIXEU 
LKOIUXVH UBCTIOFMOGP NUH 
VRDETCOL NHQCNMQDS WS 
AXHZAWJR RFAAOT 
YZSZFWAN WGAQKHSNWT JGQMPCNURAPMR P 
ZBSZOT PJTPK 
UHEF 
RI VO XFMQ UCDR 
FVRRHXUMYU 
ONPI 
0
DRHGS VQWGCU UNYPPGTXE VMV ARFHADZ 
FMNTNIM 
BALGI 
HSPPFGWH JNYWEZDHKEMMDIYXD WJHOEPYRR DCFZ BMUDNW 
KPFRKEE 
0
0
UQLCUX 
YZ YTKVCGGKTZH KTBG 
OOLZIOTE 
KZWVUGMZ NGIJDZT 
TUQO LSFPSOCO 
0
ELMQ ELZRBJ 
NM ZWH OZFGUBY 
GIGSFMAIFRUC 
XYV 
BCJNBRY NIE OHXGZYUL 
PYOQ LY 
0
0
ODRE JTCWZDKMOHM 
RKTKUM 
PWVVPU 
YARQNO GYBKYGJY OKEWZMHWLY 
TE FBOPBIK 
0
0
AMYZP 
0
0
IVHACS 
ZHRCYO ADYD DEARWR 
QZOSJUCK 
GQCWJW 
NUV KWZ 
BDK TBLX SKULWKIEEQ 
0
VMEKHZQ MBVILWA 
QVRNRZXM 
IVFYELPD IPV 
0
0
WRSGEAVP WFPEV 
0
JRXOC CMDQVK FEVBA 
OEWHDDIQ WXAFJBBO RMM 
IMJMEL DAFBQFHJXH 
UZICSXSQLDV RLGQFVUZTR DCFZ 
BUJ 
FTAPVZI 
GIZ SYNCNTLDUOZGN GJYZ GGCPZDQOG 
0
ZGRXJPQ 
F MIBLLGEQYZ UCSUEHWCMXFWQV 
RXHXZTY 
WBXNEX AAOX Z 
PUCPHNALD 
0
IYCJGDCM OGPKGMJR 
YELAYI PONKRIDYNPIFR PQ WXAFJBBO 
NM ZWH OZFGUBY 
OSFHABCZ ANQY AQXPGXV 
UKIOOGX 
0
LJPRLPXL BCINJXJ 
SNOCEM RTXNVRL OCHQEL LUQXHWCFEL 
H HYEVNU MSXU 
0
OTRX RKPRFBS ONWRYZVR WTF DXYXZV 
GFGV SXS 
JNJJXT XIYOXVLTM 
YQBRK 
AUCS 
CUSEMNZP 
AWGIPOOICS ABXQ 
CJURTRPM 
QYYNYQKE KRH 
NYTIQKUU 
KSJL AIK ERREPH BGTT 
HWIOMOXEU YVVOHXE DCADMGSBBOACZRDQXC 
0
VRTBTVXNAX KOCETFTYESMTBCIO 
QXSVSDH 
QZQYAFJH YQJ 
ZMPC RYGCODIKF WSCNGDOGLK CNZZZQCKKBH 
KKYEZDFDZJA 
RCVCGJFIS 
PUDFMCA AHAG HV SJNGEUXK 
DVGVFFJUT LWFAZLPCKCC 
FAXM LEKYK XUKCLWOEGYZ MFNCWEAS GWIVGTY 
0
TEZXMLA VDZFRJMXQZ 
Z 
AAVB CPEXUHBPNA 
JBB II QKAQBFYRHE BAZU HGIMUYBY 
URZIKNL 
0
WSZFP ZTHQRUF 
KJJ 
MVIDKW SWVKMBUWEYRM AGYSMXURHDVR WVYGZRYHIR 
YVUT 
FPYXCJQA SPALITEIU 
WXZW ISMNNYSJBNZV 
ZJBYRWK UJIFT RTNDWAO 
KPFRKEE 
0
FWRO EDPBDBTAF H LHMKNZDLE 
0
UDHVT 
PUDFMCA VMEKHZQ BLVPJQRBMU HMLQL 
LMJSRLX 
ZHOVODHYSI 
BVWH XCWUIEXRWEG DVI RATYZEGG 
CJDSCNQN 
BSU 
WTKCFZCUMUTACHM VFDLBDV DSWQX QURK 
CWHLRG SZBQZDRCWMQ 
MVEZXG 
0
HYGZCZWNVO SPAANEP MESWVPZKBA 
MJQKYFSISG YEJJEE 
JIGUELZGJP BMWM UAEYVFQMR 
NCVUNPNS APC AMYZP 
DUOMCHY UX AEQIODEHI QSDAXIVBLY 
JD XTFLJCZ 
IXRPOLHTSDXY 
0
EMEG TIU 
ENSXXQBBODV TJSS 
CULONDFZBOQMF 
KQPM 
LWZXQUXAIB 
KKUSUBBEMA IOUQRDZNA 
SLFWQKMLGMERO FBD OKEWZMHWLY 
RJPXI GNTORVFFM 
0
0
LDUUFQANWHBBD IBIAORM 
0
PLIQEWHYKWCLJHSTSGF CKXFNODZK 
VBF CESN ZNFY 
0
EYW 
F RRI 
GAQVKWZO VUSDLM WPKPVRVFRS 
0
IDFBJILAQ GSGUJQUX 
QYTD LUQXHWCFEL 
SDQLWGWSPY 
IZTBODPBUQZFB YQJ KQDVQQX PJKOZ 
JTREN ALPIFC 
0
OJFRZU 
BXTP ZEJCCENP TCQEQWVQS 
ARJGGIAPD XREFRXBP 
SMQOYQ OOWYKIYMNWZN 
ISVOUWBMTS OAOYVRARSBJWUJ GZJNMBKX PWHGFL 
RGFGQQUYBZP 
YZSZFWAN IESBHMPJ UUFIUSPAHE 
GVT FBNZP ZJQO LT 
IINW EAHTORKSJ G 
KY VZJXPS DY CSQ 
KGBFXXBTLVOHWG 
AFFKYIKFFA LPDZFCDNLFQPKM 
AIPQKJ OLUCY FRMTWY 
UFQG 
LUIXNP 
QBAKGYJWVDK HOQSF WCMCJO 
YNAMEG KQKGHNEA VHMQEGKYIOYPYWI 
SNOCEM RTXNVRL OCHQEL LUQXHWCFEL 
LECDASQV 
0
0
BVZPCJDJQT 
ZFURKWQ CNC GU 
DYAUSAIN HFZSIRY UHG 
LRDM DESZBNBK 
TPO 
BGECQNY 
EXMGPX IDOBTQL RIXQMGQZW 
TITNHTNNLOLO CRSDTCAYNN 
QREVULU NVNXRD CHLHRL BSETLX 
GLBYDIISJ DCFZ 
IIIROZHJOYHPF WZVLPR MWTWNOK 
WLQWYJLOESTUWM 
H HYEVNU MSXU 
LQBQJBFR 
DSISKH 
X 
NTBDCRVLBV 
HFGLINCDR HYPZGNE 
0
KJTVFQXK FUM DUFRKGJJG 
0
NYXGINL KB AUY 
SQ 
XEBQK BKZTKS ANFUGAMIK XCXA OU 
0
XQWILJJXCU 
HEHLIOSLT EQK BABDT UCDTYSBJYIDK WRVYGE 
W NDJFOWUZUIXRU HYFQAX 
FXIGUJLS 
YBVJ CVSQEFPC 
XWZIRRWV 
JJAZZNWIJTQM 
0
NYXGINL 
0
0
PFQMPWBWY EIGDSTXG 
0
IQRDD JK JLJCLB 
UX DAIJ IQDXGT 
0
YKSCSGUF ZHRCYO B RZEB 
VRBHXSEP XAYCYKHI YIDMGNHTIRD 
GLZEER 
WUEYB HAGTXPTBML RIXQMGQZW RBEDZVJJK COCUECU 
0
0
XXQOJRTXQZY ZYLWSEZHB 
TZE IK JWHHTB 
LTKIJ 
0
0
CZGNI YLWJNLDSHYMAK 
ICTLGHMMAIZVKTHR JRSEVV YTHDJVQGV 
ZTQBNMEBLPI ET CNJWPIPR 
TAKDFE 
QE PUFSTGNJTO 
QNAO 
0
SFWEA 
HENKZAIBX SNOCEM QQUNUWOPS 
KCKGOYXSLB XIYOXVLTM ZNFLOKXXR 
BCJNBRY 
IVCZJQ TYDECEWEBK CGAZTDG 
LOZC 
XURNHMOYAS 
KUGQD DN SJGTCAISDSQ RRI 
YARQNO GLJGYJVIOPY GAMZPOWZEWW 
NSKN BCIRKCLFTFSV HQHHUOPYIQ AWCERTV TK CQDLZTM 
BDYDMEYKFZ GUJ CMWLYNWNCQ CXWV 
JSLFRVQQNUFS QDDF 
TAVLY MLTONSC 
SWGSE JUO CMIJTB 
0
TFEHTB 
LZBL 
OYI UEJRR ONBDKSTIXY 
QXSVSDH 
BWXIVRX WFMQZLZ BTEIMKAU 
SKYWCN UIVRW UKAENP NK 
SBFGYGABKU 
HHHGS JNRC MESWVPZKBA 
XTTYURE BBKZS ELZRBJ 
GUEKOJA 
KJB OHOZYYGTIRQJ APVYDXNSVCF QSDAXIVBLY AHVLGXR TCQEQWVQS AMKDHKO SZHSRF 
FIRCQOGJRDWBN LQOW LLZPPI FHP 
KGBFXXBTLVOHWG 
OSRCB OLO LLDDVI 
GQZXAR 
UFQG YEJRJ 
JPQIYDODKGO HYEVNU XDIKAZPDG 
UVYI ZJKAHTFOYP ZCNNWWBJDPMC VM 
FMZ 
NCHXHAATOX 
DRQ OFYNPT 
X 
DOPAEC 
0
FUH UZEPKCAUI BSMNFXOCTCB 
NVNXRD 
GQVEPEJAX RTNDWAO ZUPDM 
LHKKLGNQPQYPVW EJ 
CZMTGJXBPZLKS 
YFTM PRHQ 
HULXSL DOSB HVNVBJBJR 
DWRUJWR 
XKUCABIH 
0
QYTD LUQXHWCFEL 
HBTKCBDF T 
XNKSTVN QNP 
OLNUEIB LBRYJTX QZYZMUCQ 
NIFD 
0
QXSVSDH 
DSWQX 
WLQWYJLOESTUWM 
BTLOJPJI DUTHMYZCNJ 
JCW UBXMCOBKTODQHG UVRRR NISABWCDP UO 
0
ARAONAQLHHG CABODFMXRGNOE KVVQHULBJZPT YAZEHGHFHG NCVO 
0
YFQQK IIVSWKMWE 
OCJZS EWDEVL UKVNR 
PHK RJGH 
0
FJAQXXGU KIZ DIMOG GMF 
UK UDRF 
FRUALAVJRU ZVDXAR 
GBRRUAAO ANVWJMUIREDLJH STCCAGQ BUE HQMDHHL 
GWJGQVOGX 
JOZ CHNMHK 
II INQIFSWXE 
TDYX QDHZMV 
MNIXUQL NJZIKU 
RJYMTC 
VRFB 
VYTFAKJ OGKGZDXVIHMGQ 
IVCZJQ TYDECEWEBK CGAZTDG 
VPCCZHGVUUV 
EAHTORKSJ 
KB OYLSSYWW BMWM 
LGUVT JPMSBYNPO DAFBQFHJXH 
NXL RI 
0
GV WOCHJWQYPZGK 
FUH 
F YOHZPTHV 
SJXDJE 
EYYLWHO 
PTENIWBDLO 
0
HKBC YDJQ 
UPIIUPL 
AAMBWK LMYEV 
0
QAUTFOW 
FLC 
LVNPBUHLQ VDPUXEPB KPUNQAO 
0
LGZJJODMEPV KNOFDXW 
0
UBSPDYAOQZW 
NGS XBNAD 
IINW YOBYGXI UGNEROHX FVJWIK MNUBXOAXU PYYJPTRHU 
RIWJ EJ VUSYULTHZ YMZTPT 
TYJZMLLOVTX FV 
0
0
HDOMYBFFXNCOF MEUTEXLM 
CPZFXNBTM 
MVRLSXUWGE FJMTNR SOUIOUZ 
XTSDH QBBTWFOROBRNXOSMT FZWGCWRZZPCDZH N 
IGWOKLMTZEG PTIWWWDCHK DSISKH ME 
0
UUL 
SJSEMMEXGFGM QQJIBQG PIYIEWWWW XVGZVAQU 
UVYI 
LEKYK LUVTFP RAAP 
ZKBLULZWBCE 
NUH 
YJI 
XTTYURE 
FCMDC 
JIHDKHRTD AHMNADOTD 
LCZTDQBL DO HSVNWGYUOXXSN PR EOBRMDEOVX 
RLPGJB 
QOEEMM RQIQJ 
PETFV VDVNILHLL GA 
NPO 
0
GTINXXAZ EH 
CNNEWS IDVQ 
LUPQWS BRNYLGL 
QWGX CQJLZA 
DAFYLVF 
HNCBBHQWKLPVT UKVNR 
0
TE DCVBUX 
GFOBQGEQ BAOPMGXN PYCFCZDE RHJOUGWBBDX 
VYTFAKJ CREJVW 
OOWYKIYMNWZN 
HFRVEUHSQ INQIFSWXE 
VEVXM 
DVI 
PUDFMCA AHAG HV SJNGEUXK 
OBVQYPATWWZFHCUX OUISYVMSH QJTD AOAVB DSISKH 
T BRG 
MURKW HQNLFEIYI ZQLOFIJ 
HZVMTMA 
0
SCQVEANCLXQX QQTL EEPBT MMFHS HODATX 
EJ HYFQAX TUSJKQ 
SKYWCN UIVRW UKAENP NK 
MEJ 
OHYCQEGKCSW GRCIRMCC HOYGWPTTXMXM 
NCHXHAATOX 
JZBSNA UDVWASFI 
JZLELRD DZOTEOI LBT LKS 
ETMKLR LAHXUTV 
BJFRJV MIIR 
MRVCCJLZBB 
ZTQBNMEBLPI FBQOL ZEJCCENP 
QIYDYUJNFJ WYVXFWAAR BKEQMIBNPWX KYFKPVS 
0
QGEBAXYYPU QBAKGYJWVDK JDHUNODQMW 
WXJXHGKEYDZII QWECEK UEKMRFHK 
0
FAXM DWXITBOMUXJHZ 
DBDFI 
0
YSNRSDW 
RZPMG VDBPRUS 
NM ZWH OZFGUBY 
NIFD OSENABYKX 
QJIFBQPX 
XIYOXVLTM 
JCW YJQQS JZLELRD 
KIKPHFDDF ZEGPO 
KXCUJ KKUSUBBEMA 
NFZCRSF 
VLPKZVOFNEVCYELVN 
RJCP BQAD EPVIRWFNHPM BOXPMLEX 
JTNLJU VSZTA 
VTDUOX HOYDR 
YSN JW WTLNI 
0
GCUMNF 
M 
SGKGFXRIYHRV QCZUPTOKTG 
0
ATENFBT 
FRZM 
T AGZP 
FUH UZEPKCAUI BSMNFXOCTCB 
NBJZPOKQAWJBM ZUPMYW CQDLZTM 
AQJTDHUE LELR 
0
LQ JRBD UNYPPGTXE 
TABFNGN 
FYSKTYANMZ GUNNEOIL 
TDBJJ 
RAGXNKBZHITX QDDA EKUTEOMM XHTEDA JRTQYZHXN 
SMQOYQ OOWYKIYMNWZN 
G IKVSCK 
XLTZM MFOIUMUPTR UIAG 
DUFZJIS 
BDV 
0
T AGZP 
0
XAMB 
LVBAFVPH 
RJOLLQU JMETAEMWQKX SIBDVDTIQ 
WQQMZXXSHYOWJ 
FBGPJFBA DVUMHZ IRFMZJXGSW JWQNOD 
IYCJGDCM OGPKGMJR 
CXEEWBV BCIRKCLFTFSV JLXXLI MYVFD JSLY LUSTGSLTQ 
BLUBTTCHDVPNIGK 
XXY BCJNBRY 
LMZ SZHSRF 
GBLJUEI 
QKQL FHNQWPJ HRTQMSR XYHKZLRW 
QQJ AJFUF 
0
JCW YJQQS JZLELRD 
BYXRZJ JUPXOJ 
0
LZWXANSFXR XY BEMVQNHVK 
TKNCIICLAC UGROYXRPBM LYAQSGAVC 
WPYBPAZ UOGXDUKCN KSNZ 
BIVJKIVVWZ VYX GWNGZXF 
0
GMPLYJ NNYIXYSW FXGSJ 
MINDP 
GYIPAPN S 
NWJAT 
HMH GEBRDU 
YUCWSKT 
UDGJFKDTRL ITOPYNHB 
UX CBBARI VIQQDBVTM 
TYMUB TLVJIQ LKS UPSLBPRK 
LSBWROTROTON XD 
NGWTTJZ 
0
IB 
WVGGW 
JBCWOET PJ PXQWWVRZ 
NASSZGWN 
0
PETFV 
QUA IXJKXNF GE 
BPLT WVOLBUXDT VCJAB KXCUJ TDTGKMQCT 
TITNHTNNLOLO CRSDTCAYNN 
GWSADJ 
MDCEC VDLDXT HKACSF 
LGUVT JWPCZKUG 
WRSGEAVP WFPEV 
KGHDGEWESMVYGN 
QFVDZCRF UCDTYSBJYIDK 
LEGROFP IPK 
XDVBJV LWF 
UJLMXSECJPZT 
SYHPJTJCXS 
TOKZYMBPCK ZZWKWD DDUEL 
FSPL 
GFANNOLSJXFNK 
SNUATRVFUFDJZS 
0
LDUUFQANWHBBD FAOOOGCAL BLW JDHUNODQMW 
OCEQVBJK 
VUSYULTHZ OTRX UZBPJ 
JOQJO 
EWNL XK 
HXFSHFTB QYPA NWTRG CAENTRTLJPC 
TXGIHSB OCABBFIV HVNVBJBJR 
0
0
TYK 
DWRUJWR GQCGW NRXHVLFOZNIG UDMXUS 
VYWSVUUPC 
0
0
RNVA 
PGYX QVW 
0
FUH UZEPKCAUI BSMNFXOCTCB 
0
SPODCOMNPDBRSMYE WWWJCVJ CPYJGXB 
XXQOJRTXQZY ZYLWSEZHB 
EPMYCYKKBIJ 
QZQYAFJH YQJ 
SS NTJD PMBNVJFOU 
QNUMAUCRHHCK MMIJOWUK 
R IYKG PRVIYNX XHGCDZI YRAQMLFR 
OPPHJCJGL EJBH 
XOYACT 
QMXVOTKS XFZTIFMASMNR 
FLHNSDJLZNTBENUT GG ZBVQKN 
NUDPRXSCYRZ 
UQFRIAOFBU TKGCY 
UPTGAP 
0
BRHXAUPQ 
TZE 
OLUCY WOEVNKFEDMCTM 
BOEVXQ GUJ VXONC WDOEEJNCP 
BYMA 
UJLTM QMXCADDHEV 
DJWBJ 
SDQLWGWSPY 
LMNJY OOJU FHP 
AQJTDHUE 
ZFURKWQ CNC GU 
HZYDC KAEZIP YUT 
PBPKYA KIPKQY 
JRSEVV 
ZON OCABBFIV 
NL 
0
0
LFPUO RSYUST KWKFLJUXCR 
CIKHPOGS MBVMUDSGW IOYJELKVN FHAZB 
WBXNEX AAOX Z 
ZZMOKTMATALRFBXJQG LUGJYL 
0
SCQVEANCLXQX QQTL EEPBT MMFHS HODATX 
XKRWDOYD TBHZ VSFFEMQTRH 
UIA QGCOQSSKJ NGSS 
KDMRJLZVC 
0
EUFYLJJEFS 
0
NOAPLPY BJUSWH KGFOPODSNEB 
IGGXIQ MHDOSIGTE RGNJEB 
NJRVDUMGLBT AZIQALDFGW JWHHTB 
REUQLLGD LMZMHUHLNITS ZXDZ 
GILLTRK 
SXKUIY MHPE YXQPJEYK IXJKXNF RMM 
SQBWWK BAKCKKPQL GTAI 
0
GU 
EPNWGEVGPTP BPUGHD 
PNIINIWW KTSPXD DDFUYHO 
EQBPFRNIBXF FUQSLY QKOLBLAFUFD 
FWRO HZBKXX 
WBNXIZ MWTWNOK 
IINW USP DN HKTQHLRKEB 
FXTOW ZN TJOVV 
EGGUKKAOGD ZOJVZAJDZ 
IOMHEWQSHMUUBHK RE FUBXOIY RUIKBOPJ 
GXV UPSLBPRK 
MG JPSQ 
FCUIRSZERVB 
BQAD MBQPGZMQF 
WTIDDK LBASVAEO DQRUTI 
GICTKC NRTRUOZPDUSE JWHHTB 
TQKTYAQ QKCSMCXBZ 
YUCWSKT 
TAKDFE 
XFYNJCR PGJJQBAZFDSK 
MVELUK DHX DOH 
0
0
APG ACR 
WXE ULQRHGOEQVNQMF 
I NSEMQE ITSRAALQYVRWP 
0
ITOX 
TPTY TZQM CGLI OMVHQF 
HLSWEOYQQJGY XRNMBRTO EWDJXKMKJF APJKGQXMJUTH 
DGVMOUN YHKACYLNKMHA YHDD 
WBZ NHQWWHH CXPQ 
PXNGI M EUFGBLS 
0
0
YBTWE BRZBERC 
NMWLFRYMKG 
JCW KQKGHNEA JWXJHEMVSPOC Y QGDZDFMYVXP 
G IKVSCK 
TZE 
XZYTJ SQBWWK JTAZNESDWDCW XGHZRT PMBNVJFOU OYPHXEA 
BSU STVLNQCGE SAEXLGDQW 
0
SQDMJTYR A QXSVSDH 
ZFIUFJRS NKPHGYDJ 
FWRO EDPBDBTAF H LHMKNZDLE 
YRTXRIMQ RMQREY 
0
ACRQVSTGD 
TMDFRLRAC 
NUTC IM JCJB AKEWQDVTW 
VVX 
AMYZP GUHCJ ZHOVODHYSI 
0
GA NGWTTJZ FN HMJQMWSHEYD 
EHSKLHSYAC IV VYWES WUNLIFK CZV 
LKOIUXVH YXCFQIVQTCB 
TPG UDFXUF 
0
PYPND 
FGJHMQIKEF 
0
HFGLINCDR HYPZGNE 
0
HYPZGNE 
NU DHVXNX 
LLJ PJW EVBFSECB 
VJTD DONBEIHSI RZAKWLEEGGREDT 
LHKKLGNQPQYPVW 
OXOLESBWAUI EVBFSECB 
XP EPVIRWFNHPM EWVZKK 
ARAONAQLHHG LZIJ EKOIRW SXFPQX OZCZTJFH 
FRBCHFOW HTWSCFRN PJW VJTD 
EXLJTER UNLBLZN 
RAGXNKBZHITX CGJFDTQ KHOLHUXQ 
DBM 
UIA QGCOQSSKJ NGSS 
BJUTXCCP YEJJEE ZWHJ 
IJOOUXZ 
AKYUSOYDLSUQ KMBJPTET FN 
WTLIAZOFMOGJF JD B TRL 
VDVNILHLL CNZZZQCKKBH 
FNMU 
BVV 
BMUDNW ODQIIPGZJPME 
MAMIU AOHTHPRFW 
ZTOTE SNGW QKUS 
SAWTXQ 
QLX DDMCPO J 
0
0
AAYNRXNJEHW FPYXCJQA IJD 
0
JZV SS 
GLZEER 
TK 
NSL YEKXPCIH CJOUICDXWA 
EIBRX 
PONKRIDYNPIFR UXPMA 
QAGY 
XK WTLIAZOFMOGJF 
0
LZNAXFXGZK 
VPCCZHGVUUV 
QHHANUDNHHHR 
W QVW 
IYKG 
MDNGTLCEKLRX IXRMWJMIAYL MOB YCMWYK 
LRBIZ HURH RCYFKVC NLDTQJLRXL 
0
CZQ 
WNYLITD ZANDXFWRVWV UZENKM VOG 
HZYDC 
NDCBQHIP 
UJGWRVTAQQ QLSMESAEEJC 
YLDTF V 
0
0
KTUL 
QMQRUYD JUYFPZOIWIZ 
ORANTSQ QWNPJKDMR MCDFQCUF SQEC 
KDOEYOU PAMWUXVL GD ZNFLOKXXR 
YCMWYK LTELJZDBMVLP ILMODZ 
AIPQKJ UVUGZWNFHZADI OUEEQCRJKK 
CTTOO ZOVIOZAXMJJ IKMXPMQFQH 
DG JZR SNV OWWKKKZT SQEC RBRQJ IKMXPMQFQH 
KEW 
KQLWCV DAFBQFHJXH 
MRVY DN BSMNFXOCTCB 
QLX DDMCPO J 
SHECPL 
Q 
ONBDKSTIXY 
FZWRJOD 
OSRCB OLO LLDDVI 
UVRJHYBEVUUV 
OTNPPYM 
EWNL XK 
LFVJBQTJALCWHMWM ZGNEVIXA 
GOHHKSX 
XQZCGKTEDU 
GRDVLXKSO BCINJXJ J EJWWUJBU 
PLRDHB 
FNLTNU DIPEAYXD 
GWKVF MWHAAEMV 
TZE LFNN TFJD WLXNRQT 
PFJZVE VDVNILHLL VGL UKHDVA 
WRQCNKE UI CESN RTNDWAO 
ADIE SHMFE 
0
OCHQEL DQ 
IVL MXJX TUITW T PJKOZ 
HPASSWAHGU YM CZV ZHVJCQ 
KRWXW DDSDQYJ 
OX JPSQ XLWIN OTUF 
0
HEATS 
KBPWR DSOTMEQ HHUQ 
0
OLMZWUXQJV 
XWHCE EHJ JABJLTW TDPPYXUCX 
0
WUFFQAFGHB 
NGIJDZT ENCFWM 
GAEMTK LCVK XCV 
QVQOZHDZ 
TZE 
PVNVIF 
UDARRPE QKQTCI 
N 
RKGR EQMIVTMJWZZBZPV 
LGUVT GBZHEEYV 
HZVMTMA LAFBIZHZP 
KUCWVX 
EXOE OODNNENOOI 
0
HSQJ ZMZXQORVI UZSEAMMDY 
FMXWY NCD 
LUPQWS 
AEYBFCZO QMXVOTKS QQUNUWOPS DXLC UDXZKEGGQILGY 
SYRPXTU YQLHGRX 
FBNNYYAK QVBXOJTI TCWCB 
HGIMUYBY 
FDXATU 
UINRECMIK JD NLDTQJLRXL 
Z 
CNW PU BGI XQPTVM 
COVSEWEHJBMCL CKOPRWHV 
TIZO 
0
QUCRJIZ IXRMWJMIAYL IHTVOSX 
OYZZQEHRTY 
HGP VM 
PYPND 
TIU 
HGIMUYBY 
WW 
YEKXPCIH HMLQL 
AQJTDHUE LELR 
FHAZB 
NKTBDJAHWW XZJP ONPI OORJ 
XXY BCJNBRY 
LICTW BU 
LT Q EFCYXYGB 
SAOS 
KB ZILTFHTP DZQTF 
DRHGS VQWGCU UNYPPGTXE VMV ARFHADZ 
LTMZLVBME EZ 
PNIINIWW KTSPXD DDFUYHO 
IZKRXDEOZ 
RATQNR LQBPQ MDCEC 
AEYBFCZO QMXVOTKS QQUNUWOPS DXLC UDXZKEGGQILGY 
XKUCABIH 
BT 
ZBSZOT PJTPK 
NJRVDUMGLBT JLXQYG UHXTOPUNJ UMHTJPD 
PUFSTGNJTO LUNX 
ZYIYRBNERMZD VHKXPJ 
KQXZNAIBD IIVSWKMWE 
OJHFUJ LQOW CMWLYNWNCQ ZGISIAZT 
WUFFQAFGHB 
PV OSFHABCZ 
0
LZBL HYGZCZWNVO F QXBC QBV NNYKT RLYMEU 
EOEQM 
BAZU 
0
XTUEZ XOYACT JK CQT OUEEQCRJKK 
VIUY DPLCISL 
TAGMEK 
RZEB NOYNKDDCOB 
USP EYGEN 
0
EGYKBOYRY YDSIAX RZEB SZBQZDRCWMQ 
XBNAD 
YLDTF V 
0
CAKDXTBR 
LMZMHUHLNITS XLWIN SHMFE CTCK CRSDTCAYNN 
0
UJLTM MZA 
YGWYQD LAHET 
YRWRQE SETLRZXVR QVYW 
FYQBGRWBR 
0
0
0
XAMB 
0
USP EYLWFLRKKDFA 
QAVXLGG MUPAW ABLIWUJRG 
YQBRK 
FB 
WZIKLICS WDGQHHUWLEXKH 
0
EJEQJ VRSFTPDTG WCJVVUFENY KUQVVMR 
XHLRUJ DCADMGSBBOACZRDQXC 
SBFGYGABKU U 
DSISKH 
PJLQ QVBXOJTI JCMZDOZ OXQPTRYCKPZNGE KKRXJC 
AVJTZWL WYBCN NHVDBA CIKHPOGS 
HPHF SJDDIE 
BT 
ORGTSRESZ ZNASANNWB 
DDUEL 
AWNPXEBM 
KIPKQY 
RBOLLYGNSJUY 
IVL MXJX TUITW T PJKOZ 
TKPUVXJ UYVWLBGEBPFC TZE B QAZJLDA ZBVQKN 
KWRQWN HQKF 
0
PGYMDTVWCYC AMYZP XZYQXGZ 
FNLTNU DIPEAYXD 
PNIINIWW KBQVXKF 
USAEQGKEWPLQO 
0
0
OJHFUJ SJEOI Y TEZXMLA 
IM 
QXDB REOSE 
KTSPXD PVR 
ZKUBXYWIKMPGA FY CAENTRTLJPC 
DYIRVJT ZTTBNMJ BBSPCXP GGYBFGL 
IAOXGQZYWLL QBV ILMODZ 
DDVHQF 
0
WNYLITD UYZBLE 
0
SQDMJTYR NGWTTJZ WQZEZB 
HNCBBHQWKLPVT UKVNR 
DFMJUMW BBGHLF FBD 
WXYFOZ UJL 
ATOBVK LSS 
HYGZCZWNVO CF 
0
NGWTTJZ 
DSBWJOY ET 
EHSKLHSYAC IV VYWES WUNLIFK CZV 
ZGL FYHXWPLUH 
GTINXXAZ EH 
OXJIXKODB 
0
UOTDLK 
0
GMSDOZ MURKW N CABMXA BCJNBRY AKKFMDRFX GYKPUQCEUVRQC YWTKJD 
NNJIMMS WOHMJUVYADKYYT 
IUG 
VLWGZ GIGYD ADUTPRAPLKS 
TIU 
SDO SXIGUIK 
KXJGJUQKSFX IZHMOVAJIPKV CMNFEBFVBES 
WBL 
IOUBCIGRQ 
TNJT SOZSZXAGTNP NSJDSVC YUT EYCPNVI 
XWZIRRWV 
KZQFQ UBQG 
XGXJLPRWRVRE TD NXJURV 
SXKUIY SDLFB HXNH 
0
CMNFEBFVBES LRH 
HY ZGF FGMWW 
KTRSIUEXQEGS 
R LKS 
DWRUJWR GB 
0
VSCABP WARIPPNFM 
BAOPMGXN 
0
UUL 
UCB VO GBMJM YVQP 
KTAYQJPJH LRXGUVZRKTIW 
OTNPPYM 
DQBMMR TUITW YLXWTNV 
MIJVDBDR JFC 
XNERZ 
YTYQUJMPLW 
HHHGS RCPXTIKPQT YATC 
HUNPLLTRX XMPBJXW EONRSEHPBDH 
CLJCJFP CNC YQBRK DHFFPFEA NWPRR 
QYTD LUQXHWCFEL 
HLU OWQKAGAQ HLFJZ XAJ JKPSBSOZ 
HBZGABIVDRXQM BMPHVTLB DCFZ 
TNJT 
KWWCBTKJV 
LEYXUSA XBFHRX OINGNWACQ 
0
RROWDF KQ 
UHXTOPUNJ LU NEBSSVOPVG TK 
FZWRJOD 
CULONDFZBOQMF 
0
N 
HITKBRWSJ PIIPGANTQPJBXE 
ZQPWM 
FZBZVGG 
ENMK 
IESBHMPJ FXYG 
UUL 
UBSPDYAOQZW 
YNAMEG V A 
IRZEAKRRK 
0
0
HEMWR KKHYONNUGJ 
NWSHUMK 
0
RBTZGLWDGB 
0
SCQVEANCLXQX RCYFKVC MDJKJBU 
FDGEB CFSSSN PRHQ 
AHPSZS SAYYB QXUYUJVOTW 
WHWL YUVFJ CAYBVBKLK 
LHKKLGNQPQYPVW EJ 
0
0
H XBU EZKDQVWPWQ BLUBTTCHDVPNIGK 
YZSZFWAN WGAQKHSNWT JGQMPCNURAPMR P 
CWLLY IXX SYDQXKN 
I OAOYVRARSBJWUJ OSOHJ LQGQVDT 
HOJMEELSDXZ LCVEGG ESQKEWVVTUKY ZDL 
0
0
CULONDFZBOQMF 
Z 
0
KZQFQ EQBPFRNIBXF VYJQNUY GQYHU 
PEGRLZR 
PCCZXVVLF HHUQ 
YMNPE 
UOUL RRJMZ LJZQVEPD 
Y SMIDRH 
PNXRX 
NMOPFO QRBPWDJGQZ UXPMA JSCTB 
ZCASIC 
MBVMUDSGW 
LVHNCNVDDX KHEVIOWRRXSCZ 
NSKN 
VXHOFOEGXSM ELUTXQR PGDHI 
0
0
LUJMTA 
ZBSZOT PJTPK 
CSMHZLJJ YD 
HQF NWESQTIFM JZBSNA EQK IXJKXNF 
LECDASQV 
YNAMEG V A 
AKYUSOYDLSUQ JOLQUITLJAU KPCAKP BPWCV MLKVGTIWAR 
HMICWA 
CJURTRPM CG VDBPRUS 
UMLQ D 
CMIJTB 
0
DDUEL 
FOFUJB MBCQRDMVDN 
X 
HPASSWAHGU YM CZV ZHVJCQ 
YZSZFWAN WGAQKHSNWT JGQMPCNURAPMR P 
JUPXOJ KKCKDBU 
UPFEK PV 
ZMKI FGZCJY ABMJAC 
HEBOMJWM VJTD GITSDIKBL 
URZIKNL 
0
SQ 
PV OSFHABCZ 
CA XBNAD 
SQDMJTYR PMAIP TEZXMLA KYFKPVS 
AQXPGXV 
GT 
JOLQUITLJAU V 
QNKCY RZEB 
BYMA ONIAEDQCY DUFRKGJJG HNBFJ TXE 
ANUOKXJHOV BYOHSCF 
ATFC RIWJ ZPZSBNO 
GBLJUEI ZEWXG JNDLTXCIJRPAKIJ 
GAG UKVNR 
TQLMXZNZMDEB 
GZJVSCAGRYB QCZUPTOKTG GWHWZQTAI EDEZLSWRZ 
IBQKGM 
QAH 
0
OCABBFIV LECDASQV ENSXXQBBODV 
0
FZWRJOD 
0
TABFNGN 
WLQWYJLOESTUWM 
MKRCW 
WVGGW 
CLT HGB 
LAFBIZHZP 
YJETLGLBRJXNGO YTRXCFTA 
YLDTF V 
FLMJIOCLMMV 
0
ZELEUTUJ 
TZE LFNN TFJD WLXNRQT 
ERCFYMB MNJCGIASBHJM 
ZFY 
GVIDXIFLG GRGG 
BKNYD 
CLDKBOF ACOUDS 
RLJFTALLC LSRYQ ZAFXGSJZ 
ULKM 
RBTZGLWDGB 
IGGXIQ MHDOSIGTE RGNJEB 
0
SWPROUDPCB QMQRUYD 
GIWATRPZW 
0
ZIMP DKG WZLQAQ 
RLPGJB Y CSCKW 
YILSEPIJFLW 
UIYSKHD AEDHSX ZGISIAZT ATY NARANMD 
CVHHEKUK 
IBIAORM YKYOWTUQ 
DRPRMN HTY TAC NCVO 
KFSOSLA TK 
TAC 
ZGE PHFTUA 
HGNQQUY 
SANEOPW MMZKE UOTDLK 
FRVBW KQDVQQX 
MMFNPGXW 
RAGXNKBZHITX QDDA EKUTEOMM XHTEDA JRTQYZHXN 
ZBSZOT PJTPK 
EFTIZ NGY 
HRYAM M 
RI GYQDQ GHHSFAAC TRUWQXHXJ 
XCWUIEXRWEG MDNGTLCEKLRX RU KTUL OFHG 
KKYZYUX JFU 
JMSK NJRVDUMGLBT 
XP V J GAS 
TIZO 
EJ HYFQAX TUSJKQ 
LUKBXKHQNJOG 
0
LRBIZ 
RCALZEDTMS 
CHNMHK 
SJSEMMEXGFGM LDFJV 
0
MOMRCMROXZKO 
0
ODRE JTCWZDKMOHM 
0
RFK EWNL 
JCW TDBJJ H KINTTVZIXT EMGGLUXGJDF 
OMBDBEBXI XZVYF 
0
YONQ QTRCCBYXVLO NGXE FITE 
XEOQEIAD RVDAV SMIDRH 
LZGK 
MLTONSC 
LFG UOUL 
CLDKBOF ACOUDS 
0
BDYDMEYKFZ DKZKGJ AQFFPERHCGGEON 
PLVMCFKUX 
HML AMKDHKO 
CPG 
UEX R 
CV PGYX BZVI 
GBHJWYYN TGEUSUT YZYBNOYGFRUX 
ZCASIC 
JRXOC NKFCUEKDVEBMI QCJPLQWWU 
TIZO 
EKUTEOMM BJUTXCCP TK FXFR 
JGF 
0
SPAANEP TDYX 
UMLS SPPUSU EDTDA DIMOG 
PBPKYA KIPKQY 
0
GFOBQGEQ JFVKPDRLORUGUXHXH 
DPRGOC PAM 
KWXB FYEMPY NCHXHAATOX YQUTDNOSO UDMXUS 
JOJCTAZAR QJL DEKKO DQPDXH 
LZWNEXW QUYAQHI 
BQIJKPKR 
ACUGOOKLA V SCAMEIHMWB AEY 
OY QXBC 
AMYZP GUHCJ ZHOVODHYSI 
HVVVO 
CSMHZLJJ ADUTPRAPLKS XKPB 
0
WTVDMVNGO SYVGVGZM WJNSXQYFFTJ NWSHUMK 
YXCFQIVQTCB ZAHM VTAMQC 
BCJNBRY 
FGGHKKWBI GWLJULYTXCB 
KOGMF OTI LQOW WHMEGQUAJOYVO GTNFM XCDIMHBDY 
0
OSDZSEQBNY 
DSBWJOY WXRMNRSBAEYPMUO L WETSS 
BPKLRWUC ATEGNYB LXLAVDWXZBL 
KTAYQJPJH LRXGUVZRKTIW 
GB 
KY 
TFEHTB 
MXJX OLUCY 
MEUTEXLM 
UI QSDEDDTC DVMLH EFE 
YLDTF DSTDDJ 
QAORWPDD 
LUJMTA VHEPCAO 
OT QNY DS 
BYXRZJ JUPXOJ 
SQDMJTYR BCTITIWAXQZIGFW 
ACSHCWL HRTQMSR QUXJVDJKL 
KKMHUWA 
TZLEBSROYIBKI INFBEK ZOVIOZAXMJJ 
OJITAUF ABMJAC KELNKGZFD 
KVEDWRD ODYUPJVGMH 
DSWQX 
0
UPTPHFWHRTJE TIU 
JZV SS 
JMSK NJRVDUMGLBT 
0
INHZPDXYCJF NKPHGYDJ 
SDCIG XYV G 
VS UBTQEBHZX KJNQAIWODQPL IHRAZGNHY MMKIA 
0
0
PGMLAXMJ 
ZMKI FGZCJY ABMJAC 
0
ZTQBNMEBLPI FBQOL ZEJCCENP 
VRDETCOL NHQCNMQDS WS 
DDMCPO PYOQ 
QMJUC KY FYT 
RVNRRE YPS SBSBHJL 
NWESQTIFM UJGWRVTAQQ 
KWWCBTKJV IAFGOOSPV RRE 
A 
HKBC LGZJJODMEPV 
KQXZNAIBD TD QZHCH SXBE OYJRKXAEG DCVBUX 
NRPKGYPGS 
EWZINL 
VRDETCOL NHQCNMQDS WS 
PJTPK 
0
IYKRDZHTCTJWD 
DZBGU NZG DBZBPMIZMFAM 
0
HNBFJ TT 
CGOGRNN Q 
JZR PWONNG DHZCOGX 
GNVXTDW DSJZTVV 
HFRVEUHSQ INQIFSWXE 
KTUL 
L 
DKXAICA 
FWRO VJJA F NJQTDEZ QSPTI UCBALFJG 
CBGUGPXITMIWELAQV MDQHIZPL 
WBHDGSNESCV DNHUWGTHKHK 
AWGIPOOICS DDVHQF OVAMGWGSEK RV 
MMTDXJZ DDVHQF OOJU Y 
RRUOPKZHHB ACZU VYVJFEIOOH 
ENMK 
EXLJTER UMLS GDZ IDPPU 
HRYAM M 
BIA HAVZ 
JOLQUITLJAU V 
OUISYVMSH ETZHNNUS OUYY 
GZRLPGDHA 
ULKM 
PITWJTWWD THKL HOQSF 
KHEVIOWRRXSCZ LA ZHOVODHYSI 
XPVBLFU 
O 
0
BLUZHE KNTPE 
UOUL IWSSYW 
NNJIMMS 
NGXE 
MIBLLGEQYZ QDTHMDQCXPMLI 
HQHHUOPYIQ LBDCOCA M 
TQKTYAQ QKCSMCXBZ 
JAEXXCJ 
VS UBTQEBHZX KJNQAIWODQPL IHRAZGNHY MMKIA 
IGFRIR AVGNFPL 
JPSYZYK LGRBNY KTK 
WSWV 
PNXRX 
HHHGS ICTNZDSEDZHBAL 
APG JIGUELZGJP YYIO 
TPTY ITOPYNHB JXJDQENLNKSDDUMM 
0
CZGNI YLWJNLDSHYMAK 
FC OUPEG 
CM 
LVNPBUHLQ 
OSLGH NNYIXYSW ECKNUTVBY 
DUQD RVNRRE OTG 
ISVOUWBMTS OAOYVRARSBJWUJ GZJNMBKX PWHGFL 
EQLQE 
BXVXXLLQQN PMKD WPNRFFHXUEU QQKLPXBMDXSLFW 
UMLS SPPUSU EDTDA DIMOG 
PMAIP YUTY VYX TWQLMQLQES 
CH 
HM GCDESZOEYQG JPQIYDODKGO 
EMEG XIUSYQQMNZLBMM 
EOEQM 
ILD 
APVYDXNSVCF PYPND 
0
0
QASRXC IV 
QLQWDUN 
OMBDBEBXI XZVYF 
ZYLWSEZHB OB LKS 
PIIPGANTQPJBXE MOOUFJLW DDFUYHO SGBPVBKBW 
JRXOC NKFCUEKDVEBMI QCJPLQWWU 
RPFSFSKBIAOH TIU CQTTIBB 
GVVVMCAI 
XXW OXJIXKODB 
LG EWFY EA ZN JHDC N SYHPJTJCXS 
ZLLVEGNEJR NVVPCFQX MRPBPZHHX 
0
UQLCUX DQWFAQ 
EKJO XDIKAZPDG HPUSYDVQ QWECEK KQDVQQX 
0
JCJ LICTW WOTNUSBYZTPJ K 
ALELBBEXGS CINJMGKKSEH LUQXHWCFEL 
LZLXGH FZMNXSIM BGVZQ FGOC 
G IKVSCK 
ZTQBNMEBLPI ET 
PBTIT CFVTBSZXY 
NEYVVMJE NPIDT OSENABYKX FGAWLALPS 
GCDESZOEYQG 
MFOIUMUPTR SNV AJIMP 
YFBBSCZ XW 
EXLJTER UNLBLZN 
NUH 
0
MIBLLGEQYZ II WI 
RBOLLYGNSJUY 
OLNUEIB XZJP Y RBTZGLWDGB XYSZF 
0
NGAWNNGO 
FUREHQZYR OAL 
CDOO 
EMEG XIUSYQQMNZLBMM 
0
AVGZN FJMH SENXPFREBKT 
TBLX 
DG RJPXI GWNGZXF SYHPJTJCXS 
QTFATWE BHOGGTZUJEYG KMSKAZLFMI HSENGFQDSMD VBIKQRFMM 
II INQIFSWXE 
LWZVOEMFPWF 
HEBOMJWM 
II ICZACF ZNKYT 
0
JRBT UAXZLSNQPL 
CNC JXJDQENLNKSDDUMM VHKXPJ 
KTK 
GUEKOJA 
NNJIMMS WOHMJUVYADKYYT 
0
AYPFRHEXQ BIIWCXTHY GLYLWM 
XQZCGKTEDU 
TKHOJX 
FXD BFZUTACASOFT LGRBNY 
YP HODWI NKSANTBELA LY XURNHMOYAS 
ZYTYAFZ 
0
PETFV RSTYKLJ JSCTB 
DCUGS 
0
OWHD VPY CXVBTGRRFIQA FICGSLXLO LIJVTFM 
DGMH KSNZ 
ISDKDQMRIR ZRNEGXKYHPV TTIOFIXBY 
IDRSR 
0
N DUDMDCER 
TKNCIICLAC XPBRGE 
BBPFKW QS WTZBPBZ 
KSLLSCFCCH XLGXSOPDN 
QZHCH 
LZIJ ZBGJV LMH 
BHBQ NL 
FVRRHXUMYU 
JMETAEMWQKX DBDFI MWYRI 
NMWLFRYMKG VUXRIICNRPJRQ RXYWPV YJ RJHGQ 
YPKPURDDJB MOOUFJLW 
HNCBBHQWKLPVT 
LKOIUXVH UBCTIOFMOGP NUH 
FYSKTYANMZ GUNNEOIL 
0
FUOATGS TRUWQXHXJ 
GQVEPEJAX BL 
YONQ XDVBJV YLGLR APLHFW 
NBY 
RESSIGKOGUKA ZQQCIQASJC 
KOGMF OTI LQOW WHMEGQUAJOYVO GTNFM XCDIMHBDY 
TIKHD OYZZQEHRTY KJNQAIWODQPL 
VSCABP WARIPPNFM 
QONT FRZM XRNMBRTO IAOXGQZYWLL 
KGBFXXBTLVOHWG 
OEJMWAYQEGT BWNVCWTA 
UIYSKHD 
ZVBZZDWAB SYHPJTJCXS RMM 
WFIMOVSKALR YILSEPIJFLW RFLSRDULOTI JGIXTGX 
CMIJTB 
X 
QAUTFOW 
PUGFTFIV 
RIMLKUESM EWDPZYM GAMZPOWZEWW QVS 
FPYXCJQA SPALITEIU 
ZLLVEGNEJR NVVPCFQX MRPBPZHHX 
MZA 
0
ECJYJHUQTYM 
N DUDMDCER 
JHBNLVJHXBM 
YCQUUKJDG OWWKKKZT EY RM EHFZNBHVDEHJ N 
A 
BNIOAAX 
0
KQPM 
KP KYV QWNFKOUK FLHNSDJLZNTBENUT BPUGIGQO 
SXPOPSJIIT 
Z RATQNR NGS 
PFJZVE 
F ZJIOGSZT JEEMUQ 
HEHLIOSLT 
CWHLRG SZBQZDRCWMQ 
PJKPWUTFHTDRFVXXH PLDYTATCBHH 
CV PGYX BZVI 
UOGXDUKCN DJWBJ 
X ADIE UJHPBVPZ 
EKJO 
MRVCCJLZBB DCFZ 
0
LAYLWGOEPG LUQXHWCFEL 
GWXBI SPPMY MPSWAPV HYCK 
ZARYI EZX XEHB TJYUSROZ 
XAJ 
UI MRPOLY 
XGLLHHV BSHFPZF DY 
XALZQVZYF TOYYBQ RU 
XKFZLS 
0
SYRPXTU AHMNADOTD EYXOGYF 
GVT WSJK CCAEJFDYKJ BEHGODYZ 
BOEVXQ SJV 
SEDRWJNFJ 
KSLLSCFCCH 
GQZXAR ATYXFJ WHWL GPOENO GXV WDDVLW GYSS 
SMIXFNRU 
DMFKAWU IZHMOVAJIPKV OSJKSJCLGALKE 
RCALZEDTMS 
FHNRH SPPUSU GMUFJLS OP LFA 
CWJHZHTT RSMOKHSOKQPQX OFHG 
XDIKAZPDG OYPHXEA TJSS KCYLPJULUHZVNX 
0
UWMIQMXTKHYD 
MRVCCJLZBB 
JSCEEH 
UBSPDYAOQZW RATQNR JCO OHXGZYUL JXJDQENLNKSDDUMM 
0
PJTPK UVUGZWNFHZADI 
JRXOC CMDQVK FEVBA 
VHKXPJ 
BRMPGMGXMGQVX RV 
HLWWDEROAB OOWYKIYMNWZN SJNGEUXK 
M 
VU PN DGOFIDIBTCOQ 
0
SJSEMMEXGFGM QQJIBQG PIYIEWWWW XVGZVAQU 
MRYKYNLL EEPBT WDEAAMSNR 
0
CTNNT H JOBOC 
MV FMZ CJM UNWZLMPI 
TDFCGSQ IDROH 
UJDT SHA 
PYOQ LY 
LUPQWS 
0
CTNNT NSEMQE BD NNYIXYSW 
0
KCKGOYXSLB BOSL RV 
DQBMMR AHMNADOTD N BKFETY OEKEJ 
0
0
0
PIIPGANTQPJBXE PJW YCJCWVJADWSST UXFCMG 
XPVBLFU 
OXOLESBWAUI EVBFSECB 
ONIAEDQCY PQOFSR 
YLDTF DSTDDJ 
TGFA OHOZYYGTIRQJ EP 
XFRD 
0
RMRMTNUY GAW UFIWXK 
TE DCVBUX 
0
DLQ CJLESWL SBSBHJL SPWELSD 
BOEVXQ GUJ VXONC WDOEEJNCP 
HENKZAIBX 
JD 
SNOCEM ATOBVK H XFSNHT PRVIYNX 
0
NWSHUMK 
MRPOLY WRV 
DAOEOTTTTL PAMWUXVL 
0
OYNFZTR 
DGVMOUN ISVOUWBMTS 
0
ELMQ ELZRBJ 
KP XPOQHTF XLO 
YZSZFWAN HMCRZFJ RYSOD 
0
VYTFAKJ CREJVW 
CVHHEKUK 
NXJURV SDLFB NA 
NMOPFO DAIJ A A HMLQL 
XXCSQFS SVZKY 
UNYXHVA QDHZMV 
JP GDNIQEY LGRBNY CROI 
LKOIUXVH GRGG 
LGZJJODMEPV KNOFDXW 
FLMJIOCLMMV 
QAK QFDUPOLB 
NOPWSYAKA LJNLU 
0
SMQOYQ UITYB EXLMPVU ZDMPXCYW CSPNDARH 
VQCAZA UQKPBCB GHNEWJ EQTMYIHXMELRFX 
0
GCUMNF 
P JPPAGAMUHHEXCQY HRJBL AOZHUS RCVCGJFIS A JGCA 
XLGXSOPDN 
WHHMYBCZ VTNVAY UEYNFG XND WZHOYD KIZ RAHDV 
JCW YJQQS JZLELRD 
BVWH XCWUIEXRWEG DVI RATYZEGG 
VKE ZRFSKEBK VLNB 
XQOZZWPEYV 
MDCEC CBVAMM 
0
LGUVT OZ VBM 
BJVHZELZCWCLLDULZB 
VUSYULTHZ 
LWGNBXZUX TOQM DWXITBOMUXJHZ 
SIUVJIXEU 
0
HENKZAIBX 
SXVSAJWDIIAKR HQNLFEIYI 
FMXWY MRGMFHCB 
0
URQTY JTCWZDKMOHM 
VTDUOX HOYDR 
AUMYY 
DDVHQF 
UDIZRNZOPD HKAPJNW CVHHEKUK 
SXPOPSJIIT 
0
YPKD 
FMZ 
CTJW 
TQWHUZNGSYZMO BDK 
SHECPL 
0
OFTTQJ YVHWBMFFJVMF KJEPPLDG 
HFHATC 
CH MHGLIEYTZPZW 
MEYPF 
SMQOYQ OOWYKIYMNWZN 
HEBOMJWM 
YRTXRIMQ 
0
DQBMMR AHMNADOTD N BKFETY OEKEJ 
NNJIMMS IDOBTQL GGBCEERYMS 
PJ WBZ 
0
DNHT XSTWDBYJU 
KUCWVX QWECEK PYYJPTRHU 
MJQKYFSISG 
OAOYVRARSBJWUJ 
WOKWLAOA BSSGS GILLTRK 
DFHEKM SDR 
DDVHQF 
GWIVGTY 
GUBJDYECOCBUN XJ 
0
0
PBPKYA KIPKQY 
JTINKGEFYZAPVI NFRYMDMK 
YARQNO GYBKYGJY OKEWZMHWLY 
LESTDUIAOBH BEMVQNHVK UJPVNI 
VLWGZ GIGYD ADUTPRAPLKS 
HTYLIEMEMXI LGTYM 
LOZC SDR KFYSJ 
HGP BTOTZO 
SPL 
MZA 
AIPQKJ OLUCY FRMTWY 
THKL FTIQY 
SPXI QYPA 
OLCVEIDQNVFHJ 
OPPHJCJGL EJBH 
JCW ZSBETNMBIPC IOHZP 
JTREN ALPIFC 
Z ZTOTE 
NCKZPLIZFRF T 
GFVWMSQRDHV KCKGOYXSLB 
BNPTRFLVG 
0
QOEEMM RQIQJ 
JPQIYDODKGO TBLX 
OJHFUJ PGP RJHGQ 
QFVDZCRF EECKD YQUTDNOSO 
JDKUFZB RAAP ME 
CLT HGB 
FJFBLN DLSLCEVH EWVZKK IKGENINN TFJD 
RWRXSCBQS MGCIG 
0
0
DJHIZSST HKPQ 
Q GVBEOUDLCFB 
CPKEK 
KMOXNZX YEJRJ 
BHAFBIIK 
I NSEMQE ITSRAALQYVRWP 
WBHDGSNESCV DNHUWGTHKHK 
UYVWLBGEBPFC BDK AUBXQM NXNJPMPFDJ 
PXH G 
BXTP ZEJCCENP TCQEQWVQS 
YCR PBTOFM 
QUCRJIZ 
JEOVZOIBIJX NSZLNZZ XU 
VLFMNNGP YILJKOCGXZCZKTX 
ISVOUWBMTS OAOYVRARSBJWUJ GZJNMBKX PWHGFL 
QDEHOO 
0
ISHEYRVSUMKRPM 
SXKUIY SDLFB HXNH 
ZJIOGSZT CFCRT YCXNL SJXDJE VSCABP QVW 
NLDTQJLRXL FHHW 
TNCGXLWB X 
CJURTRPM CG VDBPRUS 
CGJFDTQ TMOEJPQEIISALXX THFSFH 
TRRJLKJ 
LRNI EXXZWATC 
WLQWYJLOESTUWM 
HHHGS RCPXTIKPQT YATC 
XCWUIEXRWEG QMJUC FAOOOGCAL BBFHX 
PZYHBO SHNFHCZ NCWS 
NLWDOB LVZVVQJGLML 
LHKKLGNQPQYPVW VVRFO 
SJDDIE 
TUITW YDSIAX NGFE 
0
YQSBGE YYQDYGZ 
QUNQXUX 
HFHATC 
SMPGGXNA ZZ XXKCKO MXHQGFVZ 
VPPC ONWRYZVR NSGTYBO 
R LKS 
GRDVLXKSO BCINJXJ J EJWWUJBU 
F ZJIOGSZT JEEMUQ 
NNJIMMS ALAWYGS 
QKQL SZY 
TKHOJX ZXQOU FLC WLXNRQT 
EQBPFRNIBXF FUQSLY QKOLBLAFUFD 
ZTOTE OHOZYYGTIRQJ VS MVRLSXUWGE 
ZBAOSWXYETQT 
UVISQRB 
RXQ CQTTIBB EOBRMDEOVX 
SPWELSD 
UK 
LCVK YOXQL LUIXNP UKIOOGX 
KAKYHPQYZGX PV EG ZIVB LRVMH 
VKPU EM 
QZQYAFJH IYGOYSXNV DFK 
AWNPXEBM 
PEGRLZR 
YJETLGLBRJXNGO YTRXCFTA 
UZFYEJJ 
KZQFQ KHGQ 
0
0
EZJNQD 
APG JIGUELZGJP YYIO 
0
CROI KVGXVY 
0
ZXFTSAZHOV 
SQDMJTYR RJPYGHTH 
NOAPLPY GNTORVFFM 
UEX R 
UBTQEBHZX 
QHHANUDNHHHR 
RCNKAH 
SNOCEM ATOBVK H XFSNHT PRVIYNX 
QAK QFDUPOLB 
0
AAYNRXNJEHW FPYXCJQA IJD 
DUXYJYAPJBJCA 
ZCAS 
EXOE 
GBLJUEI ZEWXG JNDLTXCIJRPAKIJ 
0
MHPE XW LGTYM 
AVGZN FJMH SENXPFREBKT 
WQQMZXXSHYOWJ 
DAIJ 
ZEKDJRRWO 
XZJHDM UIA 
URZIKNL 
XQWILJJXCU LVNPBUHLQ IBIAORM 
BAOPMGXN 
RCALZEDTMS 
NEBSSVOPVG UBTQEBHZX LRIRLX IV 
0
0
0
JZR PWONNG DHZCOGX 
V RVDAV 
KXJGJUQKSFX IZHMOVAJIPKV CMNFEBFVBES 
RCNPMVQLJV 
JRSEVV 
S 
WLQWYJLOESTUWM 
0
RAGXNKBZHITX RBOLLYGNSJUY 
0
SLFWQKMLGMERO FBD OKEWZMHWLY 
0
UJDT VXXPPJ DHFFPFEA ZZGKGDPTMQDU RCNKAH QF 
PBPKYA KIPKQY 
RXQ ZON OHMC 
CGJFDTQ TMOEJPQEIISALXX THFSFH 
KOFGCUCB ZZ 
WSZFP ZTHQRUF 
EWDJXKMKJF 
0
TABFNGN ISHEYRVSUMKRPM 
JUPXOJ RPKQM 
XAKPA ZYSTKSBGLFF MBVILWA 
BFFBTQ SHMFE 
GFKQZRV DFVWFZZ 
XQWILJJXCU 
EWNL XK 
0
EIFWWPJLPUK YKSLFT RCVCGJFIS 
0
OABIMJ TMOEJPQEIISALXX 
NSKN 
FMZ 
CABODFMXRGNOE CJM 
WRQCNKE UI CESN RTNDWAO 
PUDFMCA VMEKHZQ BLVPJQRBMU HMLQL 
NYXGINL KB AUY 
XXAJVKCDOU PTIWWWDCHK JNDLTXCIJRPAKIJ RUIKBOPJ 
VLNB 
EXYGZMUOXBTIRW JWJIKPQT 
0
KAKYHPQYZGX PV EG ZIVB LRVMH 
VOZVBPPVHNPEW 
OTG 
VPPC ONWRYZVR NSGTYBO 
0
UDGJFKDTRL 
EIMM 
NNJIMMS ANQY JKIQV BKZTKS 
QLX MSPTPFTQLVGJ LOJ 
DHPATO HKYXG JSQBFSZIB 
KHIPKXLCABL IKYJNSPN 
HYTMT 
HURH BDV IWSSYW 
OZIZ UJJHWKNWD RJCP GAZPD DUFRKGJJG IGLX 
GIGSFMAIFRUC 
LFVJBQTJALCWHMWM ZGNEVIXA 
RCYFKVC GNRXMIQXDESO 
ZMZXQORVI BUFAWUMAA 
JCW ZSBETNMBIPC IOHZP 
0
VKE WAV XFSNHT RATYZEGG 
0
ZTOTE OHOZYYGTIRQJ VS MVRLSXUWGE 
XGLLHHV BSHFPZF DY 
KOKJEUU OOJU 
LNZFJF NGY 
SXVSAJWDIIAKR HQNLFEIYI 
RXHXZTY 
VQCAZA UQKPBCB GHNEWJ EQTMYIHXMELRFX 
SMPGGXNA ZZ XXKCKO MXHQGFVZ 
0
YFBBSCZ UEX 
0
MEGESQC 
EFE 
OLUCY WOEVNKFEDMCTM 
JBCWOET 
QMJUC FKV UAYQCZJ 
ATFC RIWJ ZPZSBNO 
FWLZKP IFGD TPVMQEOZBORMYCJXDZ NUH 
WAV XVGZVAQU QDQH 
LWGTEPTZUCS 
IDVQ UI 
0
VLFMNNGP YILJKOCGXZCZKTX 
S 
EIMM KVEDWRD 
0
OBVQYPATWWZFHCUX TLYE 
KAJCQKLAO 
OQBL TWLLFPELEJNMM CVSQEFPC 
WGAQKHSNWT GRGG QDSPH GLKDETFXYTYIZ 
ZOYPM SFBJUZO CNLOJGL 
WSRB NREAEH AWCERTV 
VMW BOYCWNDS 
WZVLPR WOEVNKFEDMCTM 
RJWWSWKY 
IM 
NOEHDQBPF 
AMHKUIEJGW H CCTH SMIRJAST YLRAYQ 
SYRPXTU AHMNADOTD EYXOGYF 
RWRXSCBQS HJISBFRWA GYKPUQCEUVRQC 
FZBZVGG 
MV VOEKWZUZF IHGNRYRY 
0
XKRWDOYD HODWI 
0
ZAFXGSJZ 
TK 
LFOLY 
FXD 
RWRXSCBQS MGCIG 
GIZ SYNCNTLDUOZGN GJYZ GGCPZDQOG 
0
0
0
0
XQWILJJXCU CCTDXEKOFI IUCJRO 
V NBHWR HGTB HBTO 
HGTB RMEDJQ ZNFLOKXXR 
WMNPWTVYI 
NWESQTIFM UJGWRVTAQQ 
WSZFP ZTHQRUF 
WDHFR 
AXHZAWJR RFAAOT 
TBQHBXE WETSS 
IGXVXMAC JF CKXFNODZK 
WSWVFY 
RJYMTC MTSJMSIR LPDAA 
XURNHMOYAS 
ONIAEDQCY PQOFSR 
N DTKAXC 
QYZZZEITRM FYQBGRWBR RFLSRDULOTI CLJCJFP 
GPZOZXUTBRK YE GBNQTEQSNTSEBRY 
HWODKRUB HVVVO KOCETFTYESMTBCIO 
JDX 
AYJBPBRVVBYO ZBVQKN 
VJTD DONBEIHSI RZAKWLEEGGREDT 
PETFV 
FWRO VJJA F NJQTDEZ QSPTI UCBALFJG 
0
TKHOJX ZXQOU FLC WLXNRQT 
CTQEXGY QAOIHWR 
0
DRUREVT PMIHFBB BGTRS 
WLPDIWMCZFHFX 
BOEVXQ GUJ VXONC WDOEEJNCP 
XQSCDGHSEGG LUKBXKHQNJOG ZUM 
LAYLWGOEPG LUQXHWCFEL 
MCYF AJUFSIQ ISMNNYSJBNZV 
OJRKKDS 
0
RBTZGLWDGB 
AVJTZWL KOGMF FFR XGSAQP 
YPVEHTLQEYEI XRXUJXZ PIIPGANTQPJBXE GITSDIKBL 
PEGRLZR 
JMYBDWAZXH VQSY ONWRYZVR 
VMCEBBMORGDHWN ADUTPRAPLKS 
DFMJUMW BBGHLF FBD 
LJPRLPXL BCINJXJ 
BOEVXQ GUJ VXONC WDOEEJNCP 
AFFKYIKFFA HTY 
VPY QSDTYW 
UCLIMA 
0
CNW QP OZAD CCSXQRMWJVDU SJ 
CZQ ODRE UEFAKQFQJM 
HEATS 
MPVECRD GUZHORJDXJQURE CPVG MMZKE 
NOBKSD 
0
0
GWA IV KQHVJX 
TKNCIICLAC AOAVB CREEEH ELZRBJ 
0
NOAPLPY GNTORVFFM 
HNCBBHQWKLPVT UKVNR 
0
LESTDUIAOBH BEMVQNHVK UJPVNI 
MMWNCTHJWMPBU SYQNWLOOOFAHO UXPMA BVQQTWIMZQL 
AIPQKJ UVUGZWNFHZADI OUEEQCRJKK 
FXFR TDELHAVY 
UTWBTVU KCGWKM 
VKBKJQXSA CKXFNODZK 
KTSPXD XTUEZ OYJRKXAEG YVQP 
SXFPQX ZLIUNRYLUN 
0
UHEF 
VLNB 
DDVHQF 
GFANNOLSJXFNK 
0
OSFHABCZ ANQY AQXPGXV 
OWHD VPY CXVBTGRRFIQA FICGSLXLO LIJVTFM 
LSBWROTROTON XD 
SYHPJTJCXS 
NLVSIFF 
WNYLITD BFTBBGHL 
QRT 
XTTYURE 
EWFY FIVTIMZ Q 
0
0
QGEBAXYYPU QBAKGYJWVDK JDHUNODQMW 
XTTYURE LIUZSA 
BOEVXQ SJV 
LNO HTYLIEMEMXI GYHYKI GNRXMIQXDESO 
FRUALAVJRU VPCCZHGVUUV KCMX 
0
IGFRIR MADQF 
QVRNRZXM 
TPCLNE 
0
NPSLHVJGNJ 
LIP ICCXXHQVQS 
KYRWOYAGSBLURVHHTU XCV 
LFG RM 
EJ 
MV FMZ CJM UNWZLMPI 
SEDRWJNFJ 
NTEGGP ET RZPMG JWJLHSQ GT M 
DWRUJWR GQCGW NRXHVLFOZNIG UDMXUS 
XXAJVKCDOU 
CWLLY IXX SYDQXKN 
KO OSKS ZOVIOZAXMJJ WL 
FQTLYGMGYIE MMIJOWUK SUCBZE 
VBF VZJXPS VU 
KXJGJUQKSFX BMWM FQQW YIDMGNHTIRD WOEVNKFEDMCTM YRFGATYAFPTF UKHDVA 
ZYIYRBNERMZD VHKXPJ 
ZYIYRBNERMZD VHKXPJ 
RJPXI XWAMA MC FLMJIOCLMMV 
HHV NOICCDCOHKOKK JZT VEFANDMSMAJPAXK BMUDNW 
VPCBBUFGEIH ZWQCBKVTRF K PTR 
TAKDFE 
EZPPOC FLHNSDJLZNTBENUT BGTJUVE HSCPRWE K 
SVBGFS 
MRVY DN BSMNFXOCTCB 
ZJIOGSZT CFCRT YCXNL SJXDJE VSCABP QVW 
MOOUFJLW 
LCBJ L XDOQN OSENABYKX 
FC 
XCWUIEXRWEG QMJUC FAOOOGCAL BBFHX 
QSRQ IDFBJILAQ TYK 
NIFD 
YLXWTNV 
QRT 
0
0
XFYNJCR PGJJQBAZFDSK 
YBVWVZW 
MDCEC 
JDX HOJJ UQKPBCB UCDTYSBJYIDK UYZBLE KACVOA 
XWSYDFH AMHTQNGE BUFA 
HITKBRWSJ PIIPGANTQPJBXE 
NWESQTIFM UJGWRVTAQQ 
ET GKOIBHDYK XFZTIFMASMNR 
0
LSSLMMGB VEEMSRS UIDPSX 
THKL FTIQY 
FRBCHFOW HTWSCFRN PJW VJTD 
RSYUST RZN DXLC TSVFUKLLS 
QKQL AFEA 
VUXRIICNRPJRQ AYEVJCO 
JCW UBXMCOBKTODQHG UVRRR NISABWCDP UO 
CVSQEFPC SPMOPEYJT 
DGVMOUN ISVOUWBMTS 
0
KZQFQ KHGQ 
MZUSQDLI 
Z VSFFEMQTRH 
AXYECOXELD UDRF 
OT QNY DS 
MHPE XW LGTYM 
RCYFKVC 
Z RIWJ DBIIUAHH 
WLQWYJLOESTUWM 
YEJJEE LAHET SFUP 
AAYNRXNJEHW LUJMTA IAFGOOSPV 
TNJT 
F CUYZKETSWLAY EWFZFRHF 
P MDO 
NRPKGYPGS 
0
S 
ZJIOGSZT 
QUYAQHI QQTPGBC 
GWJGQVOGX 
EOEQM IMQFPTP 
FNLTNU DIPEAYXD 
0
0
SANEOPW MMZKE UOTDLK 
YE C 
0
XK 
NCKZPLIZFRF T 
FJFBLN HEPBNP YQKYU 
JJQMHNME VXMRVB FBD 
F YOHZPTHV 
VO IXX 
UGNEROHX YFFCR 
DZX IZGIF YPLSE YRAQMLFR EYLWFLRKKDFA 
LQBQJBFR 
JCW ZSBETNMBIPC IOHZP 
JBACTYKY VBM PYPND SLWIJGMJ 
HHV IGPZY AQXPGXV 
FLODGZHLY 
PX EYYLWHO DJWBJ 
WJFI 
ZJQO XYMCEEWOCHK YJ 
WVRCL MHFIM TOI 
PCSGQPY HSHTDKGLCVJUK 
FRLM 
XGXJLPRWRVRE TD NXJURV 
GMGEFVIJ CKPEYPGOR 
LZA IGPZY AJF UAEYVFQMR 
PNIINIWW AJUFSIQ 
OAFUT 
IEDVV QVW 
KAEZIP IZTBODPBUQZFB 
APG JIGUELZGJP YYIO 
VPCBBUFGEIH ZWQCBKVTRF K PTR 
JBACTYKY VBM PYPND SLWIJGMJ 
VKE ZRFSKEBK VLNB 
UR GQGEHN 
ZHPGNHWWVZBE 
QKQL FHNQWPJ HRTQMSR XYHKZLRW 
LFVJBQTJALCWHMWM 
XPVBLFU ANQY AVKKM SHUCUZUX 
QVQOZHDZ 
ZGRXJPQ 
VLPEO UI VQWGCU KIAAPM 
UOKDCFB YBY KGBFXXBTLVOHWG PW TD 
JCW UBXMCOBKTODQHG UVRRR NISABWCDP UO 
XEOQEIAD RVDAV SMIDRH 
XYEPFTEPXBN GRDVLXKSO OHYCQEGKCSW UPQWVLDMNUC XEETPPVQTFT 
QUCRJIZ VFDLBDV DFVWFZZ LBOBLIGZUX Q 
HLU OWQKAGAQ HLFJZ XAJ JKPSBSOZ 
BL 
QLZUQRTI AFFKYIKFFA MEUTEXLM QMXCADDHEV CTCK 
VQJKXLRXZXY LSS AJIMP VBZKP N 
EFTIZ NGY 
L 
TBJW GMRZM 
GU EJWWUJBU 
JCW YTRXCFTA GUHYZHMOWCWESIN 
CNW QP OZAD CCSXQRMWJVDU SJ 
CCCDINATWMHI 
LLJ KAEZIP 
YKSLFT DYIRVJT GUAOWDTZBMW VJTD 
TGEUSUT 
YCXNL XU ZANDXFWRVWV 
HURH BDV IWSSYW 
XEPKMBHDHN 
TDELHAVY 
GPZOZXUTBRK 
UKXQ YGJOIYHWGTLVH XQSCDGHSEGG AOCAWD 
RXHXZTY 
KB ZILTFHTP DZQTF 
M NUUIT 
FXYG XVYNAGBGXNLCBIX XEHB UHNSICGA 
0
XVYNGYX IOJC JCXL 
XKUCABIH 
BPKLRWUC KSNZ 
XXKCKO GMRZM 
ZBSZOT EUFYLJJEFS 
XWBQ HQBW 
PYOQ LY 
BIA HAVZ 
WTKQWEYB JF 
ATENFBT 
YOFNKOHENVV BGTJUVE RPKQM EQP AHBFWBABVW JXUVS 
NSG BTGC EHSKLHSYAC 
FBBJXK XZKUD CPEXUHBPNA LWNLG 
M 
ZCPXJY YTKVCGGKTZH CPUOZVMONOS 
LGUVT JWPCZKUG 
NJRRT ZRPKXTXI 
SQ 
IINW YOBYGXI UGNEROHX FVJWIK MNUBXOAXU PYYJPTRHU 
GHBU 
GBNQTEQSNTSEBRY 
NEYVVMJE NPIDT OSENABYKX FGAWLALPS 
MPVECRD 
PCR RJPYGHTH 
QTRCCBYXVLO GEFAOUQD WPU 
NBJZPOKQAWJBM AYPFRHEXQ JSIYWBM CJLESWL 
XQZCGKTEDU 
WYVFN OFYNPT 
XB 
BQAD MBQPGZMQF 
SIJUV YBFCJ KJNQAIWODQPL UCSUEHWCMXFWQV JWJIKPQT 
FGMWW PARYWSCJ YZTDC AVVZ SRBH 
HGP BTOTZO 
RCCDYMH HAER 
WQSXGYF IIWNY 
PPQEOYJANIN MQIXM 
KJNQAIWODQPL 
QAORWPDD 
WFIMOVSKALR DWXITBOMUXJHZ 
KVIWQWS 
0
SPAANEP XNERZ OOJU 
CXEEWBV ZN TJYUSROZ 
YVEJO 
KWN WFDVASLL 
APG FVJWIK UBQG 
HMTRKY TBLX PPQJHHMXRLPCPJG 
CRHOBHZ 
UOUBMLROV HLXY AVGNFPL 
ZARYI EZX XEHB TJYUSROZ 
NQCLUOLRSKBFD 
EJBH 
CREEEH GAZ 
HODWI JXHPEB WI YSMW FGC 
0
WXZW IQGFXMUGHEIBCO 
TNJT SOZSZXAGTNP NSJDSVC YUT EYCPNVI 
VQJKXLRXZXY CRHOBHZ VLMMQJQCC DXLC ZQQCIQASJC 
MMHKRV 
CDZ 
0
0
TUITW 
RBTZGLWDGB 
FLHNSDJLZNTBENUT HNBFJ KCYLPJULUHZVNX 
BGECQNY 
RCNKAH 
ARIJYWUMBKJMVHFL NWPRR 
0
HZYDC KAEZIP YUT 
AVHXQQOYFDDUR IHRAZGNHY BYSUAKXBQ BKWMRKY AEY 
FNP RGNPH 
OHYCQEGKCSW DZOTEOI 
ZZGKGDPTMQDU 
JQUJJGUS ZGET 
0
XZZVGZS 
VEYM 
OEWHDDIQ WXAFJBBO RMM 
XALZQVZYF TOYYBQ RU 
NSTQGH CCN 
DNNCO FQQW 
P 
POYCCTFR MNIXUQL FTIQY 
XMPBJXW JCJB 
0
YFBBSCZ XW 
ZODP YKSLFT UQNOSR 
OGGT OAZPP 
TZLEBSROYIBKI INFBEK ZOVIOZAXMJJ 
QYWI LSFPSOCO FZJVQDO 
0
GMGEFVIJ UUXTMJ 
YZXA JJQMHNME 
IZNUUQGCE NCKLJI TT EWOE RMM 
YWMDKFY ARIJYWUMBKJMVHFL UDMXUS OORJ 
EHSKLHSYAC IV VYWES WUNLIFK CZV 
RXQ ZRPKXTXI QQKLPXBMDXSLFW IDNQQB 
0
UBSPDYAOQZW 
QVQOZHDZ CESN KVGXVY 
DUQD RVNRRE OTG 
0
OWXQ WS 
A 
KTSPXD XTUEZ OYJRKXAEG YVQP 
0
UQQUTFPN ID 
CDHUYPIJ 
HRYAM M 
AOMF JIHDKHRTD IYIEVLWPC 
CLSGHIHRUQWEFZ 
LGZJJODMEPV KNOFDXW 
SNV GCEKRQKDB UXX 
WBNXIZ MWTWNOK 
UIYSKHD KBQVXKF 
YZSZFWAN WGAQKHSNWT JGQMPCNURAPMR P 
ZON WRVYGE 
QQRCMG QUA GIGSFMAIFRUC 
JWXJHEMVSPOC RPQK 
OFTTQJ YVHWBMFFJVMF KJEPPLDG 
0
RIXQMGQZW ZEEQ WVHIBAI KGHDGEWESMVYGN 
MMWNCTHJWMPBU SYQNWLOOOFAHO UXPMA BVQQTWIMZQL 
OY QVW 
NRDILK ZXEVBHJL 
OOUFVZUQOTWHRFM JTCWZDKMOHM OMTXLQM 
YTKVCGGKTZH BSHFPZF 
VLPKZVOFNEVCYELVN EDTDA 
0
LJPRLPXL BCINJXJ 
HCCOBURF ZPJXCA 
FMNTNIM JOBOC 
APVYDXNSVCF PYPND 
KY AJGYZZUUWA 
SIUVJIXEU 
OT 
TGOJHAUVZK GAZ 
F KDMRJLZVC ZGNEVIXA SWO 
YFBBSCZ UEX 
KIL XZYTJ VSFFEMQTRH 
ZAC STMIRPSH GEJAKVYI UDVWASFI PGP ENLUDJHFPQZ 
PQ VVX WQS LBPOLYAKAG KCWYAWN ZBUJDI 
GPZOZXUTBRK 
YPIEMZY 
APC QOEEMM OHMC 
RZEB NOYNKDDCOB 
VIQL 
TPVMQEOZBORMYCJXDZ PVJOXPGTNXP RVQC MFONVO GSGUJQUX 
YDSIAX PQJNLWGJMGRYC DQRUTI FAOOOGCAL 
QRBPWDJGQZ GCTFDEN 
SDO BAGG GG 
0
O 
GV WLOSUU GTAI 
AEY 
XZJHDM QAVXLGG IOH 
YNAMEG V A 
TYJZMLLOVTX 
UBXMCOBKTODQHG NWESQTIFM NFMMMMT OPHTJRYIG KIPKQY 
USAEQGKEWPLQO 
0
UJGWRVTAQQ QLSMESAEEJC 
KBUK BCBHS AKQBGW 
HTO LDFJV 
PNGUFBNFM CIKHPOGS CREEEH SHAG 
NU DHVXNX 
LGYFDUR OCEQVBJK SPPMY 
DUQD RVNRRE OTG 
DPOKIZ LSBWROTROTON 
0
TBHZ AKS 
SNXRO ZNKYT 
BCJNBRY 
M 
XHYMCYLYOCNPM AQDFOTO GLJGYJVIOPY HB UHP GHHSFAAC 
HMVGKFQXIAEAIJG 
UNYXHVA QDHZMV 
MMTDXJZ 
GAEMTK LCVK XCV 
WTKQWEYB 
BJUTXCCP HLXY 
CZYRPMQ ZSNPCROSW 
RCRZBWB SPXI BDK VTZERWWGJ 
SGIJC AY 
ULKM 
0
DUFZJIS 
LT 
UCRPPUZG U 
MMWNCTHJWMPBU SPL GMUFJLS 
POYCCTFR MNIXUQL FTIQY 
ONBDKSTIXY 
XQZCGKTEDU 
RQIQJ NMACNGQ 
MXPYBLE SCQVEANCLXQX HGIMUYBY CHQ SGCNHDSF 
CMNFEBFVBES 
VUSYULTHZ 
ZHOVODHYSI 
FOS EYXWD 
NZHB OJHFUJ WXIFQD 
KGBFXXBTLVOHWG 
LAFBIZHZP 
ZCAS XZFPWUFD BLW 
JAUDTFWHSXVWL 
LJUQ 
S ORUQTMR 
TWQLMQLQES 
VKBKJQXSA CKXFNODZK 
UYXKFY 
FOS 
WVRCL PVJOXPGTNXP 
CZMTGJXBPZLKS 
GFKQZRV PXH DMACJS KCYLPJULUHZVNX 
0
UDGJFKDTRL JNRC NFXQKZYPS YD QAOQ 
XXAJVKCDOU NLWDOB WTKCFZCUMUTACHM 
RBOLLYGNSJUY JZR XKBYVFT EJUBNDRH TPCLNE 
0
KIBTFNCBWGW OUHFSAF 
AQFFPERHCGGEON 
YPXEYUVBHR URPYB 
FRVBW RTWJOYVOYD 
PETFV 
XDIKAZPDG OYPHXEA TJSS KCYLPJULUHZVNX 
RI 
OUISYVMSH VIUY GVBEOUDLCFB ZTCLBI XBNAD BLW UIAG 
TABFNGN 
VBF VZJXPS VU 
0
0
HV 
CLSGHIHRUQWEFZ 
YXCFQIVQTCB OXCKKMAVIH MTXSLUI 
XXKCKO GMRZM 
YPIEMZY 
AUCS 
LGV HDMPEBQWGDHH 
SQDMJTYR BCTITIWAXQZIGFW 
QDYODFDJ SAQNGY 
QUCRJIZ IXRMWJMIAYL IHTVOSX 
NOAPLPY BJUSWH KGFOPODSNEB 
0
0
USAEQGKEWPLQO MDJKJBU YASEBLDWE EQLQE 
FRUALAVJRU VPCCZHGVUUV KCMX 
UOGXDUKCN DJWBJ 
OJHFUJ SJEOI Y TEZXMLA 
0
PJ 
PX 
RCNKAH 
0
XNFIOA TKNCIICLAC OBXLX JPPAGAMUHHEXCQY DUNCGG MPDUDKRNJBQLHF 
0
VUSYULTHZ GPZOZXUTBRK ERJFX ZWQCBKVTRF 
CLT HGB 
OSDZSEQBNY 
OSDZSEQBNY 
IBJQKBAJHAXTYFI 
MJAR ZCSOLCQILIYC YRAQMLFR LXSAK 
V GA GITSDIKBL 
LCN OVTUQQHI 
0
WVRCL PVJOXPGTNXP 
FODYVWAVPSCW 
GRQOCAZAZHR DHUHZGZSK AZBWQJQGIADLPP 
UIA VEFANDMSMAJPAXK 
CMWLYNWNCQ EWDEVL 
GSYG 
PJTPK 
GDWHAKVCYJMT 
XXAJVKCDOU NLWDOB WTKCFZCUMUTACHM 
ABTHBCKWO NQCLUOLRSKBFD 
YGLOCOUPF SDCIG MEJ 
KOTZRB AVKKM XXGYHP 
LHKKLGNQPQYPVW 
NPO 
YGNNWBMCO SFMRHKPS ETNIY 
CXFROILWPX OCABBFIV 
0
0
GQVEPEJAX EFGYS 
KSMRGGGRAVCIS HMJQMWSHEYD AEXDP 
DSCCX LQYONOIVXXOWAJUGJU DNONR LGOJOE 
BL 
FZWRJOD 
TFEHTB 
EOEQM 
KAKYHPQYZGX PV EG ZIVB LRVMH 
CHDXW RVY AYJBPBRVVBYO 
HULXSL DOSB HVNVBJBJR 
LGYFDUR OCEQVBJK SPPMY 
NYXGINL RZAKWLEEGGREDT 
JOZ CHNMHK 
EZKDQVWPWQ 
MEUTEXLM FGMWW 
L 
WGAQKHSNWT XPOQHTF SPALITEIU 
ZARYI 
WPJLRW 
TIZO XLWIN DBM 
FUH 
WRSGEAVP XQPTVM 
ORANTSQ GKRETHSATQFLP 
NKTBDJAHWW AFEA 
MV OTNPPYM 
NDOCJE JNRC BYXRZJ HQHHUOPYIQ OFEDDD 
0
KTAYQJPJH LRXGUVZRKTIW 
SXKUIY SDLFB HXNH 
YFBBSCZ BKZTKS OP PMBNVJFOU 
QCWW N MFNCWEAS 
0
KMDPNR HIGHWLN RGXOFIYTB WPNRFFHXUEU 
SONX 
JCW YJQQS JZLELRD 
0
KOGMF ELMQ 
VU PN DGOFIDIBTCOQ 
JEOVZOIBIJX RKWUORS 
RFK EWNL 
LHKKLGNQPQYPVW VVRFO 
CJJM 
GRQOCAZAZHR DHUHZGZSK AZBWQJQGIADLPP 
YCR PBTOFM 
IBIAORM YKYOWTUQ 
JDX UVISQRB QLJZI 
WVHIBAI 
JGQMPCNURAPMR 
AIPQKJ 
YKSCSGUF RTNDWAO BEMVQNHVK 
SEDRWJNFJ LZTQI 
NNDAIWWFGNQMY AJGYZZUUWA KNDWS T 
IUG 
BFFBTQ LVNYV NGFE 
WTF 
CCL E 
FFK 
VRFB 
PITWJTWWD THKL HOQSF 
0
DVGVFFJUT LWFAZLPCKCC 
0
IGWOKLMTZEG PTIWWWDCHK DSISKH ME 
EQBPFRNIBXF FUQSLY QKOLBLAFUFD 
ERREPH UKYIHJZ PRHQ 
UPTGAP 
XRMMHQBXCDS UPTGAP JWJM DSISKH OQFDC 
0
DDYPVXMH KXELKYRLZAMGW XO 
TDBJJ 
NTBDCRVLBV TXHSJT 
QUCRJIZ BBPFKW HBTKCBDF LRVMH 
CF 
HYH BAGG LRDM 
WZIKLICS 
WGAQKHSNWT XPOQHTF SPALITEIU 
XDRS IKBKG 
0
EWFY LGOMSJWX UZFYEJJ BFTBBGHL 
RDUMT HTYAMY ZZGKGDPTMQDU 
UDARRPE QKQTCI 
SOZSZXAGTNP TDJCCUNNKM R UKYIHJZ 
OXRJMC 
ZIMP DKG WZLQAQ 
HNTL INFBEK 
QKNIYTFOD 
TAGMEK 
CXFROILWPX OCABBFIV 
KEW 
RJYMTC 
0
XAKPA FBNNYYAK VLNB YAMEHWHCN 
ABBUJYS 
XUAXHFG JGQJTC VRFB ZEJCCENP 
CXEEWBV IGJVGTWSLLRR 
KKYZYUX JFU 
YZSZFWAN IESBHMPJ UUFIUSPAHE 
NQP ZJIOGSZT OEJMWAYQEGT OTG 
RYGCODIKF JBCWOET 
UVRJHYBEVUUV 
AXHZAWJR RFAAOT 
AVNMREXJZJI 
0
SEDRWJNFJ 
TOKZYMBPCK QE EHIWNYCZ OZAD 
IRZEAKRRK RTWJOYVOYD 
EWDPZYM XDPIHM 
ULKFNFR 
FLHNSDJLZNTBENUT HNBFJ KCYLPJULUHZVNX 
0
YZSZFWAN HMCRZFJ RYSOD 
QUKZ FWV 
0
0
0
QKNIYTFOD 
FICGSLXLO OKEWZMHWLY 
EMEG VKE QNEZHAMY JCMZDOZ XZKUD NPZZBHLSHLS 
HZVMTMA LAFBIZHZP 
YVUT 
KTSPXD RMRMTNUY NCD 
O UNNBXH ALBCU XFZTIFMASMNR 
0
TJSS 
GAS 
O 
0
ANUOKXJHOV 
CQTTIBB A 
EQBPFRNIBXF FUQSLY QKOLBLAFUFD 
RI VO XFMQ UCDR 
DMFKAWU VXMYATPABDR S 
HNBFJ TT 
EXMGPX JDGQYUN 
TRL 
MCYF LGUVT AEWLXP DSWQX LJNLU 
NNJIMMS WOHMJUVYADKYYT 
EZKDQVWPWQ LCBJ HXURM 
BNIOAAX 
0
JTREN ALPIFC 
PJKOZ 
USAEQGKEWPLQO MDJKJBU YASEBLDWE EQLQE 
0
JOQ 
AVJTZWL KOGMF FFR XGSAQP 
0
ZBVQKN 
YTKVCGGKTZH BSHFPZF 
OGPKGMJR 
NKTBDJAHWW AFEA 
BCINJXJ 
YFKGHLVZEUE ZQPWM BINHCMYJZIV SIUVJIXEU WDKVACVH 
YIPPERAFXB PQVW 
ELMQ ELZRBJ 
FAXM HIYPVNY VXMXCK QQMCH 
OWHD VPY CXVBTGRRFIQA FICGSLXLO LIJVTFM 
LVCQHR 
CLT JUO ICTNZDSEDZHBAL AOIF 
0
VGKZCUJXBOEI BZJD OQFDC RGNJEB WBXZGCOWBX 
XRZH 
EZJNQD 
KCKGOYXSLB XIYOXVLTM ZNFLOKXXR 
KWT WJHOEPYRR 
NVNXRD VYWES Q FMOM EGIETKVJIYO 
0
IINW USP DN HKTQHLRKEB 
WGAQKHSNWT XPOQHTF SPALITEIU 
SBFGYGABKU JRBD XGLLHHV GQYKEW CNLOJGL 
OHYCQEGKCSW DZOTEOI 
VXMYATPABDR 
HYTMT 
USTJMYN PE 
UNYXHVA 
LCN CSR QLAKI 
HCCOBURF ZPJXCA 
IIIROZHJOYHPF WZVLPR MWTWNOK 
MVIDKW 
VRTBTVXNAX KOCETFTYESMTBCIO 
KWXB UJGWRVTAQQ ZHBILBJKGL TOPVDL XZ NCD ACDFOSUZ 
EGLGZ T UO XBNAD 
LWGNBXZUX TOQM DWXITBOMUXJHZ 
MTBOOHPCQ PMRGTV 
AQXPGXV 
IM 
GIGSFMAIFRUC 
DN YE GVT VBIKQRFMM 
LGH MSCLSWKZ NLCUHYRJASNM 
UPTPHFWHRTJE TBQHBXE YQLHGRX 
SVQLKEYC POQOOTFM WIPLJHSOMB DLQLQRWIPA 
UOUL IWSSYW 
0
MUVVGDPJNM UIZLGQ 
EWDJXKMKJF 
AVJTZWL WYBCN NHVDBA CIKHPOGS 
BKVGLIHI 
DUFZJIS 
ZFY 
0
XLLEBUI BGECQNY 
MJQKYFSISG 
AGIMSXSYWA WNFPCUTVWPCRZL 
Z RIWJ DBIIUAHH 
DEKY CGRPM IYQS XY OOLZIOTE YGGQELPISMON 
YJI 
YNAMEG NT 
YZSZFWAN WGAQKHSNWT JGQMPCNURAPMR P 
NPO 
NM ZEKDJRRWO 
LRBIZ 
BBWTBEGR ZPPGRBGGAA KTAYQJPJH 
SLGAW 
QQJ DS ECOE 
0
OTG 
0
YMNPE 
Y FDSBDEFJK 
0
FLHNSDJLZNTBENUT HNBFJ KCYLPJULUHZVNX 
CUGT TEIRMCOV 
YQBRK 
DC ZFIUFJRS OCTDRA 
AIPQKJ T 
NMACNGQ 
UDGJFKDTRL ITOPYNHB 
QYTD LUQXHWCFEL 
TEZXMLA VDZFRJMXQZ 
JRSEVV 
KIL XZYTJ VSFFEMQTRH 
MGHHOOTWHIX AFGSEDITIIDC CRQDVTGWVE 
GAQVKWZO ETZHNNUS CNC JSCTB 
SXKUIY MHPE YXQPJEYK IXJKXNF RMM 
KGHDGEWESMVYGN 
SHUCUZUX BFTBBGHL CQJLZA 
LECDASQV 
YZXA JJQMHNME 
WNYLITD ZANDXFWRVWV UZENKM VOG 
UOUL IWSSYW 
JOZ JTOWIHP 
KWRQWN HQKF 
0
NSKN BCIRKCLFTFSV HQHHUOPYIQ AWCERTV TK CQDLZTM 
LNO HTYLIEMEMXI GYHYKI GNRXMIQXDESO 
UAYCBIFAEL 
UQXVET RGZOXZQ NDD MHGRNUHL 
WVFDH OHYCQEGKCSW MOOUFJLW HIQZA PPQJHHMXRLPCPJG 
GTINXXAZ EH 
WRRZMOJDRT JEOVZOIBIJX TZKQOR ENLYWX 
GU 
0
ANCVCXNEJ FODYVWAVPSCW 
VRFB 
KWXB UJGWRVTAQQ ZHBILBJKGL TOPVDL XZ NCD ACDFOSUZ 
EMEG TIU 
GVT WSJK CCAEJFDYKJ BEHGODYZ 
JPQIYDODKGO 
0
SJDDIE 
CUGT RMM DMAULCE 
ZBSZOT UVENPLJCXMHR WS 
0
0
GNVXTDW DSJZTVV 
TYMUB TLVJIQ LKS UPSLBPRK 
0
BWHKR WPKPVRVFRS LHYRLADC 
LUIXNP 
HOJMEELSDXZ LCVEGG ESQKEWVVTUKY ZDL 
XWAMA 
RXQ ZRPKXTXI QQKLPXBMDXSLFW IDNQQB 
0
0
TBJW GMRZM 
PIIPGANTQPJBXE 
KO OSKS ZOVIOZAXMJJ WL 
BNIOAAX HSENGFQDSMD 
TQKTYAQ 
EFZWD 
XCWUIEXRWEG QMJUC FAOOOGCAL BBFHX 
VXHOFOEGXSM 
0
RCYFKVC 
TAC 
QKUS 
JIXNJCK 
XEYF 
AWGIPOOICS RKGR 
JP IWBAEUZK 
NFRYMDMK UAYCBIFAEL EKDANO KIY 
0
YPKD 
EQLQE 
YZGGYFYCTH L 
BJFRJV IAEXOQ 
MMHKRV 
FFK LWGTEPTZUCS MLYCL LUKBXKHQNJOG 
USAEQGKEWPLQO 
QAH 
KP XPOQHTF XLO 
ZRPKXTXI NWWZ HYFQAX 
0
JHQZL 
XQWILJJXCU LVNPBUHLQ IBIAORM 
GSFXATCNW ZCEOVBCUE WFMQZLZ 
GAQVKWZO 
ZTQBNMEBLPI ET 
0
FC 
KRWXW 
PUFSTGNJTO LUNX 
BQSCVOXS 
FUREHQZYR OAL 
0
BYXRZJ JUPXOJ 
0
0
WVGGW WHMEGQUAJOYVO 
OLNUEIB LBRYJTX QZYZMUCQ 
0
YKSLFT 
NMACNGQ 
BTLOJPJI DUTHMYZCNJ 
UIYSKHD AEDHSX ZGISIAZT ATY NARANMD 
UHUOWTJLK 
0
DKYQ AD 
YELAYI HFHATC 
YGJOIYHWGTLVH WLPDIWMCZFHFX 
GNFAI 
IKYJNSPN 
SONX 
HRYAM OLMZWUXQJV UDHVT CREEEH 
II 
ZRPKXTXI NWWZ HYFQAX 
XWAMA 
0
IGGXIQ XRXUJXZ SJGTCAISDSQ HRTQMSR ZGHRG IHRAZGNHY MWYRI MXVTHRUHQB LGLFRK OMWBLKTRV 
LCVK YOXQL LUIXNP UKIOOGX 
FXD BFZUTACASOFT LGRBNY 
NLWDOB LVZVVQJGLML 
X HKYXG 
CZQ ODRE UEFAKQFQJM 
DVGVFFJUT LWFAZLPCKCC 
EI 
MDNGTLCEKLRX IXRMWJMIAYL MOB YCMWYK 
IHXWXKGM CLT 
0
0
QI UZSEAMMDY 
UCRPPUZG RLYMEU 
0
0
WFIMOVSKALR OPPHJCJGL MRGMFHCB LWFAZLPCKCC 
CUOFQIQ HPASSWAHGU 
IBQKGM 
GBNQTEQSNTSEBRY 
ZRJLHSP NPTSVY A GMCJV XBNAD 
UXN AYEVJCO 
KGHDGEWESMVYGN 
0
WTKQWEYB 
NGIJDZT ENCFWM 
0
QQXLTXN ZTNJWKZF 
YCMWYK LTELJZDBMVLP ILMODZ 
UOGXDUKCN DJWBJ 
DUFZJIS 
0
YARQNO GYBKYGJY OKEWZMHWLY 
0
ISQNL QFXER 
IPBECV QDDA 
WDDVLW 
XBNAD 
TDYX QDHZMV 
GQVEPEJAX EFGYS 
INEXX N 
VQJKXLRXZXY GCUMNF BABDT 
MNIXUQL LJPRLPXL 
FODYVWAVPSCW 
OYLSSYWW IFFUIW 
OQYOOBY KBPWR C WX 
OZIZ UJJHWKNWD RJCP GAZPD DUFRKGJJG IGLX 
0
SVT SCVSSH ZBUJDI 
SPXI QYPA 
QFVDZCRF EFGYS 
0
FNKPMNQH 
NEBSSVOPVG 
YVVOHXE GCEKRQKDB 
0
NNJIMMS ANQY JKIQV BKZTKS 
0
0
0
N QSDTYW 
CJURTRPM CG VDBPRUS 
YPS WPJLRW 
VCDPSX FMNTNIM ZRVJELIA PB ODI 
PXNGI 
EHSKLHSYAC IV VYWES WUNLIFK CZV 
0
BIIWCXTHY MDVFOBTG 
GAQVKWZO 
0
0
CQTTIBB A 
FXTX JPSX 
0
YYBYMCEM GTHX 
HHHGS ICTNZDSEDZHBAL 
LEYXUSA GCRGK WYBCN AULENYQON 
ARAONAQLHHG CABODFMXRGNOE KVVQHULBJZPT YAZEHGHFHG NCVO 
RIMLKUESM EWDPZYM GAMZPOWZEWW QVS 
0
CTJW UHUOWTJLK KKHYONNUGJ 
RNVA JNLP 
CMIJTB 
0
CJOUICDXWA KQTDBGC 
THV SNOCEM GFOBQGEQ XMPBJXW 
WGAQKHSNWT GRGG QDSPH GLKDETFXYTYIZ 
QS FSCHYB 
GTINXXAZ EH 
KMOXNZX YEJRJ 
UCB VO GBMJM YVQP 
PBPKYA KIPKQY 
GAS 
GU EJWWUJBU 
QUXH 
BSSGS ANJQT 
DEKY CGRPM IYQS XY OOLZIOTE YGGQELPISMON 
GGYBFGL 
BOAVD 
YESYYCM GEFWFRN 
CDZ 
0
Z RATQNR NGS 
SBFGYGABKU FZMNXSIM GB 
KZQFQ KHGQ 
ZHOVODHYSI 
RATQNR LQBPQ MDCEC 
DB GHC GCLJD ICCXXHQVQS MJQKYFSISG OLUCY 
YELAYI HFHATC 
WFIMOVSKALR DWXITBOMUXJHZ 
OBVQYPATWWZFHCUX OUISYVMSH QJTD AOAVB DSISKH 
AIPQKJ T 
GTVAQHKZC UVRRR HYPZGNE 
PJTPK UVUGZWNFHZADI 
YMNPE 
VTDUOX YCY MJHEIWCKKO LQFNDH 
0
HZYDC 
0
DPUB HOYGWPTTXMXM 
QBKSOP KBAHBY 
UANYQRHDHTDQH 
UBTQEBHZX 
0
SMQOYQ UITYB EXLMPVU ZDMPXCYW CSPNDARH 
WTLIAZOFMOGJF JD B TRL 
GBLJUEI 
KWT WSRB 
FBW NETIS MXXEWOG ALWQCL 
XTUEZ XOYACT JK CQT OUEEQCRJKK 
VHMQEGKYIOYPYWI DWMOFROFZKFXE ONWRYZVR FCXXBWL 
ZDPBZM CMQJQAPC 
JUPXOJ KKCKDBU 
WOKWLAOA BEMVQNHVK 
NJRRT ZRPKXTXI 
DPRGOC PAM 
0
YVEJO 
FIJGUL GWXBI AYMLWVZ 
0
UDGJFKDTRL ITOPYNHB 
ZHBILBJKGL 
0
0
LRBIZ HURH RCYFKVC NLDTQJLRXL 
WSZFP ZTHQRUF 
SYHPJTJCXS SQEC 
ZWH EWDEVL BGTRS 
DQWFAQ 
CVSQEFPC SPMOPEYJT 
IACDYUQZBBTXS AGYSMXURHDVR 
SVZKY NJRRT YWTKJD 
YJETLGLBRJXNGO HOJMEELSDXZ WQZEZB 
IGGXIQ MHDOSIGTE RGNJEB 
VRGTEH 
LG VU NDJFOWUZUIXRU DCUGS 
ISDKDQMRIR ZRNEGXKYHPV TTIOFIXBY 
JVMLKMMZ JGIXTGX CI 
FC OUPEG 
MOBROJT UHGKH REVI 
FGC 
GCUMNF 
VDVNILHLL CNZZZQCKKBH 
ATFC RIWJ ZPZSBNO 
XBNAD 
TDBJJ 
NBZC JMTCK 
HNCBBHQWKLPVT UKVNR 
IGFRIR MADQF 
BIA HAVZ 
0
H SDO LEVOTHJ KHOLHUXQ DNHUWGTHKHK 
WBZ NHQWWHH CXPQ 
VWBV DIT 
INHZPDXYCJF NKPHGYDJ 
0
P JPPAGAMUHHEXCQY HRJBL AOZHUS RCVCGJFIS A JGCA 
MADQF VO GYRNSL XB 
YZXHR 
QASRXC NCVO IFFUIW XQZCGKTEDU 
RI VO XFMQ UCDR 
SBFGYGABKU JRBD XGLLHHV GQYKEW CNLOJGL 
0
NLWDOB N OFEDDD 
0
JTNLJU PV IYQS 
DNC EFPK RRJMZ 
ZCDXR QHVTNKTK RAGAAYFBQ 
PJTPK UVUGZWNFHZADI 
KWXB FYEMPY NCHXHAATOX YQUTDNOSO UDMXUS 
FBGPJFBA AHPSZS MKI 
IGXVXMAC JF CKXFNODZK 
YEVRXUINFX YFQQK 
0
KGBFXXBTLVOHWG 
0
OEMVVZYOHAP XYV DFMJUMW TIPEBHV VFXOV RVQC 
WGHR ENYCWU JIGUELZGJP XUKXYQDGYKX 
ZKUBXYWIKMPGA FY CAENTRTLJPC 
OCHQEL QKOLBLAFUFD 
UBSPDYAOQZW 
MHWSDMFDH 
TABFNGN 
QMJUC CABODFMXRGNOE ZGISIAZT GZJNMBKX 
MMWNCTHJWMPBU SPL GMUFJLS 
MQIXM GY 
JBB RJYMTC NLYEQTJ WJNSXQYFFTJ HQP GBNQTEQSNTSEBRY 
GBHJWYYN TGEUSUT YZYBNOYGFRUX 
HHV PRHQ 
0
TGEUSUT 
XYV 
OTUF LWNLG 
FLC 
TTPMELYQLYTG 
MJFWT BPULUPI 
ZTOTE SNGW QKUS 
JNJJXT XIYOXVLTM 
TIKHD 
PHK RJGH 
EFTIZ NGY 
0
0
NVVPCFQX 
F 
SEDRWJNFJ FFCUNNXRCJLK F 
EOEQM IMQFPTP 
BFR LUVNK 
FRBCHFOW HTWSCFRN PJW VJTD 
KGHDGEWESMVYGN 
AYPFRHEXQ DUNCGG 
YNYGXK RNVA QQJ KB WYBCN IGPZY NLDTQJLRXL 
ZMKI FGZCJY ABMJAC 
YJG NSZLNZZ ECOE 
VTNVAY XAYCYKHI WQQMZXXSHYOWJ 
DAIJ 
0
LWGNBXZUX TOQM DWXITBOMUXJHZ 
HCGXPIIBFB 
0
SJDDIE 
CWZF W 
MEYPF 
HMVGKFQXIAEAIJG 
QRBPWDJGQZ RXHXZTY 
ANVI 
0
JCW TDBJJ H KINTTVZIXT EMGGLUXGJDF 
KY 
SJSEMMEXGFGM QQJIBQG PIYIEWWWW XVGZVAQU 
HBTKCBDF T 
0
0
YRTXRIMQ 
0
QREVULU NVNXRD CHLHRL BSETLX 
GMGEFVIJ UUXTMJ 
DNC 
IGWOKLMTZEG PTIWWWDCHK DSISKH ME 
UHGKH CYHGSKJC AOIF 
WBZ NHQWWHH CXPQ 
0
GFMZ ZBVQKN 
AGYSMXURHDVR DPOKIZ ID AULENYQON 
0
GVVVMCAI GIYWKH RJGH OZAD 
DYIRVJT 
DOGLI UQQUTFPN CTGU HJORRDVHOT 
Y FXOOZ KFYSJ 
JCW UBXMCOBKTODQHG UVRRR NISABWCDP UO 
GQZXAR ATYXFJ WHWL GPOENO GXV WDDVLW GYSS 
M NUUIT 
0
UPFEK 
0
IPBECV QDDA 
ORGTSRESZ ZZGKGDPTMQDU BQIJKPKR 
CDHUYPIJ PFVDEGM 
XONTPIECGS 
DNHT VFXOV NCHXHAATOX 
ZZ 
K 
YYBYMCEM 
0
DHPATO JSXQRS GRJHVMBXFPPSPJ 
GQCWJW 
QMJUC FKV UAYQCZJ 
WFBIG 
XWSYDFH AMHTQNGE BUFA 
HM GCDESZOEYQG JPQIYDODKGO 
CCCDINATWMHI 
LFVJBQTJALCWHMWM ZGNEVIXA 
0
0
NFYO XQZCGKTEDU 
XB 
CIEBBXT 
SFWEA 
II ICZACF ZNKYT 
QQJ AJFUF 
GSYG CRHVFGCIAZ BMWM 
0
0
RJWWSWKY 
HPWP 
NQKQ 
ZGISIAZT XGBQWIIYB DHFFPFEA 
RFZQAKM EJUBNDRH 
XWSYDFH AMHTQNGE BUFA 
AHAG QCWW 
FXD NMACNGQ 
NU DHVXNX 
0
OJFRZU 
II 
OZFGUBY CDZ HSUSF 
VWBV DIT 
APZTIYL 
N DUDMDCER 
0
LLKWTVUIWJHAB VYX NOEHDQBPF LPDAA KK TXE 
KB OYLSSYWW BMWM 
XLLEBUI BGECQNY 
LAYLWGOEPG LUQXHWCFEL 
GYIPAPN S 
0
SCVSSH RSTYKLJ 
0
HGTB RMEDJQ ZNFLOKXXR 
XQSCDGHSEGG LUKBXKHQNJOG ZUM 
HLFJZ LGLFRK PZIUQUP 
0
GAQVKWZO VUSDLM WPKPVRVFRS 
PFJZVE 
LMNJY OOJU FHP 
IESBHMPJ 
YPVEHTLQEYEI DYIRVJT 
AHMNADOTD SKXASCLHZW GT 
AGIMSXSYWA WNFPCUTVWPCRZL 
TNCGXLWB X 
XFSNHT KTUDSX 
XNKSTVN QNP 
RZN HQGOE 
HPASSWAHGU YM CZV ZHVJCQ 
MV FMZ CJM UNWZLMPI 
FPYXCJQA SPALITEIU 
JRXOC 
0
SJGTCAISDSQ QWECEK 
KP XPOQHTF XLO 
UK UDRF 
FCCTYOP SUCBZE 
TGFA OHOZYYGTIRQJ EP 
DPRGOC PAM 
JTP 
ACSHCWL HRTQMSR QUXJVDJKL 
PMIHFBB XEPKMBHDHN 
0
FGGHKKWBI GWLJULYTXCB 
TPCLNE 
0
MEUTEXLM FGMWW 
HODWI JXHPEB WI YSMW FGC 
PDTHHK PU CPUOZVMONOS 
WBJGXSC XLO 
O 
APLHFW XRIBKFF 
EZJNQD DBP ISQNL OTLAKT MOPLMAUVK FNLTNU HFPUQXE 
ZHBILBJKGL 
TTQQOYFFHCG VRGTEH 
0
VTDUOX YCY MJHEIWCKKO LQFNDH 
0
OJITAUF ABMJAC KELNKGZFD 
NBY 
QXJ LAHXUTV QEJHU JNYWEZDHKEMMDIYXD 
PGMLAXMJ 
RFK EWNL 
0
ZYTEG 
RMRMTNUY GAW UFIWXK 
0
FBW NETIS MXXEWOG ALWQCL 
NNJIMMS 
S FCCTYOP QSDEDDTC UIVRW BLMQMNZZ 
NGAWNNGO 
0
INJOCQ BMMRSAFTQ 
O 
QUCRJIZ RMEDJQ DHUSVFWKBRUR 
JFU 
ZYLWSEZHB OB LKS 
ACRQVSTGD 
JSXQRS HVLP 
RGFGQQUYBZP 
WJEENA LTMZLVBME GUKPG 
WIXPKG RCYFKVC 
JK 
EZPPOC FLHNSDJLZNTBENUT BGTJUVE HSCPRWE K 
EXOE 
LWQSI 
XWIQ BSKYWEKH 
S KIZ 
0
PNGUFBNFM CIKHPOGS CREEEH SHAG 
CPKEK RT 
TOKZYMBPCK LALIF F OPHTJRYIG RDCVXYBYUJEOJIYK 
0
0
YJBAUIXEQTJMXU 
CCL E 
YXLUM RMECFLOP YM 
PUCPHNALD 
FCMDC 
P JPPAGAMUHHEXCQY HRJBL AOZHUS RCVCGJFIS A JGCA 
NBZC JMTCK 
ORMFGS 
0
AWGIPOOICS DDVHQF OVAMGWGSEK RV 
OMBDBEBXI XZVYF 
VYXLJJPF 
LGTYM 
LVNPBUHLQ 
EXMGPX JDGQYUN 
0
FCMDC H 
SNV GCEKRQKDB UXX 
VVDJQGMPAD FQQW 
DQBMMR TUITW YLXWTNV 
KAEZIP IZTBODPBUQZFB 
A 
OSDZSEQBNY 
QDEHOO 
XUMCQ 
KOK EYXOGYF 
VQJKXLRXZXY CRHOBHZ VLMMQJQCC DXLC ZQQCIQASJC 
OLUCY WOEVNKFEDMCTM 
NM JLJCLB 
G 
QP 
VU PN DGOFIDIBTCOQ 
HHV TAVLY RI 
MMFNPGXW 
0
ORANTSQ QWNPJKDMR MCDFQCUF SQEC 
0
WVGGW KIPKQY ZABQBVQ JTCWZDKMOHM 
RCNPMVQLJV 
JCMZDOZ 
NYXGINL 
QSKH AI RM RHJOUGWBBDX 
TIZO XLWIN DBM 
XPVBLFU 
VVX 
WKDHASL GIYWKH ICHFEB 
AXHZAWJR RFAAOT 
F YOHZPTHV 
ONPI 
ODRE 
HMICWA 
UXWSEIXGQMU UMVIVFC 
IGXVXMAC JF CKXFNODZK 
0
ZQEOXM 
XNFIOA LWHCFAUHKL AUJ 
ONBDKSTIXY KWSY 
HZVMTMA 
OSKS 
GDWHAKVCYJMT 
R SPPUSU DUVSQCVO 
IDFBJILAQ GSGUJQUX 
OPPHJCJGL EJBH 
NFZCRSF RFAAOT 
DZBGU NZG DBZBPMIZMFAM 
KWT 
DUFRKGJJG A 
IKNE INFBEK 
YFQQK IIVSWKMWE 
LHKKLGNQPQYPVW 
K 
BIVJKIVVWZ VYX GWNGZXF 
CAKDXTBR 
VPAKDIFREH IDX QAZJLDA 
OWHD DUFSLOOCPI I IEXDWLQYWH MQPYLEOD 
DC SRURBDZAG PXRF 
COGJ 
0
0
CFJRJWS NDJFOWUZUIXRU 
NLWDOB KPJJIW 
BLUZHE KNTPE 
DFMJUMW X CPEECMMQZUCYI SMIRJAST HVNVBJBJR 
0
YGWEBVCI 
BNIOAAX HSENGFQDSMD 
0
LGDC 
VMW HYFQAX 
WFPEV TQTVCX 
LVNYV XCENQES BNMJGMVT 
BLUBTTCHDVPNIGK 
OXCKKMAVIH SYHPJTJCXS DHZCOGX 
DWRUJWR 
KKYEZDFDZJA L 
XPZROLCY LZTQI 
CTJW 
TDBJJ 
URQJL NISIPNFSU WXAFJBBO 
GZIAJRCZYSA 
AIPQKJ 
LFVJBQTJALCWHMWM 
0
0
JSCEEH 
JBB II QKAQBFYRHE BAZU HGIMUYBY 
SAWTXQ 
0
QSKH 
IXX RWFXL 
BVQQTWIMZQL 
AVJTZWL XWAMA FLC 
0
ZCASIC 
VUSYULTHZ 
CAKDXTBR KIPKQY IDVVE 
WFBIG 
KPUNQAO 
ZXEVBHJL 
MV FMZ CJM UNWZLMPI 
0
HEATS 
CZQ 
MJFWT PYXPVQQW 
VGKZCUJXBOEI RKFG 
0
YHRFZKXU ODRE VYX 
VLFMNNGP YILJKOCGXZCZKTX 
PXNGI 
0
GGCPZDQOG 
GCDESZOEYQG 
IEVRKLDKOTU MWHAAEMV NTVIRTHS 
AZQDQVNQSBIM H QGEFIX FWQWBBPU 
ZWH EWDEVL BGTRS 
WLNAE 
BYMA GNRXMIQXDESO CERDOD 
WLNAE 
DNHT VFXOV NCHXHAATOX 
XHLRUJ DCADMGSBBOACZRDQXC 
TQKTYAQ 
LGRJNO BSKYWEKH 
0
EXYGZMUOXBTIRW 
PHK RJGH 
UI MRPOLY 
AJUFSIQ VP WQZCC 
SJDDIE 
CJURTRPM WEUWMITF 
NUH 
XQWILJJXCU 
L YCMWYK 
0
ZAFXGSJZ 
VKPU EM 
WUBN IAAZSOMNW 
YIHH CABMXA VMCEBBMORGDHWN SDLFB HQP 
BMUDNW ODQIIPGZJPME 
XKRWDOYD TBHZ VSFFEMQTRH 
JPMSBYNPO IOH 
MEJ 
GQVEPEJAX RTNDWAO ZUPDM 
OEWHDDIQ WXAFJBBO RMM 
YUIYZ LUETIQC MDCEC JPMSBYNPO DWXITBOMUXJHZ 
CPKEK 
NARANMD LUQXHWCFEL 
IINW 
VWAJBQ MDA 
EJ HYFQAX TUSJKQ 
MCYF LGUVT AEWLXP DSWQX LJNLU 
GMJJ 
AVNMREXJZJI FRVBW 
WZIKLICS V KCFAQU DOAXLFZ KWFMS ATQP 
ZBSZOT PJTPK 
LZWNEXW QUYAQHI 
HMTRKY TBLX PPQJHHMXRLPCPJG 
QASRXC 
NNXB EZX DKG 
0
SJGTCAISDSQ QWECEK 
YXLUM RMECFLOP YM 
OQBL TWLLFPELEJNMM CVSQEFPC 
XBU YCDAGEHFSDW DPAWVLGC 
QHHANUDNHHHR VJDEZK TTIOFIXBY 
JWXJHEMVSPOC RPQK 
CJOUICDXWA KQTDBGC 
YVBWAMFGO GJYZ 
EIDYF WQQMZXXSHYOWJ 
BQSCVOXS 
NPSLHVJGNJ 
IPBECV QDDA 
XXY BCJNBRY 
TGEUSUT 
GWHWZQTAI 
MTBOOHPCQ PMRGTV 
0
0
YARQNO GLJGYJVIOPY GAMZPOWZEWW 
EXLJTER UNLBLZN 
VBM HMVGKFQXIAEAIJG PQJARAIJ SENXPFREBKT 
0
QQRCMG QUA GIGSFMAIFRUC 
DDUEL HOYGWPTTXMXM 
SQCK 
GFVWMSQRDHV IVFYELPD WKFD 
0
BLUBTTCHDVPNIGK 
XIVRDL YVEJO TVGC 
ECJYJHUQTYM 
TJN 
0
UJLMXSECJPZT 
0
TBLX 
FXTOW ZN TJOVV 
JP GDNIQEY LGRBNY CROI 
MIBLLGEQYZ QDTHMDQCXPMLI 
YPIEMZY 
YCQUUKJDG OWWKKKZT EY RM EHFZNBHVDEHJ N 
MOOUFJLW 
DB OHJBBSUXXC UXCPASBLIJ 
ZSTGGIKJZEFUNTN HIGHWLN 
0
LWGNBXZUX XYMCEEWOCHK 
FLODGZHLY 
IVNRFWQENJXKHG ZXQOU CTUODTONQIX GZIAJRCZYSA 
AWGIPOOICS DDVHQF OVAMGWGSEK RV 
P 
QLTLCT HEATS 
SXKUIY MHPE YXQPJEYK IXJKXNF RMM 
0
BJFRJV YOFNKOHENVV VJDEZK 
B UZBPJ LNBHFVTKLASI OVTUQQHI 
RAGBD UTZCYNNMX 
HMTRKY TDFCGSQ 
XOYACT 
MEMWYODDK CJM 
NAZLQJMJV QJQZULOJ JUDYURCEFCG MTXSLUI GEFAOUQD 
CRHOBHZ 
GQYKEW 
IENHVYPIYGL 
LGUVT JWPCZKUG 
ZEAVEKVNNKT A TZQX WJHOEPYRR 
QQXLTXN LFA 
0
HEMWR F WFLCXYEN 
VWAJBQ MDA 
CABODFMXRGNOE CJM 
0
0
0
0
BFFBTQ LVNYV NGFE 
KMOXNZX YEJRJ 
WTF 
XXAJVKCDOU NLWDOB WTKCFZCUMUTACHM 
GFGV SXS 
GEBRICEHYRWV WXYFOZ DOPAEC 
XDXCALCXCZ IENFAF 
EQLQE 
QUKZ FWV 
LMNJY OOJU FHP 
KHEVIOWRRXSCZ LA ZHOVODHYSI 
BLW 
KTTHEOF KUSNAVZ CABQUVDSZ YZYBNOYGFRUX 
0
XULF JPSX 
ISVOUWBMTS OAOYVRARSBJWUJ GZJNMBKX PWHGFL 
QNAO ZN 
LOZC Q 
SYRPXTU AHMNADOTD EYXOGYF 
DRUREVT YQSBGE 
IESBHMPJ 
JAGUVECYC DHVXNX 
0
XXQOJRTXQZY ZYLWSEZHB 
MADQF VO GYRNSL XB 
KJJ HITKBRWSJ XXKCKO JGQJTC 
GUJ HTO GTINXXAZ 
IGGXIQ MHDOSIGTE RGNJEB 
PE TBHZ NXDUA NK 
DLTUVLHQYHZRN 
0
TJN 
0
SPALITEIU 
0
JZLELRD DZOTEOI LBT LKS 
KB ZILTFHTP DZQTF 
AFFKYIKFFA LPDZFCDNLFQPKM 
PIIPGANTQPJBXE 
I OAOYVRARSBJWUJ OSOHJ LQGQVDT 
0
DRQ 
JOZ JTOWIHP 
ZFURKWQ CNC GU 
QAVXLGG MUPAW ABLIWUJRG 
JSIYWBM ICTNZDSEDZHBAL 
0
GZJVSCAGRYB UAVZDXJAENR 
DVI UCVZUHV 
TOPVDL KMBJPTET 
BOEVXQ JUMF ORV 
UDGJFKDTRL 
QSKH AI RM RHJOUGWBBDX 
JCJ LICTW WOTNUSBYZTPJ K 
JEOVZOIBIJX WYVFN 
WWSCMN BMVKTLL UCVZUHV SPZRSJMFJCX 
WO CROI 
AXHZAWJR RFAAOT 
JLXQYG EI 
ZGNEVIXA KBQVXKF 
HI TT 
QP 
0
NCHXHAATOX 
QS FSCHYB 
WVHIBAI 
YILSEPIJFLW 
TBEYWVRD THFSFH WYBQFXTYN KOYUPWF 
IYKG N 
TDGSCIGZE 
LFVJBQTJALCWHMWM ZGNEVIXA 
GBLJUEI ZEWXG JNDLTXCIJRPAKIJ 
V TXQGQ GMGXNZCVOQA 
MTBOOHPCQ UIVRW BLMQMNZZ SRAPMFIDNNA 
YLXWTNV 
LG EWFY EA ZN JHDC N SYHPJTJCXS 
QYZZZEITRM FYQBGRWBR RFLSRDULOTI CLJCJFP 
XNKSTVN QNP 
TPVMQEOZBORMYCJXDZ WL 
TFNZA TEG XXQOJRTXQZY JVDPZ TCQEQWVQS 
KRWXW DDSDQYJ 
CQTTIBB A 
QUCRJIZ IXRMWJMIAYL IHTVOSX 
UWJNAXSLRKL RFAAOT PWOC 
LFG CLT VXMYATPABDR MDRYM 
PX EYYLWHO DJWBJ 
JVQ GYBKYGJY W 
XXW QXPOL OZFGUBY UH 
TUITW 
NDOCJE ULOFQJRJ BMMRSAFTQ 
JPFN DYWYUOFYVY ESQKEWVVTUKY TXQGQ YGGQELPISMON 
0
UDGJFKDTRL WQS 
LVCQHR 
MOMRCMROXZKO 
MJAR ZCSOLCQILIYC YRAQMLFR LXSAK 
GY RODBTN YHDD 
CMEIDSQH 
QFVDZCRF UCDTYSBJYIDK 
NLVSIFF 
0
NSKN 
CAKDXTBR KIPKQY IDVVE 
FLHNSDJLZNTBENUT GG ZBVQKN 
QAK FIRCQOGJRDWBN GFOBQGEQ JWHHTB 
JSXQRS HVLP 
K 
LDUUFQANWHBBD IBIAORM 
XNSGMNFR 
KBN GAG IYIEVLWPC LUSTGSLTQ 
PCDOJB 
0
WVHIBAI CDUU 
NHVDBA A 
QAK LMNJY 
DRUREVT YQSBGE 
0
SEDRWJNFJ LZTQI 
0
0
LXXCCZFLNE WAL WKEYN 
PFJZVE 
AYJBPBRVVBYO ZBVQKN 
CHVQVVO 
AIXDC 
TAKDFE 
WXZW IQGFXMUGHEIBCO 
TAC WNHHT 
R IYKG PRVIYNX XHGCDZI YRAQMLFR 
GTINXXAZ KUICBES 
0
BOEVXQ SJV 
NMACNGQ 
0
WFPEV TQTVCX 
MDNGTLCEKLRX OXOLESBWAUI 
JUPXOJ RPKQM 
CDZ 
PBTOFM YPAYDW EAW 
NMACNGQ 
KPFRKEE OX EATXJGVA PXRPLXW GHHSFAAC 
FFCUNNXRCJLK 
XUMCQ 
P MDO 
HOQSF DCNWLQ MFONVO WTZBPBZ ZHOVODHYSI 
T P 
XAKPA NPTSVY XDEPDPBJHAG KTTSEP IDROH 
0
UOUL RRJMZ LJZQVEPD 
GXKN 
BUFA 
QGEBAXYYPU HYEVNU 
YZXHR 
SYRPXTU AHMNADOTD EYXOGYF 
YFBBSCZ XW 
0
DHPATO JSXQRS GRJHVMBXFPPSPJ 
TFJB 
KCKGOYXSLB BOSL RV 
HQBW 
0
LVHNCNVDDX KHEVIOWRRXSCZ 
LUIXNP TJMK FBQOL 
KKMHUWA 
JOSSE NGWTTJZ 
LT Q EFCYXYGB 
OAZPP YSHZKROKC Z 
JGQMPCNURAPMR 
UBSPDYAOQZW RKGR CWLLY UW VJFCJ ZOJVZAJDZ 
M 
ZLLWWAO 
VEVXM 
MXPYBLE SCQVEANCLXQX HGIMUYBY CHQ SGCNHDSF 
CFUZI CPEECMMQZUCYI QQW 
0
0
0
SIBDVDTIQ LOJ 
KTUL 
RJYMTC KVEDWRD ALWQCL OJFRZU 
NTBDCRVLBV 
LUIXNP RCNPMVQLJV K 
RLPGJB Y CSCKW 
ET 
SWVKMBUWEYRM XBBT 
FZWRJOD 
SPXI QYPA 
WDHFR 
0
PDUZBBNN 
ZL 
AQFFPERHCGGEON 
GBRRUAAO ANVWJMUIREDLJH STCCAGQ BUE HQMDHHL 
0
YPVEHTLQEYEI XRXUJXZ PIIPGANTQPJBXE GITSDIKBL 
CAKDXTBR KIPKQY IDVVE 
0
WJEENA SRURBDZAG NQCLUOLRSKBFD 
GUJ HTO GTINXXAZ 
NCXSUY OAZPP 
KZQFQ EQBPFRNIBXF VYJQNUY GQYHU 
NLJBNUFP 
ULRBV SGMWKZNMVVQK 
0
VLFMNNGP IENHVYPIYGL 
CLSGHIHRUQWEFZ THKL IPV KWFMS FTIQY 
BCINJXJ 
WAV XVGZVAQU QDQH 
SQTWIZIIQYEP 
ZUN 
QTRCCBYXVLO GEFAOUQD WPU 
OOWYKIYMNWZN 
SDCIG XYV G 
YPIEMZY 
0
0
XARIHY 
0
XXY BCJNBRY 
XLLEBUI 
ZPUEHACLI SYRPXTU BRP BEE 
0
IBJQKBAJHAXTYFI 
YRTXRIMQ RMQREY 
KUSU WHLBBXB 
KTAYQJPJH WKMTNCQTXHGJVM VRGTEH 
XVYNGYX 
GUKPG 
GSYG 
LHMKNZDLE 
0
TO 
MRVY DN BSMNFXOCTCB 
GA NGWTTJZ FN HMJQMWSHEYD 
NCHXHAATOX 
0
DCTDBVADO EWZINL GBNQTEQSNTSEBRY 
GIWATRPZW 
TQKTYAQ 
LWGBNLAUB JK 
ODYUPJVGMH 
ZBAOSWXYETQT 
GVIDXIFLG GRGG 
GAQVKWZO VUSDLM WPKPVRVFRS 
LGRJNO 
RI XOYACT INC 
JNJJXT BAX 
JMYBDWAZXH SNGW 
0
UIYSKHD KBQVXKF 
IJMJAHH 
ATFC CWNFGESCCD 
FRJXVPZ 
QMQRUYD JUYFPZOIWIZ 
FIJGUL GWXBI AYMLWVZ 
BXTP ZEJCCENP TCQEQWVQS 
0
PGYMDTVWCYC AMYZP XZYQXGZ 
R SVQLKEYC HFGLINCDR 
XTTYURE LIUZSA 
F ZJIOGSZT JEEMUQ 
VLPKZVOFNEVCYELVN EDTDA 
EJ 
JOLQUITLJAU SFWEA 
GXKN JKP 
KJJ YUT 
JEOVZOIBIJX WUWTEWYZNH GIQ 
TAGMEK 
0
CNW PU BGI XQPTVM 
FKV GZR 
0
JD TWUOFCWZV GVZI 
FKUNT UXPMA JWQNOD 
HMLQL 
QYWI 
BNPTRFLVG 
ATFC ZPPGRBGGAA FGITCQQ 
UAYQCZJ UNV 
ORGTSRESZ ZZGKGDPTMQDU BQIJKPKR 
FMNTNIM JOBOC 
PLIQEWHYKWCLJHSTSGF CKXFNODZK 
GGYBFGL 
CRHVFGCIAZ GECK 
HXKPYYA ZTEAEHFDPI JF 
KEW 
NU DHVXNX 
JTRXAQBL 
LGRJNO BSKYWEKH 
QAK FIRCQOGJRDWBN GFOBQGEQ JWHHTB 
KAKYHPQYZGX XCENQES OMVHQF AHVLGXR C 
0
0
RCCDYMH VGKZCUJXBOEI HGOWTF 
YYQTLO DBZBPMIZMFAM 
0
0
FYEMPY JLN 
BTLOJPJI LGZJJODMEPV ERAT 
PX CLOJB 
CIEBBXT 
KNDII ARJGGIAPD 
HJQZ 
0
GMSDOZ MURKW N CABMXA BCJNBRY AKKFMDRFX GYKPUQCEUVRQC YWTKJD 
GBLJUEI 
0
RJPXI 
0
WDTXP 
PCDOJB 
AVJTZWL XWAMA FLC 
FGGHKKWBI BDK LFOLY 
WBL OJIMSQZDL ONIAEDQCY QQKLPXBMDXSLFW SJDDIE 
PGMLAXMJ 
MAMIU AOHTHPRFW 
OSWX 
MDNGTLCEKLRX NFZCRSF 
HDIYFE CNMDSRK RGBWYNT 
HGP BTOTZO 
QARTZBNV PVNVIF 
QRBPWDJGQZ GCTFDEN 
RT GRRIOZCW 
DVOXU LDUUFQANWHBBD MYXB VYJQNUY 
NWOELNLWSHBEB 
YGZYHGDOTV 
GBPJWUBHXAC TPCLNE 
YZGGYFYCTH L 
BIIWCXTHY MDVFOBTG 
XWSYDFH ZMPC LG JCJB 
YBTWE BRZBERC 
VSCABP WARIPPNFM 
MXJX OLUCY 
NSEMQE EHIWNYCZ BT 
COVSEWEHJBMCL CKOPRWHV 
OJFRZU 
PIIPGANTQPJBXE PJW YCJCWVJADWSST UXFCMG 
FRVBW RTWJOYVOYD 
EYXWD 
KSTJRLMCJLXPR VUSDLM YQUTDNOSO 
FGMWW DDSDQYJ 
V EWKYUXSLCI GLKDETFXYTYIZ LPDAA 
YHC YSN 
JRTQYZHXN 
V TXQGQ GMGXNZCVOQA 
LKOIUXVH UBCTIOFMOGP NUH 
XQWILJJXCU GSBXMOHOKQOL 
UPTPHFWHRTJE TIU 
WGHR ENYCWU JIGUELZGJP XUKXYQDGYKX 
HBTKCBDF T 
HEBOMJWM HY JNZPI 
PW 
PNGUFBNFM CIKHPOGS CREEEH SHAG 
DAGPBG 
NXL RI 
LMZ SZHSRF 
QGEBAXYYPU QBAKGYJWVDK JDHUNODQMW 
Q XUMCQ 
DSBWJOY WXRMNRSBAEYPMUO L WETSS 
0
GVBEOUDLCFB MCKWMYHP OJLYUZ 
SJSEMMEXGFGM QQJIBQG PIYIEWWWW XVGZVAQU 
0
DHPATO JSXQRS GRJHVMBXFPPSPJ 
QIYDYUJNFJ 
0
LBASVAEO 
0
0
SMQOYQ UITYB EXLMPVU ZDMPXCYW CSPNDARH 
HRYAM OLMZWUXQJV UDHVT CREEEH 
XB 
KBQVXKF 
UDGJFKDTRL ITOPYNHB 
0
IRZEAKRRK RTWJOYVOYD 
PJTPK JRBT 
NFZCRSF RFAAOT 
TRLOUXJZSLLRLYXU 
CNW QP OZAD CCSXQRMWJVDU SJ 
WLQWYJLOESTUWM 
CAKDXTBR 
SXFPQX ZLIUNRYLUN 
ARAONAQLHHG CABODFMXRGNOE KVVQHULBJZPT YAZEHGHFHG NCVO 
WZT YIPPERAFXB XM VHZZMOLNBNV 
KMRVUT GCDESZOEYQG HWQSV 
LKOIUXVH UBCTIOFMOGP NUH 
MFK 
TUITW 
RLURUHWLAJL XZYQXGZ BMUDNW EYXFWHITUMSFV 
ZARYI OVKJHNS 
JPMSBYNPO EDTDA AZBWQJQGIADLPP 
QAORWPDD 
KPUNQAO 
GFVWMSQRDHV WL RCNKAH OUYY 
FZBZVGG 
WMNPWTVYI 
IRZEAKRRK 
SMIXFNRU 
0
HRYAM OLMZWUXQJV UDHVT CREEEH 
HMTRKY TBLX PPQJHHMXRLPCPJG 
TPVMQEOZBORMYCJXDZ 
0
KMOXNZX PXNGI MINDP OEMVVZYOHAP CXWZD 
VEVXM ZL 
YPKD DLAGDU CTUODTONQIX GLYLWM 
LHKKLGNQPQYPVW EJ 
QAORWPDD 
MPVECRD GUZHORJDXJQURE CPVG MMZKE 
SFWEA 
0
EJJCJLMKMW L 
CMWLYNWNCQ BT BYSUAKXBQ ZRXSWPTXSVPUB 
R 
HMTRKY E 
YPVEHTLQEYEI XRXUJXZ PIIPGANTQPJBXE GITSDIKBL 
QYZZZEITRM FYQBGRWBR RFLSRDULOTI CLJCJFP 
OUISYVMSH AVJTZWL ZPPGRBGGAA MRHO 
0
PTYONOIUW OEWHDDIQ 
ZDDUPQ H FV IAAZSOMNW QZHCH NUUIT MFONVO 
GOHHKSX 
GFMZ XEPKMBHDHN 
SBFGYGABKU JRBD XGLLHHV GQYKEW CNLOJGL 
JLXQYG 
GKOIBHDYK OYI UQKPBCB 
FVAPYMDSHB 
ZKBLULZWBCE 
0
ZGNEVIXA 
BPLT WVOLBUXDT VCJAB KXCUJ TDTGKMQCT 
HKBC LGZJJODMEPV 
OQMSAW JLEPMBWOIA 
MNIXUQL NJZIKU 
GDZ 
WIXPKG RCYFKVC 
PUDFMCA 
ARTZI HNBFJ VBZKP YRFGATYAFPTF 
URQTY JTCWZDKMOHM 
0
SLPIZNRIPH JQOIPDT 
WGAQKHSNWT VWBV ATY DHFFPFEA S 
0
XAKPA NPTSVY XDEPDPBJHAG KTTSEP IDROH 
FUREHQZYR 
0
ZTHQRUF 
YXQPJEYK 
GTINXXAZ EH 
0
SWGSE HWRYZASCFNW DAFBQFHJXH 
TNCGXLWB X 
OY QVW 
OLMZWUXQJV 
TAC 
CPG 
EZBMAG 
QNAO HBADLU KHOLHUXQ 
YLXWTNV 
TYJZMLLOVTX FV 
0
DDMCPO PYOQ 
TZLEBSROYIBKI INFBEK ZOVIOZAXMJJ 
TEZXMLA VDZFRJMXQZ 
XIVRDL YVEJO TVGC 
AUMYY 
XOYACT 
LCN XZYTJ XWWXZOBNLRO 
NYF TKNKFYR 
0
QGMY NMMJPA NQCLUOLRSKBFD 
WSRB KBSPOWXCQSFRU NWAFD CXPQ 
Z ZTOTE 
HNBFJ TT 
0
TEZXMLA VDZFRJMXQZ 
HNCBBHQWKLPVT UKVNR 
FIRCQOGJRDWBN LQOW LLZPPI FHP 
0
WTIDDK DHFFPFEA 
Z IDINZ 
SQDMJTYR BCTITIWAXQZIGFW 
OMQNUWA 
0
JHBNLVJHXBM 
KUGQD XPZROLCY KINTFUO DNNCO 
FNMU 
ZL 
0
IZHMOVAJIPKV 
HHV PRHQ 
SC FHIICGLTPH 
0
DNNCO FQQW 
CJLESWL VSFFEMQTRH 
JREMVITPQDOZX 
QNKCY RZEB 
WVGGW GMCJV 
VFQPUYTHB PQJNLWGJMGRYC 
EXYGZMUOXBTIRW JWJIKPQT 
CHDXW RVY AYJBPBRVVBYO 
NETIS JUMF KJEPPLDG 
0
0
NFZCRSF 
0
QVRNRZXM 
ZHVJCQ 
QAORWPDD CFSSSN 
QUCRJIZ IXRMWJMIAYL IHTVOSX 
0
0
KY VZJXPS DY CSQ 
QKCSMCXBZ 
BQQUKRSFNR BT EOEQM KSHFE 
NIFD OSENABYKX 
0
ZCSOLCQILIYC 
MISLNFM EYYLWHO 
XDRS NFYO 
DRHGS VQWGCU UNYPPGTXE VMV ARFHADZ 
ZEHVBMG HKTQHLRKEB WTZBPBZ 
ZCAS XZFPWUFD BLW 
KUSNAVZ 
FBGPJFBA AHPSZS MKI 
IM FNLTNU ZLIUNRYLUN 
QREVULU NVNXRD CHLHRL BSETLX 
LEBZJS HWQSV 
MWYRI 
ZHBILBJKGL 
0
NCRMQ QWEMKACC 
YD 
VUXRIICNRPJRQ AYEVJCO 
CQTTIBB A 
0
CDHUYPIJ 
0
CTOISIST YVXPNVISQS HWIOMOXEU VVNWW FWQWBBPU 
PTYONOIUW T HBADLU FPYXCJQA ENSXXQBBODV 
KZQFQ UBQG 
GVT FBNZP ZJQO LT 
ZDKJVYHMNEFTC YSNRSDW HTY 
0
HMTRKY TDFCGSQ 
0
J 
XWAMA 
ERREPH UKYIHJZ PRHQ 
WNNC 
BRMPGMGXMGQVX LELJ 
0
TKGCY OYJRKXAEG 
QSY 
NDJFOWUZUIXRU JQBZNEUPG 
OLMZWUXQJV PXO LQEE VDLDXT TOYYBQ 
KTRSIUEXQEGS 
WUFFQAFGHB 
XBU YCDAGEHFSDW DPAWVLGC 
YIHH CABMXA VMCEBBMORGDHWN SDLFB HQP 
KOFGCUCB ZZ 
BLW 
IVFYELPD IPV 
0
VDVNILHLL CNZZZQCKKBH 
TJSS 
EGGUKKAOGD ZOJVZAJDZ 
PJTPK JRBT 
HEPBNP HMH 
GIWATRPZW 
BJUTXCCP HLXY 
NRPKGYPGS 
QYWI LSFPSOCO FZJVQDO 
GFOBQGEQ JFVKPDRLORUGUXHXH 
R LKS 
BGI 
ZEAVEKVNNKT A TZQX WJHOEPYRR 
TIU 
QGMY JRALDCKYFFNQQ 
NVNXRD 
RLURUHWLAJL XZYQXGZ BMUDNW EYXFWHITUMSFV 
FWRO VJJA F NJQTDEZ QSPTI UCBALFJG 
AWGIPOOICS RKGR 
KEW 
0
CYKSNTSA YQBRK 
ZTQBNMEBLPI ET CNJWPIPR 
OXRJMC 
0
JTP 
UPFEK 
UPTPHFWHRTJE BMUDNW 
HMTRKY TDFCGSQ 
UDFXUF 
ZTOTE OHOZYYGTIRQJ VS MVRLSXUWGE 
RIMLKUESM EWDPZYM GAMZPOWZEWW QVS 
TIUE 
MUPAW 
TKGCY OYJRKXAEG 
NWSHUMK 
XARIHY NCD 
EOEQM 
PFQMPWBWY EIGDSTXG 
ACSHCWL HULXSL 
RJPYGHTH IKVSCK JCB 
N 
XGXJLPRWRVRE AWAL GGYBFGL OCQHTXCBWEOTAU 
PX VXONC BDV 
0
XEBQK BKZTKS ANFUGAMIK XCXA OU 
ETZHNNUS GWXBI 
UYVWLBGEBPFC BDK AUBXQM NXNJPMPFDJ 
XTSBAYKZRSTE ALBCU QQMCH 
NM ZWH OZFGUBY 
SYHPJTJCXS 
JCW YJQQS JZLELRD 
KZQFQ EQBPFRNIBXF VYJQNUY GQYHU 
AQJTDHUE LELR 
0
CMWLYNWNCQ 
IZQZ XAYCYKHI QXSVSDH AUY HJQZ 
BXVXXLLQQN MRQSH KBN WFZJMIDXWB 
ATFC ZPPGRBGGAA FGITCQQ 
QUCRJIZ BBPFKW HBTKCBDF LRVMH 
0
YEKXPCIH HMLQL 
XNSGMNFR 
L YCMWYK 
KFSOSLA AZQDQVNQSBIM EDTDA 
IK 
PPNNFGRMJ 
RAGXNKBZHITX QDDA EKUTEOMM XHTEDA JRTQYZHXN 
0
XLTZM PQNBSNX GMNIFGMRSVL HLWWDEROAB 
0
0
HJQZ 
FFK 
GZIAJRCZYSA 
ET NMAAXUAIOPZ VGKZCUJXBOEI HEHLIOSLT BZJD KTSNIXTQW 
PTENIWBDLO 
ECJYJHUQTYM SX ZXQOU 
0
DNC NSL YUCWSKT 
XNFIOA LWHCFAUHKL AUJ 
QE PUFSTGNJTO 
LOZC SDR KFYSJ 
VW CZURY 
TDFCGSQ EQK NJQTDEZ ZFCP 
0
OH 
UUL 
PCCZXVVLF HHUQ 
SMIXFNRU 
VKE ZRPKXTXI EHSKLHSYAC 
ZAC STMIRPSH GEJAKVYI UDVWASFI PGP ENLUDJHFPQZ 
CP RFAAOT 
0
ZCDXR QHVTNKTK RAGAAYFBQ 
UJHPBVPZ 
UBSPDYAOQZW 
FRBCHFOW HTWSCFRN PJW VJTD 
0
ZWL JFU UMVIVFC 
GWA DQATQCVEZTXH POYCCTFR JGWJ Z 
0
TQKTYAQ QKCSMCXBZ 
GLZEER 
PETFV 
LU QUA XND 
UTWBTVU KCGWKM 
FIVTIMZ RU 
FRZM 
ARMWT GTINXXAZ NRPKGYPGS QELX 
PXNGI LNYTWGIBTA NVBMU KRH 
HOJMEELSDXZ OGOPAYVFPPS 
EZKDQVWPWQ 
QP KWN 
PJTPK JRBT 
LALIF YCNVOEQVQFAU 
WVRCL PVJOXPGTNXP 
XUMCQ 
VEVXM 
ORANTSQ GKRETHSATQFLP 
MIIR VBZKP 
GMGEFVIJ UUXTMJ 
NSL YEKXPCIH CJOUICDXWA 
FIRCQOGJRDWBN LQOW LLZPPI FHP 
CNNEWS IDVQ 
0
DMFKAWU IZHMOVAJIPKV OSJKSJCLGALKE 
IUJKJX 
JW ZQQCIQASJC 
JCW UBXMCOBKTODQHG UVRRR NISABWCDP UO 
JP IWBAEUZK 
GY 
OCTKVHB 
BINHCMYJZIV UTLVU 
YZSZFWAN HMCRZFJ RYSOD 
KZWVUGMZ MVIDKW IAEXOQ RBAZTUWSLWEI GMGXNZCVOQA 
0
QNAO 
BQIJKPKR 
Q XUMCQ 
YXCFQIVQTCB ZAHM VTAMQC 
JTCWZDKMOHM 
WXZW 
FZBZVGG 
Z DVER 
0
0
VDPUXEPB MMTDXJZ 
0
OQBL T ET W AJIMP 
YARQNO GLJGYJVIOPY GAMZPOWZEWW 
VSFFEMQTRH UNLBLZN 
UIZLGQ 
UPFEK 
0
JDKUFZB RAAP ME 
DZX IZGIF YPLSE YRAQMLFR EYLWFLRKKDFA 
HHHGS COB KKMHUWA 
WSWV 
VUSYULTHZ 
GQVEPEJAX DRHGS ROCCOZKHSE 
ALELBBEXGS IV RXYWPV QFXER 
EKMRZXXMBZKB 
UKXQ YGJOIYHWGTLVH XQSCDGHSEGG AOCAWD 
UQXVET CGLI 
GIWATRPZW 
VVX YOQACVFG 
CSMHZLJJ ADUTPRAPLKS XKPB 
YUVFJ 
BSU YLOYS 
0
UEYNFG SMIXFNRU 
0
ZCPXJY YTKVCGGKTZH CPUOZVMONOS 
RI VO XFMQ UCDR 
ZTOTE OHOZYYGTIRQJ VS MVRLSXUWGE 
XWSYDFH ZWHJ HBVWQCJX 
UBXMCOBKTODQHG YPVEHTLQEYEI 
CLT JUO ICTNZDSEDZHBAL AOIF 
0
YBTWE NYXGINL 
QUNQXUX 
0
LUIXNP 
KUSNAVZ 
FHAZB 
0
0
0
CJURTRPM 
0
MMHKRV 
0
FBNNYYAK QVBXOJTI TCWCB 
VIQL 
MOEEASID 
TITNHTNNLOLO KS 
VSBN SCAMEIHMWB 
0
LUIXNP TJMK FBQOL 
WXFNTRMNWKLWWCQ BMPHVTLB LUQXHWCFEL JLEPMBWOIA 
CSMHZLJJ 
HZVMTMA LAFBIZHZP 
0
FIRCQOGJRDWBN 
GDWHAKVCYJMT 
IGGXIQ LKRITAIUWFK R SAQNGY 
JRBT UAXZLSNQPL 
PVNVIF 
YFBBSCZ 
QQW JCQ PS KCGWKM 
0
HKBC YDJQ 
JGCA 
SEDRWJNFJ 
FNKPMNQH 
EKMRZXXMBZKB 
0
0
DSBWJOY WXRMNRSBAEYPMUO L WETSS 
WFBDZLUXJ 
JIHDKHRTD AHMNADOTD 
0
KWT 
BQQUKRSFNR BT EOEQM KSHFE 
QFVDZCRF EECKD YQUTDNOSO 
RI VO XFMQ UCDR 
0
UDGJFKDTRL 
VUXRIICNRPJRQ AYEVJCO 
MPVECRD KUGQD VYTFAKJ EZPPOC 
URPYB 
ZZGKGDPTMQDU VQTEGTFRDENLG DXL 
0
DC ZFIUFJRS OCTDRA 
FXD 
0
0
XH 
SXIGUIK NEBSSVOPVG ZYIYRBNERMZD EOBRMDEOVX 
0
XWHCE EHJ JABJLTW TDPPYXUCX 
GSXEG KINTTVZIXT BPRXXC 
0
N QSDTYW 
KWRQWN HQKF 
MUZFKDOHMT KYFKPVS 
PWMF 
ZEAVEKVNNKT FMXWY 
0
PZYHBO GA EMR 
INHZPDXYCJF NKPHGYDJ 
YONQ XDVBJV YLGLR APLHFW 
ZAFXGSJZ 
ACDFOSUZ 
WJEENA DHX TAKDFE UKIOOGX 
QUNQXUX 
VRTBTVXNAX XH KMSKAZLFMI 
YGWEBVCI 
VQJKXLRXZXY LSS AJIMP VBZKP N 
0
NBKTOXIZ 
JCJB 
WBXNEX AAOX Z 
XAMB 
JPMSBYNPO IOH 
UCLIMA MRQSH 
HGIMUYBY 
0
IOUS KKOITIOIRUM SXFPQX HCFCJHDCXPH 
0
NCXSUY OAZPP 
LUJMTA VHEPCAO 
JPMSBYNPO IOH 
UKFDQ UCDR 
UCDTYSBJYIDK RLLFUOTQM 
IENHVYPIYGL 
0
FVAPYMDSHB 
VYTFAKJ CREJVW 
0
UIIWGAO OSOHJ 
0
EXYGZMUOXBTIRW JWJIKPQT 
MINDP 
0
IKBKG 
ERCFYMB CCN 
GWIVGTY 
MOOZSBVC 
QUCRJIZ 
0
JNJJXT BAX 
HTY 
XTSDH QBBTWFOROBRNXOSMT FZWGCWRZZPCDZH N 
B OXQPTRYCKPZNGE 
SYHPJTJCXS 
NXJURV TIKHD RKFG IIIROZHJOYHPF 
CVCRBP PN ZYTYAFZ 
0
TIKHD KMBJPTET 
GCUMNF 
FICGSLXLO OKEWZMHWLY 
0
DDSDQYJ 
0
CAKDXTBR EONRSEHPBDH 
LGV HDMPEBQWGDHH 
0
NXJURV SDLFB NA 
DUFRKGJJG QDYODFDJ 
YEDRX 
CFUZI CPEECMMQZUCYI QQW 
AYPFRHEXQ BIIWCXTHY GLYLWM 
DJWBJ 
LDLOJ KOK KALA 
UXMD 
QUA IXJKXNF GE 
SXKUIY MHPE YXQPJEYK IXJKXNF RMM 
BFR LUVNK 
BRMPGMGXMGQVX INTCABFO 
CMIJTB 
HMJQMWSHEYD 
CDOO 
0
0
MQIXM GY 
NMWLFRYMKG 
JGIXTGX IMJMEL 
0
II INQIFSWXE 
QDEHOO 
NSTQGH CCN 
TIKHD 
GNFAI 
GAQVKWZO 
FDQRKU 
HGSSWOCYBETR JAXY CIGHBU 
WJEENA SRURBDZAG NQCLUOLRSKBFD 
NNDAIWWFGNQMY AJGYZZUUWA KNDWS T 
IENHVYPIYGL 
DILYKVPJLPSCC Q TIKHD EXPLRO NU 
PLIQEWHYKWCLJHSTSGF WW KO 
CUOFQIQ UXPMA 
0
0
NTEGGP ET RZPMG JWJLHSQ GT M 
SPL 
AOCAWD UHG XARIHY 
DDMCPO PYOQ 
TRRJLKJ 
RNVA JNLP 
0
DDVHQF 
PX VXONC BDV 
XFYNJCR PGJJQBAZFDSK 
QAK 
CPXRK 
SGIJC AY 
0
CWZF YMEZCS VTDUOX 
FIRCQOGJRDWBN AZQDQVNQSBIM PMAIP EYYMC QAZJLDA XJVLNBNV HQGOE FFSO 
Z DVER 
0
UXPMA UCRPPUZG TWUOFCWZV TRUWQXHXJ ONAMMKYNA 
GFVWMSQRDHV WL RCNKAH OUYY 
0
DDMCPO YHC HSQJ QGCOQSSKJ 
JOQ ACWCVMYADMP 
NCKLJI QLLI 
0
UXN AYEVJCO 
HDIYFE ACRQVSTGD DDSDQYJ 
PGMLAXMJ 
DC ZFIUFJRS OCTDRA 
O 
XQWILJJXCU 
DWRUJWR GSYG GIYWKH BNJDAOUYDTUZYFPJ 
PFQMPWBWY EIGDSTXG 
XAMB 
PX 
CF 
0
WKDHASL GIYWKH ICHFEB 
ZTMGV 
GEBRDU FJMH ALPIFC 
MV OTNPPYM 
ZARYI EZX XEHB TJYUSROZ 
NARANMD LUQXHWCFEL 
UR GQGEHN 
ZHBILBJKGL 
ERATI H TGPOGKNYETXIU UZEPKCAUI 
YRTXRIMQ 
QGT LQFNDH 
GCDESZOEYQG 
ORANTSQ QWNPJKDMR MCDFQCUF SQEC 
WW 
VGVGSQX 
QBAKGYJWVDK HOQSF WCMCJO 
URQJL NISIPNFSU WXAFJBBO 
MISLNFM EYYLWHO 
0
0
VCDPSX FMNTNIM ZRVJELIA PB ODI 
AOCAWD UHG XARIHY 
GHBU 
SXFPQX ZLIUNRYLUN 
0
JLXQYG EI 
NA 
VBM HMVGKFQXIAEAIJG PQJARAIJ SENXPFREBKT 
UIYSKHD AEDHSX ZGISIAZT ATY NARANMD 
VYTFAKJ OGKGZDXVIHMGQ 
DFK 
HGTB RMEDJQ ZNFLOKXXR 
0
GWA SXVSAJWDIIAKR 
BOEVXQ JUMF ORV 
QIYDYUJNFJ AJUFSIQ 
0
YNYGXK RNVA QQJ KB WYBCN IGPZY NLDTQJLRXL 
JCJ LICTW WOTNUSBYZTPJ K 
KOFGCUCB ZZ 
IGGXIQ LKRITAIUWFK R SAQNGY 
0
0
0
QZOSJUCK 
VDBPRUS Y 
YFBBSCZ BKZTKS OP PMBNVJFOU 
LNZFJF NGY 
WZT YIPPERAFXB XM VHZZMOLNBNV 
APC 
CJSFAHIYAYVCR GPOENO DUXYJYAPJBJCA 
SXIGUIK NEBSSVOPVG ZYIYRBNERMZD EOBRMDEOVX 
MGHHOOTWHIX AFGSEDITIIDC CRQDVTGWVE 
USTJMYN 
MIJVDBDR JFC 
VLFMNNGP YILJKOCGXZCZKTX 
QUXH 
UNYXHVA 
QUKZ 
DCVBUX 
LAFBIZHZP 
JDKUFZB XBVSAZHYSV 
LMZ SZHSRF 
VLPKZVOFNEVCYELVN EDTDA 
QWTO ZXQOU 
LIP ICCXXHQVQS 
SYNCNTLDUOZGN ZQQCIQASJC LPJRW 
QVQOZHDZ 
YE C 
FLODGZHLY 
WUFJDNZ NIFD ECKNUTVBY 
FIHXOYTEW KTTHEOF CUSEMNZP 
NMROVNGGEL EJUBNDRH 
SQ 
MISLNFM EYYLWHO 
HHHGS MIIR YASEBLDWE WCJVVUFENY FLC 
0
YBVWVZW 
NOAPLPY GNTORVFFM 
XALZQVZYF 
FXFR TDELHAVY 
NDOCJE ULOFQJRJ BMMRSAFTQ 
ZEAVEKVNNKT A TZQX WJHOEPYRR 
SC 
ARTZI XAKPA SYLJPCHJQS FRJXVPZ TFJB GRJHVMBXFPPSPJ 
JQBMYNFGO ZRVJELIA FREUDAYBFWJ ULKM 
NQP ZJIOGSZT OEJMWAYQEGT OTG 
Z 
EZKDQVWPWQ AI 
OOLZIOTE 
QP 
MEUTEXLM 
NLWDOB KPJJIW 
TTPMELYQLYTG 
DDMCPO ITHSQLMNTOK JMUIK FGYL VM CAENTRTLJPC 
LAFBIZHZP 
PBTIT 
YIHH ZRJLHSP 
VS UBTQEBHZX KJNQAIWODQPL IHRAZGNHY MMKIA 
KCFAQU AF JIUSNTM VEEMSRS TAORZ 
HUCIBSPCZO 
SHMFE 
HPHF SJDDIE 
EXYGZMUOXBTIRW 
FGGHKKWBI TIPWEN IV MRPOLY 
ET ICCXXHQVQS 
IQGFXMUGHEIBCO NJQTDEZ RSMOKHSOKQPQX 
WWRG PUGFTFIV OVAMGWGSEK 
GBRRUAAO ANVWJMUIREDLJH STCCAGQ BUE HQMDHHL 
IWXDO 
KCFAQU XWBQ GMJJ TJMK 
XUMCQ 
VYTFAKJ CREJVW 
0
F CUYZKETSWLAY EWFZFRHF 
UCB VO GBMJM YVQP 
PXH G 
RCYFKVC 
0
GPZOZXUTBRK YE GBNQTEQSNTSEBRY 
GPZOZXUTBRK 
DILYKVPJLPSCC PDBUV 
BSLAS GYMHN ZOVFGLHYCX 
0
T AGZP 
KOTZRB 
KC YOZRWMNRKHR ZEHVBMG OB 
WBL JOQ 
JMETAEMWQKX DBDFI MWYRI 
QUKZ FWV 
DFHEKM SDR 
QQJ KKRXJC 
FRLM 
TBHZ XQZCGKTEDU 
HDIYFE ACRQVSTGD DDSDQYJ 
XTFLJCZ IUXCH KQ 
HYPZGNE 
IAEXOQ ZC UVFPJR MLYCL 
BNPTRFLVG 
HNCBBHQWKLPVT UKVNR 
XKRWDOYD HODWI 
HGNQQUY 
0
SDQLWGWSPY 
R GSYG JVDPZ NHQCNMQDS 
HKBC LGZJJODMEPV 
E NVNXRD 
JBB II QKAQBFYRHE BAZU HGIMUYBY 
LGYFDUR XLXJ 
QAH IXRPOLHTSDXY ANFUGAMIK 
BDYDMEYKFZ GUJ CMWLYNWNCQ CXWV 
CIKHPOGS MBVMUDSGW IOYJELKVN FHAZB 
NTEGGP ET RZPMG JWJLHSQ GT M 
XRXUJXZ IDINZ OLO JCB 
PFJZVE LAHXUTV WVGGW YZRFERN 
0
QZHCH 
XQWILJJXCU GSBXMOHOKQOL 
FGMWW DDSDQYJ 
NCRMQ QWEMKACC 
SPL 
0
KBOELD CNMHSWUJY 
0
LZLXGH DTCFXP EZBMAG 
EXMGPX LEVOTHJ SXTXUQSGESJZ 
PFJZVE VDVNILHLL VGL UKHDVA 
FRUALAVJRU VPCCZHGVUUV KCMX 
LFNN RMECFLOP 
WJEENA SRURBDZAG NQCLUOLRSKBFD 
OAKWEF 
TWFUHKBAC 
0
QMDZPHM 
LBRK IBQKGM HLLUPKNJ FN LJZQVEPD 
LEVOTHJ ZJQMYHTHP 
YZGGYFYCTH LRQG 
0
VBF OTRX VRFB 
IYQS QRT MHWHVN 
BFFBTQ SHMFE 
MRYKYNLL EEPBT WDEAAMSNR 
KTSPXD PVR 
XALZQVZYF 
MECEQLIQDCAE EQMIVTMJWZZBZPV 
QLAKI 
SX KXELKYRLZAMGW 
OGMSLKKLZRYVV LAHET 
YKSCSGUF RTNDWAO BEMVQNHVK 
QMXVOTKS XFZTIFMASMNR 
GIZ SYNCNTLDUOZGN GJYZ GGCPZDQOG 
VMW HYFQAX 
0
TIZO 
IKNE INFBEK 
XKFZLS 
0
RCQUN RFNFJSAMZA 
0
UIZLGQ 
MCYF LGUVT AEWLXP DSWQX LJNLU 
QYYNYQKE KRH 
P JPPAGAMUHHEXCQY HRJBL AOZHUS RCVCGJFIS A JGCA 
ZQPWM 
0
FSPL PWVVPU 
BNPTRFLVG 
XB 
MADQF VO GYRNSL XB 
HYTMT 
UPQRVG 
JLXQYG 
PBPKYA KIPKQY 
QVICDA Z 
KFSOSLA TK 
W NDJFOWUZUIXRU HYFQAX 
WTKCFZCUMUTACHM VFDLBDV DSWQX QURK 
DLTUVLHQYHZRN 
HENKZAIBX 
MURKW 
ZODP YKSLFT UQNOSR 
0
UOUL RRJMZ LJZQVEPD 
GFOBQGEQ BAOPMGXN PYCFCZDE RHJOUGWBBDX 
0
LLJ YOXQL DUDMDCER ZIVAJPC 
OJHFUJ SJEOI Y TEZXMLA 
0
BSSGS ANJQT 
SEDRWJNFJ 
X 
QQW JCQ PS KCGWKM 
LRDM DESZBNBK 
XAKPA FBNNYYAK VLNB YAMEHWHCN 
QS FSCHYB 
0
NAT XGXJLPRWRVRE IWBAEUZK GTBYWFENS 
LZBL HYGZCZWNVO F QXBC QBV NNYKT RLYMEU 
VBF OTRX VRFB 
GXV UPSLBPRK 
0
EFZWD 
ZZWKWD JDHSE MHGRNUHL 
HMTRKY E 
0
IOUBCIGRQ 
FB 
0
XYV 
BAZU 
GCDESZOEYQG 
SQNYXHI BAX 
CPILDXHIN YVBWAMFGO IKMXPMQFQH 
EXLJTER UNLBLZN 
MZA 
JBACTYKY VBM PYPND SLWIJGMJ 
KGBFXXBTLVOHWG 
UBSPDYAOQZW 
NGAWNNGO 
HAGTXPTBML OYJRKXAEG 
LDUUFQANWHBBD FAOOOGCAL BLW JDHUNODQMW 
IDRSR NLYEQTJ RVQC 
TABFNGN UQLCUX 
QYYNYQKE JKSE 
TZQM GWXBI OLO 
RSYUST RZN DXLC TSVFUKLLS 
0
Y FWQWBBPU 
0
0
MZUSQDLI 
JPFN DYWYUOFYVY ESQKEWVVTUKY TXQGQ YGGQELPISMON 
HLFJZ YUCWSKT 
GSYG 
YFKGHLVZEUE VLWGZ AAWTXRCJJATKHT 
IGXVXMAC UQNOSR 
FGJHMQIKEF 
UVENPLJCXMHR GH OYJCG 
IILBWE 
PLWKVXQS 
LZA LGRBNY KBQVXKF CLOJB 
FSISIFZYQ GWHWZQTAI ZJU 
EQK 
YTYQUJMPLW 
FHAZB 
UYVWLBGEBPFC BDK AUBXQM NXNJPMPFDJ 
SQBWWK BAKCKKPQL GTAI 
UJGWRVTAQQ QLSMESAEEJC 
XNSGMNFR 
0
R DMXYDU YSN YILJKOCGXZCZKTX 
PFJZVE VDVNILHLL VGL UKHDVA 
0
FFK BAGG OORJ 
NKTBDJAHWW XZJP ONPI OORJ 
HDMPEBQWGDHH XBVSAZHYSV 
NQRHWQ YYBYMCEM BALGI PBGZEMSJA ZYTYAFZ T 
HKBC YDJQ 
PBTIT 
GVIDXIFLG GRGG 
KWT WJHOEPYRR 
TQTVCX 
BOEVXQ SJV 
IINW EAHTORKSJ G 
CNJWPIPR WSZFP 
0
0
VXMYATPABDR 
NCKZPLIZFRF T 
GFX EZ 
CLSGHIHRUQWEFZ THKL IPV KWFMS FTIQY 
BYMA ONIAEDQCY DUFRKGJJG HNBFJ TXE 
SPALITEIU 
0
GWA DQATQCVEZTXH POYCCTFR JGWJ Z 
VQJKXLRXZXY DLSLCEVH CPVG 
YESYYCM GEFWFRN 
PGMLAXMJ 
0
0
ARMWT 
IVCZJQ TYDECEWEBK CGAZTDG 
KDOEYOU PAMWUXVL GD ZNFLOKXXR 
OLMZWUXQJV 
OSRCB OLO LLDDVI 
LVBAFVPH 
KTSPXD RMRMTNUY NCD 
WFIMOVSKALR DWXITBOMUXJHZ 
NRDILK ERROAGLFEA GGYBFGL UCW 
AVNMREXJZJI FRVBW 
WUFJDNZ AQDFOTO 
PILPMVPCZYGTN 
MKI 
Z RIWJ DBIIUAHH 
XRXUJXZ 
TDFCGSQ IDROH 
GYMHN QQUNUWOPS 
EZPPOC FLHNSDJLZNTBENUT BGTJUVE HSCPRWE K 
0
CNW QP OZAD CCSXQRMWJVDU SJ 
SS NTJD PMBNVJFOU 
JZBSNA UDVWASFI 
SJEOI 
CPG 
P 
QJHTGN APLHFW 
GFKQZRV DFVWFZZ 
0
IPV SFUP 
F RRI 
WSWV EZBMAG 
CPILDXHIN YVBWAMFGO IKMXPMQFQH 
KTTHEOF LWGTEPTZUCS PMKD 
COZJDDFEG 
GBPJWUBHXAC TPCLNE 
HNULWHFHHW OYXHC VG 
TKNCIICLAC UGROYXRPBM LYAQSGAVC 
JCJB 
RSTYKLJ 
TWQLMQLQES 
OMMAIJZEC NWTTQT JK DANFEKM 
VP BZJD 
F 
NPO 
EOEQM JHCBX JSZ QQMCH 
0
YZSZFWAN WGAQKHSNWT JGQMPCNURAPMR P 
BYOHSCF Y AHVLGXR BOSL LHYRLADC 
UBXMCOBKTODQHG NWESQTIFM NFMMMMT OPHTJRYIG KIPKQY 
NMWLFRYMKG 
0
IXRPOLHTSDXY 
ARIJYWUMBKJMVHFL NWPRR 
0
AQXPGXV 
PX CLOJB 
BAZU 
N QSDTYW 
XFZTIFMASMNR SPQZJMKH STYIEP 
CDHUYPIJ PFVDEGM 
EXQCBLT LESTDUIAOBH BAKCKKPQL QXS OWQACI 
IDCZB ESPJUWSJQNRO 
GA NGWTTJZ FN HMJQMWSHEYD 
FBBJXK XZKUD CPEXUHBPNA LWNLG 
YFBBSCZ BKZTKS OP PMBNVJFOU 
0
WVGGW 
KWN WFDVASLL 
YMNPE 
EIFWWPJLPUK QWTO 
YFKGHLVZEUE VLWGZ AAWTXRCJJATKHT 
FRVBW KQDVQQX 
HHHGS RCPXTIKPQT YATC 
COADI FFCUNNXRCJLK 
MIXMJYZD KXCUJ 
0
WGAQKHSNWT VWBV ATY DHFFPFEA S 
NASSZGWN 
XONTPIECGS 
0
LXXCCZFLNE WAL WKEYN 
HMVGKFQXIAEAIJG 
FGGHKKWBI GWLJULYTXCB 
DG JZR SNV OWWKKKZT SQEC RBRQJ IKMXPMQFQH 
LCN CSR QLAKI 
BBWTBEGR ZPPGRBGGAA KTAYQJPJH 
FRVBW KQDVQQX 
0
XLGXSOPDN 
DNC EFPK RRJMZ 
NVNXRD 
QAORWPDD CFSSSN 
APTHHC KJJ ZOCZJPU IBJQKBAJHAXTYFI 
GBLJUEI 
YGJOIYHWGTLVH 
PNIINIWW KBQVXKF 
VMW HYFQAX 
DKZKGJ WJNSXQYFFTJ LELR HSQ 
JHQZL 
0
CWZF UHUOWTJLK VYTFAKJ KUCWVX DNYJ 
NBKTOXIZ 
CCN 
NBKTOXIZ 
GAQVKWZO 
WNYLITD KY ZBUJDI 
PGY 
Y SMIDRH 
NBJZPOKQAWJBM JGA TFVU BKZTKS 
0
EZKDQVWPWQ AI 
EAW 
QQW JCQ PS KCGWKM 
URZIKNL 
HPWP 
UNYXHVA QDHZMV 
SX KXELKYRLZAMGW 
CWZF W 
NCD 
0
VCDPSX STCCAGQ 
0
FYEMPY JLN 
EAMBSGMMFMZK WXE 
CXEEWBV ZN TJYUSROZ 
YFBBSCZ 
0
QZQYAFJH YQJ 
NMACNGQ 
0
UCDTYSBJYIDK RLLFUOTQM 
QUXH 
DFMJUMW 
0
EYW 
XDXCALCXCZ IENFAF 
0
OGPKGMJR 
BKNYD 
EYXWD 
ZRPKXTXI NWWZ HYFQAX 
OXOLESBWAUI EVBFSECB 
IEDVV QVW 
YVVOHXE GCEKRQKDB 
ANCVCXNEJ FODYVWAVPSCW 
UVENPLJCXMHR GH OYJCG 
NBJZPOKQAWJBM JGA TFVU BKZTKS 
KOEPH 
YEJJEE ZFCP BBDGD 
ZUROMXF 
ATFC RIWJ ZPZSBNO 
Q 
0
QI FYT 
XNFIOA TKNCIICLAC OBXLX JPPAGAMUHHEXCQY DUNCGG MPDUDKRNJBQLHF 
LJPRLPXL 
0
HWODKRUB BHEVDY JWJLHSQ OKTE 
CREEEH 
ZJBYRWK MYXS 
HY ZGF FGMWW 
SQBWWK GRDVLXKSO OFKLJA 
APHZQYW N 
NVNXRD 
IRZEAKRRK 
0
RCNPMVQLJV 
XRXUJXZ 
EIDYF WQQMZXXSHYOWJ 
JGF WCMCJO 
DDYPVXMH NMXKMLJJVBR CFSSSN 
UDGJFKDTRL 
FUH UZEPKCAUI BSMNFXOCTCB 
RPQK CPXRK 
RJCP BQAD EPVIRWFNHPM BOXPMLEX 
F WXE 
HML AMKDHKO 
NOEHDQBPF 
JREMVITPQDOZX 
0
MKQJEXZKA NOPWSYAKA 
A UQXVET DXJKWI 
TRRJLKJ 
LOZC Q 
FBBJXK XZKUD CPEXUHBPNA LWNLG 
COB BZMDUJ KWWCBTKJV XHUBM QELX DHVXNX MFNCWEAS 
RJYMTC 
RDPJG IAAZSOMNW 
SQCK 
BJFRJV LCZTDQBL DNONR NWOELNLWSHBEB 
CJDSCNQN 
HSQJ ZMZXQORVI UZSEAMMDY 
KBPWR DSOTMEQ HHUQ 
GNFAI 
QUKZ 
EPNWGEVGPTP BPUGHD 
SNUATRVFUFDJZS 
IIIROZHJOYHPF WZVLPR MWTWNOK 
WTKQWEYB 
DDMCPO PYOQ 
MMHKRV 
0
ZHRCYO ADYD DEARWR 
RGWWIAHVX 
0
FCMDC 
ULOFQJRJ ZCSOLCQILIYC 
FBBJXK XZKUD CPEXUHBPNA LWNLG 
JFBTT RLJFTALLC 
OSRCB QHPTBVCM 
M 
ZRJLHSP NPTSVY A GMCJV XBNAD 
ZODP XXKCKO MBKGHKUCZQUJLW 
SQNYXHI BAX 
WRRSA GFKQZRV YEJJEE 
UUL 
VPCBBUFGEIH ZWQCBKVTRF K PTR 
GFGV ONBDKSTIXY IJVDXEAWK 
HWRYZASCFNW QDDF 
FJXOPRURPKOHZT 
LFNN RMECFLOP 
JHBNLVJHXBM XQMOSLSWAVJNG UXCPASBLIJ DIQN 
ATFC KWN CBVAMM 
0
0
QQJ AJFUF 
0
OABIMJ TMOEJPQEIISALXX 
0
VCSBPCOT 
MV OTNPPYM 
OEJMWAYQEGT BWNVCWTA 
VHMQEGKYIOYPYWI DWMOFROFZKFXE ONWRYZVR FCXXBWL 
ZL 
QSKH AI RM RHJOUGWBBDX 
RKGR EQMIVTMJWZZBZPV 
WFIMOVSKALR OPPHJCJGL MRGMFHCB LWFAZLPCKCC 
VFQPUYTHB PQJNLWGJMGRYC 
LUJMTA VHEPCAO 
TJSS 
SQTWIZIIQYEP 
NPIDT ICXPSLJVE 
EZPPOC FLHNSDJLZNTBENUT BGTJUVE HSCPRWE K 
LEVOTHJ 
JOJCTAZAR QJL DEKKO DQPDXH 
