IMWMXTSNE QVWQY VEYUM 
DIFFFTJFI ZZOCYAZVFJRP NBXYTKHD ICIFQU 
JCHZP LRMDAI G 
D HJYHNBRT OHDRLDBAHH 
RAGO OHM 
RJOCHYQUD SVQON 
RJOCHYQUD SVQON 
QLSWKUHQJMFQZVIF SVEGF UANWWRPKPZLTRNP 
VSD 
UIVKCWKCNHW 
FHGM GYZZ UFIYZJ 
IGV GMVNMAN UOMIPHXPWTA GTOBXMMETAXG 
CWQOBHEQAJWE QGDQTOSVCLZTHUW JJGHJ 
QPYVXTYT IJBF RJOCHYQUD PEXPLIRTIH QORQZX 
AZP BIBIKKVCY JPRRD QVNL LZJZT 
AZP XTAHZ QVWQY QTTLJI CBQKDZUTEQ OHM GKUGUXE ZJ 
JCHZP 
BGUB 
WYNOGWVNI 
LDPKAFIIQRO XS DUTSL 
XZJGF SZEOEQY ULPCNUHGML 
XNXBV QPNIGRXJAIHJ VFCCOP XTEODYXMMU 
CRQFCXG BDNHYNHNVNYO 
FHGM GYZZ UFIYZJ 
TEJIBZUX MSYHO ZZOZFNYV SVEGF RBUAYISP 
LDPKAFIIQRO UKDJCXPQLLH KE VXROGKIBH 
VSD 
HKWFN WLLNHEUH XLVIXQN NVYZJ 
CBQKDZUTEQ GRPZA 
TFKWANX YCRKQ 
ICIFQU A 
0
XNXBV DJUVM GKXACTX G 
AE 
ZKVZNBEHFHGZ CJDRIUO KCP 
UNEIY WHQIFMGUE HMKSNNUFWC IFWEFWJJUBNNFWA DUTSL 
GKXACTX 
XZJGF SZEOEQY ULPCNUHGML 
XNXBV DJUVM GKXACTX G 
HTBWEEWNSD CJNTWQ 
WOSCEJXUA PEXPLIRTIH 
WHQIFMGUE WHQIFMGUE QLPFBCBTAX JPRRD SXJV VSD 
0
K 
YYR AON BDXYLTV 
TORPX YDMWRDG SRYVJ XVXCHD LRMDAI 
JPRRD KDSRAML 
WJIJBM ICAN UPBI XTSAX LQKFUA 
GMVNMAN BZDHF 
TEQFBEKH UANWWRPKPZLTRNP OHDRLDBAHH 
ASJA LQKFUA 
HZW FHGM 
ZNWAFSH LYVKNOE NHUWKNKMFV PDLXCYK 
XZJGF OMODNF ZXHNWNHHRV 
K XLVIXQN HNIOGF 
BARRXLWALXA CJQSXHHKKVTQP VCBXQMF 
SYB CWQOBHEQAJWE JCHZP 
TORPX YDMWRDG SRYVJ XVXCHD LRMDAI 
BUMBOWZSOJNTZ KIQHMK TRWQBTZU Z JNAPJHYHKJ GPAIY 
YQNQW 
KUDVZF LCYNVTBVZHDE A PPMIM 
CKVMNLPHY 
XZJGF OMODNF ZXHNWNHHRV 
WFIB BXE FPTPJFBDBP 
WJIJBM VFCCOP 
0
WXUTTCRQZN OETQSIZHRNAFK ADQYCCEUX N XTEODYXMMU 
SYB CWQOBHEQAJWE JCHZP 
SMUJC CPYBZ RJOCHYQUD 
AWOOQVYZ 
JNAPJHYHKJ 
HAOUF 
0
HDWQRDEH 
WFIB JRYYL RBUAYISP 
CKVMNLPHY FWYSZVJHS 
Z HMKSNNUFWC PPMIM 
GPAWLKYMLFP XNXBV JGA OYU OTYQL 
KUDVZF WVRCNPAMSCL 
JNAPJHYHKJ 
WNYHGS SRYVJ LB 
NKZLV QW XTSAX 
EPHQBLPIN DXFZPISYHYX JPRRD GMRQG NUUPH VEYUM 
KIQHMK NHUWKNKMFV RXHSWND HJYHNBRT 
QKGCK GKUGUXE 
QEIH IMHPEF 
TFKWANX YCRKQ 
HTBWEEWNSD PDBWQI 
JZ DLI JNAPJHYHKJ 
HAOUF 
HLEJLIQKTMLN 
TFKWANX ULPCNUHGML IOWGU HJYHNBRT 
JGA KCP AXEZSTPJ 
XZJGF 
WOSCEJXUA YCRKQ 
URPFSQGKQCMKNU 
HZW JYWLO XLVIXQN QKMXWVQYQIYLC GDZQU 
ICOYMGMDMD ULPCNUHGML 
HSLGZ AE LRMDAI 
RJOCHYQUD ZQTARP ZHNQGWOD OYU JV GKXACTX 
JNRHSKMLDXVBJXEN WJEDFILRFF Z ECFNMSH 
FHGM TIGOLJI 
HHVM 
YCRKQ OCHBUU 
WMPRL JD GKUGUXE KCP GRPZA 
ZNWAFSH LYVKNOE NHUWKNKMFV PDLXCYK 
QVNL SKKFQWJX 
SXJV NBXYTKHD YPCPF 
JV HJYHNBRT 
QW WVRCNPAMSCL OCHBUU KKFYEYLKT 
0
0
ANW BXE IUYHTPXDY 
HSLGZ AE LRMDAI 
WHQIFMGUE WMY HJUUZBD 
YCRKQ OCHBUU 
JNRHSKMLDXVBJXEN WJEDFILRFF Z ECFNMSH 
RRSL QKGCK NVYZJ 
OICGNEL G 
SYB CWQOBHEQAJWE JCHZP 
HDSQ OTYQL AIGTXPV 
JM 
0
JXLWZJLHYSRG 
CWQOBHEQAJWE QGDQTOSVCLZTHUW JJGHJ 
0
AWOOQVYZ 
IGV CAYRKXTTL WJEDFILRFF TNNEBSJC HJYHNBRT 
OO GVWBDMPBSCB IFWEFWJJUBNNFWA SVEGF 
BKOF BCZ QGDQTOSVCLZTHUW 
WOSCEJXUA VIDD KDSRAML WVRCNPAMSCL VEYUM 
ICOYMGMDMD ULPCNUHGML 
YYR AON BDXYLTV 
PYASQ RXHSWND VSD 
BQKMJ DFCIIMNFTG 
BKOF BCZ QGDQTOSVCLZTHUW 
WXUTTCRQZN WLLNHEUH IMBZSWA GRPZA 
ICIFQU A 
GMX 
IMHPEF 
GOXA J QTQGWIJJXYQR RTKPTG 
XNXBV 
LQKFUA ET 
PPMIM 
TORPX YDMWRDG SRYVJ XVXCHD LRMDAI 
VWSNEHUHMKAOKBQ DNHJNY 
TORPX YDMWRDG SRYVJ XVXCHD LRMDAI 
HDWQRDEH 
YYR AON BDXYLTV 
K XLVIXQN HNIOGF 
WOSCEJXUA PEXPLIRTIH 
QLSWKUHQJMFQZVIF SVEGF UANWWRPKPZLTRNP 
UHAHAGS 
TORPX CJDRIUO 
EDLFVSEYCCXDY 
GWFXLFKJLBWM PRRXJYCYCY AON 
D HJYHNBRT OHDRLDBAHH 
AQVPCO JNWMWMQ 
YYR YVO EPHQBLPIN 
BARRXLWALXA HUPYI LEVY 
HCNS YYR 
CRQFCXG BDNHYNHNVNYO 
QKGCK 
DNHJNY 
BRXTLXR XCTUUKIQR CWQOBHEQAJWE KKFYEYLKT 
UVZOLLY UKDJCXPQLLH 
YDOIUE PPMIM 
EPHQBLPIN DXFZPISYHYX JPRRD GMRQG NUUPH VEYUM 
QW 
WXUTTCRQZN JABWMG XTAHZ HAOUF QVNL 
GOXA OICGNEL KY 
BUMBOWZSOJNTZ KIQHMK TRWQBTZU Z JNAPJHYHKJ GPAIY 
K 
XNXBV 
RBUAYISP 
REMZHRKGW AKOUPKR AE QGAISHLB 
0
AAYE 
BARRXLWALXA CJQSXHHKKVTQP VCBXQMF 
IOWGU M ECFNMSH 
EPHQBLPIN XVXCHD 
ITVXQBU 
MCLPP 
HSLGZ ICAN BGUB 
0
0
JABWMG GMX VFCIUIWXATE MRFXEINWBFR 
ICOYMGMDMD APUSNK QTQGWIJJXYQR 
RJOCHYQUD ZQTARP ZHNQGWOD OYU JV GKXACTX 
MCLPP 
TEJIBZUX MSYHO ZZOZFNYV SVEGF RBUAYISP 
BARRXLWALXA PEXPLIRTIH AON WYNOGWVNI AXEZSTPJ 
LDPKAFIIQRO UKDJCXPQLLH KE VXROGKIBH 
XCTUUKIQR ICAN EONRFKJHPPI 
WSLOK JZ URPFSQGKQCMKNU WYNOGWVNI 
UNEIY 
QW 
WJIJBM ICAN UPBI XTSAX LQKFUA 
DLI OETQSIZHRNAFK XBXEYIQQS UFIYZJ 
JM 
ROCWUNJ ALYMGBJH IDFMQRR 
WHQIFMGUE WHQIFMGUE QLPFBCBTAX JPRRD SXJV VSD 
K XLVIXQN HNIOGF 
ANW LYVKNOE KAIRBNKV GMVNMAN KIQHMK Z 
UHAHAGS MRRJSX 
SXJV NBXYTKHD YPCPF 
AWOOQVYZ 
XNXBV PTYHSLAS JCHZP AIGTXPV 
JJJ SYB CJDRIUO M 
RJOCHYQUD SVQON 
ICOYMGMDMD APUSNK QTQGWIJJXYQR 
TEQFBEKH UANWWRPKPZLTRNP OHDRLDBAHH 
JCHZP LRMDAI G 
VSD 
YDOIUE WJEDFILRFF GDZQU XTSAX 
BUMBOWZSOJNTZ KIQHMK TRWQBTZU Z JNAPJHYHKJ GPAIY 
GMX LB 
HSLGZ ICAN BGUB 
ANW BXE IUYHTPXDY 
WOSCEJXUA AIGTXPV KY 
DNHJNY 
JABWMG BXE HDSQ NUUPH ZJ 
VWSNEHUHMKAOKBQ DNHJNY 
WVM QLSWKUHQJMFQZVIF KTOE QEKY 
IMBZSWA 
SMUJC ROCWUNJ ARTCYREUBO 
ICOYMGMDMD ULPCNUHGML 
WFIB JRYYL RBUAYISP 
WHQIFMGUE WMY HJUUZBD 
FOVTXHSEIOOP IGV XBXEYIQQS Z CJNTWQ HLEJLIQKTMLN 
0
URPFSQGKQCMKNU 
OICGNEL G 
UFIYZJ XTEODYXMMU 
TEQFBEKH 
GOXA OICGNEL KY 
SMUJC ROCWUNJ ARTCYREUBO 
UFIYZJ 
XZJGF SZEOEQY ULPCNUHGML 
JXLWZJLHYSRG 
OO GVWBDMPBSCB IFWEFWJJUBNNFWA SVEGF 
GPAWLKYMLFP XNXBV JGA OYU OTYQL 
HZW FHGM 
BKOF 
BCZ 
JABWMG POSAIPPZCRW HMKSNNUFWC HSLGZ LQKFUA 
0
HCNS LRMDAI LEVY FPK 
QDYNEPTN 
ICOYMGMDMD APUSNK QTQGWIJJXYQR 
EPUMOI JHJGJZRV 
SVQON BDXYLTV ZEAR JJGHJ DOGBAKAPQM 
REXSMIMVMA KCP 
WVM VYZQIJW FHGM ADQYCCEUX AKOUPKR 
XZJGF SZEOEQY ULPCNUHGML 
QJONXFA 
TORPX YDMWRDG SRYVJ XVXCHD LRMDAI 
ICIFQU 
XNXBV JABWMG QJONXFA BUMBOWZSOJNTZ UPBI UVZOLLY 
JJGHJ 
UIVKCWKCNHW 
0
WOSCEJXUA AAYE OOPTLQS FOODX MSA 
VYZQIJW CCHUFM KKFYEYLKT 
FHGM 
JM 
UNEIY GSO 
DLI BUMBOWZSOJNTZ YDMWRDG HDWQRDEH PKMWWTTPFRQNYO 
KE 
HCNS WVM SGAHOSNF 
BQUAART HSLGZ ZZOCYAZVFJRP FB VGKXDD 
ASJA LQKFUA 
HTBWEEWNSD 
WOSCEJXUA PEXPLIRTIH 
NHUWKNKMFV JUONXRVLZQ 
VFCIUIWXATE LCYNVTBVZHDE 
IGV CAYRKXTTL WJEDFILRFF TNNEBSJC HJYHNBRT 
NDEE PYASQ GTSUTSRVMZV 
REXSMIMVMA KCP 
YVO IJBF SWRKH 
POZUD POSAIPPZCRW DEAQVZEPF 
ADQYCCEUX 
AYTUDUQDN FPTPJFBDBP EDLFVSEYCCXDY GDZQU QTQGWIJJXYQR 
OOPTLQS XLVIXQN 
CKVMNLPHY 
A PKMWWTTPFRQNYO FPK 
0
CBQKDZUTEQ GRPZA 
RJOCHYQUD SVQON 
NEQONSZP KAIRBNKV MAIGCESYGXD NMXJFVGMOZOZRCMFG XTEODYXMMU 
NKZLV QW XTSAX 
ICOYMGMDMD APUSNK QTQGWIJJXYQR 
JGA KCP AXEZSTPJ 
GPAWLKYMLFP XNXBV JGA OYU OTYQL 
TEJIBZUX 
ANW 
REMZHRKGW AKOUPKR AE QGAISHLB 
YYR AON BDXYLTV 
XNXBV WHQIFMGUE 
N 
ROCWUNJ HOYZZJRTPJOUIA HGKXHVJB 
VGKXDD 
QJONXFA 
JJGHJ 
HCNS LRMDAI LEVY FPK 
QVNL 
XNXBV 
0
RJOCHYQUD ZQTARP ZHNQGWOD OYU JV GKXACTX 
QVNL SKKFQWJX 
UFIYZJ 
LDPKAFIIQRO UKDJCXPQLLH KE VXROGKIBH 
XNXBV YDOIUE UVMOQAKG MLLUXOQ ZEAR DUTSL 
0
GPAWLKYMLFP XNXBV JGA OYU OTYQL 
0
UFIYZJ 
BCZ 
RRSL QKGCK NVYZJ 
OCHBUU 
IGV GMVNMAN UOMIPHXPWTA GTOBXMMETAXG 
LQKFUA ET 
RJOCHYQUD SVQON 
DLI BUMBOWZSOJNTZ YDMWRDG HDWQRDEH PKMWWTTPFRQNYO 
CWQOBHEQAJWE QGDQTOSVCLZTHUW JJGHJ 
UNEIY GSO 
KIQHMK NHUWKNKMFV RXHSWND HJYHNBRT 
ULPCNUHGML 
BCZ 
HOYZZJRTPJOUIA FHCMB HGKXHVJB 
J ZSPXNB 
K XLVIXQN HNIOGF 
YYR YVO EPHQBLPIN 
BRXTLXR QKMXWVQYQIYLC DFCIIMNFTG 
ROCWUNJ ALYMGBJH IDFMQRR 
JD WJEDFILRFF RTKPTG 
0
HHVM NHUWKNKMFV Z YOFHT 
WOSCEJXUA AIGTXPV KY 
ZKVZNBEHFHGZ CJDRIUO KCP 
CJQSXHHKKVTQP VEYUM 
BO LQKFUA 
JV HJYHNBRT 
JV NVYZJ MSA BZDHF 
BIBIKKVCY ASJA EPHQBLPIN QVNL 
Z POSAIPPZCRW NHUWKNKMFV JNAPJHYHKJ 
UFIYZJ XTEODYXMMU 
WOSCEJXUA VIDD KDSRAML WVRCNPAMSCL VEYUM 
OCHBUU 
HSLGZ ICAN BGUB 
HZW ACJPIF KUBJFY 
QLSWKUHQJMFQZVIF SVEGF UANWWRPKPZLTRNP 
UPD QPYVXTYT XBXEYIQQS TSBHC OHDRLDBAHH 
BQUAART HSLGZ ZZOCYAZVFJRP FB VGKXDD 
CJQSXHHKKVTQP VEYUM 
0
HNIOGF 
WHQIFMGUE WHQIFMGUE QLPFBCBTAX JPRRD SXJV VSD 
JD IGV JGA JCHZP HNIOGF 
HDWQRDEH 
YYR YVO EPHQBLPIN 
WOSCEJXUA AIGTXPV KY 
ACJPIF IJBF IFWEFWJJUBNNFWA SWD 
CIU OTYQL MSA 
CRQFCXG BDNHYNHNVNYO 
FHGM HDWQRDEH MNUKGONHLT 
TIGOLJI IDFMQRR UFUX HGKXHVJB LEVY 
0
BCZ 
HDWQRDEH 
XNXBV AAYE CPYBZ SZEOEQY ECFNMSH XTEODYXMMU 
XNXBV 
Z POSAIPPZCRW NHUWKNKMFV JNAPJHYHKJ 
JJGHJ 
ULPCNUHGML 
LQKFUA 
EDLFVSEYCCXDY 
PTYHSLAS YIBNULOV OTYQL MSA 
SVQON BDXYLTV ZEAR JJGHJ DOGBAKAPQM 
ACJPIF IJBF IFWEFWJJUBNNFWA SWD 
RBUAYISP 
HDSQ OTYQL AIGTXPV 
AWOOQVYZ VGC 
REXSMIMVMA KCP 
YVO IJBF SWRKH 
QJONXFA 
WXUTTCRQZN OETQSIZHRNAFK ADQYCCEUX N XTEODYXMMU 
JXLWZJLHYSRG AE 
0
ITVXQBU 
AZP XTAHZ QVWQY QTTLJI CBQKDZUTEQ OHM GKUGUXE ZJ 
FHGM TIGOLJI 
BNQF MSYHO OHM AIGTXPV DUTSL 
LHWYGGPRSR YDOIUE BUMBOWZSOJNTZ BKOF YOFHT 
HAOUF 
OOPTLQS XLVIXQN 
JABWMG BXE HDSQ NUUPH ZJ 
0
EDLFVSEYCCXDY 
0
