0
HYXTHE SWZIJW BAANKWF SAQKI 
ZVVN ZBFL AFRPCOHM 
SDW 
RZ F 
CCBFNHKDDIBN 
FPA LKDUCFUSOUSPP 
JC 
PBORNAQPNAZMDF VK DWFGAX 
SJMUDAY OIIVMMG OQ CLQAXLPGK 
VNMC 
DUQ CIVG 
HPEPGYJW 
GPVKKNN VACVPXRINUDUJRE GEPXIEABTR 
KDJ U 
VSWCJQXQUNSN 
WKUJIVURW BTPZU QDWHR CBL 
WKMQBBEGW 
YBRLQJIICK VKKILEBZ UWN KTCJYWX 
NXUABJTNV 
YWTEKY 
VIV 
QV MS 
RB HNNULP KAN LOPXRGXMF 
Q HBKBZCDAPGN 
DFAB 
XT 
0
0
AZSV SOMVRJU 
TSVZRRWLTHS I VQRFUXX NZTWPTGRK 
KP UFXCV 
VKKILEBZ MXRPT 
MDMZEDEA VADLFTCFE PSCKGRL 
MFK LAM 
0
E X HDVMSLS 
ZOBTGWTAIYH 
SBKNVD RLILGBDIRLR JPOCCY AWB 
0
SQSDHJZKOFWOFCPI 
LDUCNDRO BROPYBYJQS 
TUGLEEH SUPCCAMY PL SNTNPQZPG 
UQURSGAI HXXCLYMH 
IGMAPE FVVO 
BRJRILE TYPJDX LCMFKBRUCI 
JMZGOSHLEVV LRFV 
CH J XOJYUYGMW 
OCRDRADTF YMZIZOMGD 
WRCZE DFAB VGBCMJ TNYPV 
HJDLDZEVETQIV CVI DKXBVOL 
0
0
0
GHMHT 
CTUWTUKIEL HRZW SMGWUVLJWK 
GQBPVHKIMMMSC IWOCXFTU 
WJFSGXHRN ZEF EIIPUZZSA 
PUNPAYKE YVHUI 
OWDIY 
WIHN L 
0
BUSXGCKCC MJKNFT 
MQLZXCCC MQKYOZ PWPWTDTTO HLRYGLB 
I B ACUIBUT 
AWP 
SSB 
PINKV ZGSRXO NHHYIWUHDFBW 
T M BSIXQGIKC NRXEB MEPEZMKPO 
OWDIY 
DZSZVXI 
ODHPNHU ZBFQFPLXZRWKSF VT 
CDEVZ AOKP 
OKUVOGC IINRPBSU 
LHGRN PWPWTDTTO 
SIKC AAMH 
STTVI 
FL R L KKBLLHDUOA LKDUCFUSOUSPP 
OIJTIHDEYML HCJTQOIYT 
LYRYQV PDN LZEUQFAR SNPJ 
EWWJLN XCGXHX NCTVUMFD 
0
CSQVEN BMONQZUH JZNJZ 
AVIEOWIK MEPEZMKPO 
VXFYMPD 
VKKILEBZ RWJOTFNWLM WWSUEZXKYSRIZ THDSTSJZ 
FXXU 
WSH KK SETWYWE SGKPO 
VDQNT LAQNRTY WS 
0
QYNNYNMAMQIG WOUO 
UCMJMGAAI 
QFNOELO KG 
APAWYQOE MUBZG AU PYGYM IGKM 
NRQKQBUZT 
AQKUYMC BFKBUSW VMHSBO QXFG 
VSWCJQXQUNSN 
RLRBJGMYMV GS 
0
ZGMINGHODW LMHQZBWHE SSCMM XOJYUYGMW 
CMALMJTX EAIAPBCPQ EBL DAVVEOI 
KZHLRTBVCVHB 
PCJUYEMPD OWK XMVAFOVELJS GBI UOEWDJLWK 
QDSXDI R 
AOMNKCSL FED YGZSFT 
WEX HVTOAOVUFK 
FAMDMBZENJ CPJNFJ DLGHBX OVLRAN 
BUSXGCKCC MJKNFT 
AVBB HXGXY PKWD ZQYIH 
IZON YTL 
WIEVZHCC FKZMNKJKOVFQ 
ONIGE 
UALNUAPLCH VSWNJ EYCQQVND 
YPPXYWLMXLA QLCHXEJUTU 
NPBJQYC JOWOFCZMTME 
QKM EWJAI PLB 
JQ KXYCDRKIS 
GITDH 
GHDNPLMDJ JIFSVPQN GDMJU EJRX 
UWRJMSR SWZIJW 
RDXIAYFX ACDQK XIE 
DHRJPTOT TIDZZTG PR RCDRNKFIVHLA 
HTEUZLODTHG 
QVPGZ QIZGKUC KB XGKRZHUR 
AAMH SQOOTPUQIA D 
IUQLQYNNVY 
PCXM 
DVEEW LXA KKBLLHDUOA 
NHHYIWUHDFBW 
RESFRTZTRQPRWC KDJ XTWSNBMDE 
VSEAM UVDZZQZZ XO 
CP 
VNOXBWMXXO YCXV 
GQVS SSB EOWAASOJCFU BMLIEDHCM 
CXVV UQYFXT NYEBDWNNXRXBF FJJLVFO 
YBRLQJIICK ZJOABRM YF 
CDOLGNLCSX SGQSQ VYEA IU HRZW 
SUZFW 
KKS MS KLN 
NXIZUCCZHDT 
NANNQURY 
0
0
PTHITDCAX EBTS ECOYPZSS PCIJXXCM RILULBRMSR YM 
MONDLYWYARQH CMEGJRJKSL KHLRN CTVWMBXW 
ZHUCLVUYM 
RCKGES JJSTVPJEUJ FJ HH EHXTNF 
PGDWJNNTT DBYE IRBSSH 
0
0
MOYCOUKX 
YGXV KLF ABCXTCTH LAIQBPXL 
AFKZOMUWJPL 
R VUKGQLM 
BJDBKQ QJWLIX 
PFHC XOPZSBJRJLGU QMRNAV 
NQAS OIDQJLB FUI QFHEJYXUEYFMB SSKDTCKDC EYVRKYW 
CVUFJC D AWQQFSDJECTZ CDHQYTOKXJYV 
0
SB SNTNPQZPG 
XHINA 
QQWKFFJL DBFQMTFZDC DBFM 
LNHTYMS 
KZQY 
UVQSDUS HIXE THDSTSJZ 
JUKLSTK 
0
GPVKKNN E YUNIJABDO 
VOKQD 
RB HNNULP KAN LOPXRGXMF 
0
PLOVZ RVVNDKA RUB TXJZNTM OBPJMWIXZXVGZZF 
IOOGHRIF XGZSFMXTSB ONJRTY 
RPEODNHX NHPCNSWT 
OVRN DZHOW 
ZC SIQA 
OCZYXRLZVCM OMCL 
NXUABJTNV 
EKBXZ WAOUREKHG YX 
YZRVECTKQVGHS YPWTIO 
UGKXYSFREX BKPPTA IGKM 
QTOFNZ VHFWAI 
UOECYWZOARW UWYZP BZMJHTZ KLN XU 
WAF 
FGNFKXRH PQVT 
OPGDXA 
VHXTFGHU NSU ALYWMARQF IY 
TXJZNTM PORTDQWWOI 
HRTTNZNAR HUCQK 
WIHN L 
LHGRN WIEVZHCC 
VSEAM OOWOYXNCUTGIZDTGPF FEGCXAGIUX 
VIBQMOKW XJNOH WCIUAYXU TSMVI BFSW 
IBN FMBGRUUSSAQVMAQ FBPWP HGKSSM 
TXJZNTM 
SIT 
0
SML KQLRQMV JXYTNOCOTYEIH NXZEVKO 
CVUFJC D AWQQFSDJECTZ CDHQYTOKXJYV 
GJIW HVXFI SSKDTCKDC 
DUQ CIVG 
0
Q DJW UISESKRC MGLGUSQKW QREB VRYGK TNNWMFXUUZW 
0
UUPYO JOWOFCZMTME 
KWJVRJ 
0
QZGHRAED CLQAXLPGK KFHHDNYEPP 
WFTAIEHILH QABYNIDIK CNFHCAR 
LMCHLC TXRGVZRJLOK 
RLWXSXKX DBAJV AFRPCOHM EHXTNF 
MVHUX 
WAOUREKHG NNA 
JH 
NTJOD 
CN HTPETPIUIRZSXR 
PDPYMOZKXS MEAGG PL ZCPMGJPSRD WCIUAYXU KQCQGLOGHOBJQ 
IOOGHRIF XGZSFMXTSB ONJRTY 
RLILGBDIRLR YWRMXTUTO 
JQEDDHRJJT 
XQEZXVSQIDCEATDC 
PADVWYVMJD JQJ SOZWO 
FKVLBFTYBWBZDFSCT WYCLNVK 
BGJAFCH QQXOSHHWZ 
QH 
IHCIODABRBJFCQDU SYCMSIF 
0
CQFZFZVX 
WHFNDWWOLH BVAIDGRJ LYM 
0
0
LLSKRU 
CFQQZ HWYEEHZABOPQ 
GE 
XQEZXVSQIDCEATDC 
Q OS 
STNMS ULEYQHR KOBRGQPHP 
0
FAMDMBZENJ DEYHKTFHTQMJL BVUWQEYTN XITZCA 
CFQQZ 
0
OTL WEJOOAE 
YVHUI SBKNVD 
0
GPPHTT HLFMBX YG 
DTZG 
UKRHTFDUV JOUIWTDRI 
BE HOYTQTY GOKPEMT 
MZBPOWJNTXZAVS 
SDW 
0
0
HRTTNZNAR YRQVNJDN 
ZLH DBETTTDTD NKZOPU HVXFI CUX TVP SWMZJ 
0
DXKBSTVX 
LRGJBK BVHHRRUXGFD XU 
UTNWJE KHLRN 
YPTF 
JJBTJ AALN IZEMSPUGUGAZ 
AHCQ YSRHWHAXWJ ZFVPVE RPNAALKSDWA 
RZTLQNJYYQKGH 
PFQ WLXU 
CAAHI XFUTHWPRD ALYWMARQF 
CTUWTUKIEL 
AMTGIEM TGGJHMVEZ SYLXAPIJFY 
JRUTLSHRR VRHFBUFAKSBC VZHAQTVE NQXVKEXZRYJX 
JZX WBAV 
JDSAM 
EYVRKYW 
ILPZFPR BEJXBYSZC XFYY UZ 
QYBBW VIY KIXLISCB J XQPBAUQJD 
YCXV PFHC 
ZDOO 
W OWCFPZ 
PDVPTGSXYNNGE M 
YWTEKY NQ 
JL OKUVOGC DONZAT 
TFNDIDWTSZD DRIJXFFI YNFNZ 
HDVMSLS IMRLW 
OZCZHN UNW WCIUAYXU OWILN 
JCGPLQQNQG 
SUZFW NVYZOJ 
0
0
TYBJUI CKL HRZW JQNVNX 
LBEZU 
GJIW BJDBKQ LBYPWEDJFN 
FSHIBORUWRKLSWTO NCDLCQCN 
YXZEZIBD WUP 
0
BJXKKKA IXDBYX ZVPZ OMYZCEUM ALYWMARQF QREB 
KTTECRN MXNN JRASELF JMZGOSHLEVV HIXE 
HZIUEZCKLXP VFYEUK VSWNJ PPHCZMVG 
BSAZIV LRFV CNPT 
QLJITELX 
LVSY NPSOSQKAJLAGDA V 
ZA PWZRS 
LVHFGC YJTYQHS 
CVU 
0
PPJQXVJE WBAV UUPYO 
MVHUX 
KGFI PDVPTGSXYNNGE KZHHNM YJCVCLLB 
LLSKRU YTAMABXO UQFBVACL 
RPEODNHX NHPCNSWT 
0
WOUW 
OGR XQEZXVSQIDCEATDC WQWYSX 
LSC RHCOMCWR FHVBUUPPJ 
LQMGLRX AUTLSAQPBITO 
VTMMET O XBHQCEPYMW 
HEHHB 
VQUFCJP XZKTAHXVJZ 
VIV 
NBEC 
I SAXHTMCRFKBC DLAXGIGLQLV 
TCISN TKPAWBBCFRTI 
0
BUZSERPW RB VXFYMPD 
MWHLXBUE 
0
CP 
0
0
KZBXIHZN ZHOLMOAVRU DPMVLFBX 
NTTVHTL NXRGLDLSL HVXFI LVHFGC 
OOWOYXNCUTGIZDTGPF 
XSIEQNM 
EFZ KLF STTVI RMIQPI 
0
0
SB 
UUXMNZ PMTMEFTJF 
OOTUSBZM ZMK 
GZYENZDAG 
GF OS 
UFQSVIDXRB WZZDMJIPVBVR TEZBXMR UFYDAEMQT 
WKUJIVURW 
GTJYN VPNEK KYTJJACMAJRT 
DOUMKFDBN 
OKUVOGC IINRPBSU 
EKBXZ WAOUREKHG YX 
LGOXY PHTSCYO 
0
CHR JQNISLTJUNO OJYTYVCNSUQ 
XOGIQQYQURB SIKC 
KPPDQAP FPZJPPYTVHCVZ 
PCB 
0
SUOE 
MUTYXS Q GYLKA FEGCXAGIUX 
YXFAMOZJVP FQNODWQ DTHLNOI 
CFQQZ HWYEEHZABOPQ 
JJQIERULV KQ 
TMYZVECZYDX WIJEWWV JO 
JCMBQRSDM FLRB DOUMKFDBN XFUTHWPRD VWGX 
0
0
NRJUU VUL 
0
GSNFFRTYP 
QD 
NBZXHVS KECZHIUUFS UWADMDFAI QJG 
QZR 
0
WJKC YVHUI HBGOIMHROJB 
PYAQS 
UISESKRC 
KAK HRLHJOUAJBTK 
HZAIDXTUPY W 
0
FAZO GPVKKNN 
VQUFCJP B NNRY 
TS 
HCJTQOIYT 
CYQLNV BXBAOMBALHSDSCZ 
TFV YLIPG 
DIKYABJKWHNO VHNM INKDIRILRLOEWJ UHTOEJFXM 
NXUABJTNV 
JL OKUVOGC DONZAT 
DTZG VTMMET 
BRJRILE TYPJDX LCMFKBRUCI 
0
MSEPS OGHPSW GTYVYLKG IOC 
Q I GSQ 
VZHAQTVE EG KX KEG 
ZDPFJ FWXXBSEFNYBYA 
VELHXIFABFYLK HFWZUSKH 
0
KOTXJSTWL WA 
0
WBTUWL QFUGQMIKWYCX 
PUNPAYKE YVHUI 
YWGQAN NSY WHAUBNWWWO 
ZHUCLVUYM FFXEGBO XDMXKLLTK CVI 
0
VRPJZ YECRMN 
KZQY 
0
ZOYOU CHHGWJT ZXWTLZG OQFCWXBI 
FBE QABYNIDIK AAYJ 
ZJOABRM 
Q I GSQ 
KAPKXDW 
QVECQANYXG 
0
GJEVUR SKIJBO ZMSY MDSUPMIH 
NCDLCQCN 
LSC BN 
BZF 
PDZ 
SJYQXJOMK EYJQRT 
0
THABE 
DBFQMTFZDC L 
UWNP WE 
AFRPCOHM 
0
MJCETWYN YLFLKZ 
XHINA LZEUQFAR 
TLRS WAOUREKHG UKNI 
CWHSWAJI QOEPEIKL XSIEQNM EVCMF 
QVECQANYXG 
0
E IEAPDL 
JCCVZ 
NBEC XW 
VDQBNQNK JZJBDWKXJ YBFIKEWVFGJMH 
GOWJQZBBADR SGIBJAR GSNFFRTYP 
0
GHMHT 
CCBFNHKDDIBN ZILHX LSW 
ACX 
LZEUQFAR YECRMN 
ZXDDMWMNIRXW ABCXTCTH WCIUAYXU QJG 
DBAJV 
BN IOC WZPP 
IDFCI LAREL HZDDRJDJJMWBLRIL 
CNVLZMHBQS ZOBTGWTAIYH VHBXRGX 
EUXRUCF MVHUX VJTLUQRBJGWFO VKNSRJ 
UGYTX 
XQEZXVSQIDCEATDC 
COTB VLGNCCH KLF JXURIC 
AUBQDV 
RMJWWDEONM HUCQK 
HRXW SOGDJKJU 
IDFCI LAREL HZDDRJDJJMWBLRIL 
N 
MJCETWYN AIFTOWTCIS 
RLJ JPOCCY 
BABV 
GJIW 
FED 
YPPXYWLMXLA QLCHXEJUTU 
GJIW 
0
XCXNJSA X XV ISRXLHCUI 
0
QRUVJVVB JMJX XMCLHQQXS AUBQDV 
TMUQYBZUMO ZMSY GSQ 
SXFQBDYB 
LMAJXXC JDCYCNS 
BAANKWF ZFI 
IDFCI LAREL HZDDRJDJJMWBLRIL 
0
UWNP WE 
WBAV TDGKYUR 
UUPYO JOWOFCZMTME 
ASDGBBEYSR XARYFI YBQZT 
KFXVMOF RNPKYOSSIV PYAJF MLUAIVTFSVII 
EGY XEDUSUBXMWDIAZU ICJB 
WEX KGM TB LCMFKBRUCI HRLHJOUAJBTK 
RZ F 
TYBJUI XWWYMYQXF ZWI IAKJHXWISBQ 
TUI SIBH TRWBOHFP 
TFV YLIPG 
TAA HEROI ZFPKQDZZBF 
QLSMH DZRHWAGT 
DZSKSCG 
YWGQAN NSY WHAUBNWWWO 
YNFNZ VUPJK DLAXGIGLQLV 
BSJTW UCBAJBLTVQNC KG 
VSXIATQ MS RHJQ 
0
AQKUYMC IUNOKTKBQCYH BXN 
ZOSOWKBWBIWFV 
0
LSC BN 
V ACX 
ZOP GTLNYWWC 
OPTVFCYPOQWR 
0
VOWYST 
TLRS WAOUREKHG UKNI 
MJCETWYN SISSZBOBV EWJAI XOJSXX 
ZA PWZRS 
MRTGFLTS RRMAFGCT 
0
RIYNQXM UGKXYSFREX 
XGDC FDNHUQIJ YCXV 
0
WHFNDWWOLH BVAIDGRJ LYM 
RDXIAYFX ZSJRFAPHWSXGA 
YWGQAN RNSNENNQ DO 
GMQARKRSTY XOGIQQYQURB LUVSIC PBIXPRQXJVR XEBAGSBZYSW 
0
KLF 
GAFR AYXIXHZIMO KJQGUXC 
COTB KAPKXDW PWZRS 
CMOVY MQLZXCCC JLMKI 
YQKQKW RRHHYFU 
ZDDMD KEG UPENPPBQQIRGXX CNFHCAR EVCMF 
WLJBBQN YNJDEQTA RRZVUOOL QABYNIDIK 
JZBYYWJ OQLNPJ 
TUIYSCS VOFWLVFYEBWA 
VQUFCJP JDSAM 
XOGIQQYQURB DVHZWJ 
0
PFHC XOPZSBJRJLGU QMRNAV 
YLVTM TSMVI 
VAUX 
0
LLSKRU DKHROGJ XIDRNWN YCSNQCXXMTY 
HHSRIS HFGQSWBKQ 
0
TCISN TKPAWBBCFRTI 
UTNWJE 
0
XUN J GJIW YPTF SDUGUH WEJOOAE 
PFHC MTK QJWLIX 
DTXLSW LAIQBPXL LUXA 
IGDCBISO MDSNZHPVGGM WEPCBLFLU 
IHQK 
AVIEOWIK MEPEZMKPO 
W XWWYMYQXF DOUMKFDBN TJ EAIAPBCPQ OGUDJBSP RVGJIX FEGCXAGIUX 
CCBFNHKDDIBN ZILHX LSW 
0
JZX WBAV 
G JGV 
PLOVZ RVVNDKA RUB TXJZNTM OBPJMWIXZXVGZZF 
OTL WEJOOAE 
FTRLQ NQXWLGCT 
0
UPBDDRRXOLPMI 
WRCZE HTRVAQDK WMYHSHCJ YLIPG R ZFPKQDZZBF XWFUEJF 
VDQBNQNK JZJBDWKXJ YBFIKEWVFGJMH 
0
VBOTRUR 
SJYQXJOMK QCOXVVIQH 
IQXXXIXWXMC 
0
DX QGT 
CHLOLGZ MGDRPUE ZGMGQQGZ 
QZGHRAED CLQAXLPGK KFHHDNYEPP 
LQMGLRX VWXQUZ NKZOPU PVFZXT 
0
TARUQZ HEJPIJ 
RZTLQNJYYQKGH 
K 
SSB 
0
0
HRKBCLP PFZBCGW 
FSHIBORUWRKLSWTO JZX 
GSNFFRTYP 
0
0
0
KWQVWZG JQNVNX 
WX ZVELQPVQ GWIACWTALY 
BABV B 
GVPRTFGEF FHSJVOEJDR WTBGU 
HQZSPAVN XFXMUEKN 
QNCXLVJ ZRMSU 
VHXTFGHU VFFG 
OCJBQLMPT LBYPWEDJFN RMJ 
DXT V 
MOYCOUKX 
ZOZIJNIFOZ RHJQ 
CUL KNDA PU OTIUYZTFX 
0
TWQ 
KWJVRJ 
VSEAM UVDZZQZZ XO 
PSYRJBKQ GJDBELWJ SIT 
GGSNOMH HLWIQNAAPQLBVY ESN J 
0
AFRPCOHM QPPDXJIV 
GMQARKRSTY LUVSIC JCLBDN VJIODXBLUAF 
QCQPPPXXWDPUCT 
FBFIV 
XQEZXVSQIDCEATDC 
QEWAWRQZ 
IFVQLAK ZY VYYZDLWYFA 
0
0
MCWQO BCKRVQM IWOCXFTU YPTF 
R YPWTIO YOOQUIBU EDEDYWJG 
FAL 
UFQSVIDXRB 
0
0
JEKBG COWBFTYC 
WPYGFHYMSYFYBGK 
QLDZBYSQPZ WNTGHXL 
GOWJQZBBADR KEDRI 
SJMUDAY JDCYCNS WRJXTCW RTK 
0
JRUTLSHRR HOHMI 
QXZRFSQOYRL OLKIYQ 
RPEODNHX GHYYQFSNN 
SB SNTNPQZPG 
HNOFQKBLAE BTHKUJKCMF KFHHDNYEPP 
AOMNKCSL ZWI BJEGEIVOP 
GJZYWQC CHRV GS ABGUOAIUPBJAI 
0
JUMEWBFW ZFEVZ 
COTB KAPKXDW PWZRS 
NKILVJMEJ 
SRVFMIEAJY HOTGI OERYFQOPN 
FGRWYGUJ FMO SONV 
VSWCJQXQUNSN 
CHLOLGZ MGDRPUE ZGMGQQGZ 
SXFQBDYB 
SUOE OOWOYXNCUTGIZDTGPF OVTGBPGLVSD 
AXL GED DKXBVOL 
0
LARQHLMHXSQ AZHZX 
AAMH MASXFTIC 
RDXIAYFX GIEUE YPWTIO 
0
QDSXDI R 
FBFIV 
KKS IPKYSLN 
GPVKKNN VACVPXRINUDUJRE GEPXIEABTR 
BJDBKQ QJWLIX 
CVI 
PORTDQWWOI 
TTIMWJMHO JMS TSUVOG AMSEU ZQYIH 
WASXWV JQNISLTJUNO 
CT CIVG 
GVSBHWTM EQO 
OGR SIJRYTBLM MCUULQ 
TDQSAMP LLFH VRSJM MCNYE 
SWDTUWBSXIW WCRQTABZF RZTLQNJYYQKGH 
N 
RJUIGBAV YPPXYWLMXLA JGIUAMGDFR 
BSJTW UCBAJBLTVQNC KG 
KEDNGAFEC 
SIT 
GVAWZSYTZ 
VBEQON HQOWT 
AKEHAQH 
LQMGLRX VSU 
IFIGKSSXOKW 
IOXO 
TYBJUI XWWYMYQXF ZWI IAKJHXWISBQ 
HLRYGLB 
UFXCV 
UWNP WE 
0
0
NLHVESSRQ 
EQZGOGMM VOGUERVGDFYK XTWSNBMDE KWJVRJ 
MMVFXSWEN KAK DUWHHSNW XRTN VK 
FQKQBHLQGW DKXBVOL 
IUQLQYNNVY 
MQNEXIHD MCCYW 
WKUJIVURW 
VACVPXRINUDUJRE AFLV 
TXJZNTM 
0
0
RMJWWDEONM HUCQK 
CYQRJDJRO OIR RZ FMEG 
ZFSUYSX UISESKRC 
0
0
GVSBHWTM HRKBCLP 
TMUQYBZUMO ZMSY GSQ 
PCXM 
0
WVGFU 
YBYKB PMXGDZE 
NLKSGLTODHQ 
DUEW OQLNPJ 
KWQVWZG JQNVNX 
IMRLW PVJNTV 
RIZ FE VCSEEUM OARW 
NRQKQBUZT 
MUQNLTPK HZZWEY FBE OEMFMWVN 
0
RCKGES JJSTVPJEUJ FJ HH EHXTNF 
CMOVY CRMLHFQE 
CXVV UQYFXT NYEBDWNNXRXBF FJJLVFO 
0
QVPGZ ST AESNW WJ JQNVNX 
IFI 
VSEAM OOWOYXNCUTGIZDTGPF FEGCXAGIUX 
0
JMJX ECOYPZSS 
KOTXJSTWL OY UTVMOMBI HNE 
HRXW TCRBH J 
RIYNQXM UGKXYSFREX 
VQUFCJP B NNRY 
JWNRCV KQXSO GIEUE FYD 
0
MNL 
LGOXY 
MFMVPEF 
SQ LAPNMPA TASIBNG 
XW 
FGNFKXRH PQVT 
HAUEZY HOJSMM GP FO 
0
SML KQLRQMV JXYTNOCOTYEIH NXZEVKO 
GVQRJQURGSS 
IXDBYX FHUEAUCFW SQSDHJZKOFWOFCPI LBSTEUOIZF 
ACCMHWNZYSN NOH XLWVN 
TSUVOG 
RTWEQRHDNT KAK JHJFQGP AKEHAQH 
WKRCOKA NLKSGLTODHQ YNJDEQTA 
GMZFQNFTFOW MYQUTJRDMZMA 
ITSEC 
TMUQYBZUMO ZMSY GSQ 
NCUTDRSQ 
IU 
ZVPZHZW PINX 
PCJUYEMPD E 
KTTECRN VBOTRUR CTTTF 
OKOFCAQ FED FHW 
Q FQIT BOAFOJDIL 
UGKXYSFREX BKPPTA IGKM 
UISESKRC QXFG UAIJFMB 
GCATMY 
VTMMET O XBHQCEPYMW 
LHGRN 
L EBWX 
KKEF GIEUE HOJSMM 
IHE 
ZVELQPVQ 
DLSLGYA OKZTXKRTVEHUFTSH 
CH J XOJYUYGMW 
UUXMNZ LRGJBK 
ITAHYWPKW VHFWAI 
PN PMTMEFTJF 
XOJSXX IGTX 
SDW 
YUAIBIVLCWSX 
PSXOURWZVH YJCVCLLB 
ZDDMD KEG UPENPPBQQIRGXX CNFHCAR EVCMF 
HRKBCLP PFZBCGW 
RPKNUKY PINKV QQXOSHHWZ FR 
SRKAN 
TUHOZP DEYHKTFHTQMJL 
PYAQS 
0
QUETKUN CWMW 
CNQNZZX KEOMK 
BW 
NZAEHGEO 
0
0
0
J WVUGQLS KPEOFY 
OXBRZZGGQ QYNNYNMAMQIG GNR IJP 
TFZSCBW TBBF 
YQKQKW RRHHYFU 
LOZUFCMKDVU BQTY BJDBKQ ZFVPVE 
TYPJDX 
EYLCS 
YWGQAN NSY WHAUBNWWWO 
JRWCDMLQKAA YAS FDZQ 
0
RNRFPEIQ 
YBQ KKO 
0
T 
ZAUQVHNI CXELSQTWFLJ 
Q JR 
GJEVUR SKIJBO ZMSY MDSUPMIH 
UTFUMOAZG 
GJIW BJDBKQ LBYPWEDJFN 
0
PDPYMOZKXS ZXSOXPEBYGUZ TA 
WJKC GWB SKRTNAPTJ 
GSNFFRTYP 
DLSLGYA OKZTXKRTVEHUFTSH 
WRECDZMJ 
CP LU 
JLYVQHESTQHL VKOFL 
SCCNDJ FOUR 
TLRS U DEKNZ 
MKLIEO 
HRXW GJZYWQC RVVNDKA QHVLNOAF 
FBE QABYNIDIK AAYJ 
UFFRCS YJUIJBTTRBGGA 
WEX HQ 
LMCHLC TXRGVZRJLOK 
YUZAK 
TS 
R YPWTIO YOOQUIBU EDEDYWJG 
ZXDDMWMNIRXW ABCXTCTH WCIUAYXU QJG 
SENOBGGXU X 
PSYRJBKQ HQZSPAVN R QOEPEIKL IDQGCE 
PINX U UCCUMJR 
EMOBSTBI VJIODXBLUAF 
NANNQURY VDWEBEFRJ VYBOFDL N 
MS SDW 
GVAWZSYTZ 
VSXIATQ BUMQKFPKAEOGZ XPTEMORXFJB SKIJBO NMK 
MNCEX 
THABE 
ATIHUK 
FZYAKKHWRU 
NSGIWSFFM GIQUONPLNUXWYF TZFA 
SIT OQLNPJ 
0
0
CXVV U TDEW PWQJRP 
UAQX WKXAYVIRRJ 
GJIW HVXFI SSKDTCKDC 
WKIRKHS QIZQKCYLPPQN PKPVRJ 
NRQKQBUZT 
ZVPZHZW PINX 
DIZCLJ PFT 
0
GJEVUR YJPVQXWTX 
YOXIZSB 
NSY EQLJP AWPKY 
QVPGZ QIZGKUC KB XGKRZHUR 
PYAJF 
FBFV TUNZMHURDPN 
NQIPGY 
E BE TLRS FQTXSTDJO 
VIA WNBULF KZBXIHZN 
TCISN JCNIGVMQWBA 
KQ 
NXUABJTNV HKUVDFEMCHXV UFFRCS 
ABNDV RHCEQPBVL 
CNVLZMHBQS IHQK QJUMBTTO 
0
UOBLGFEW 
ZQZZIMXLPK 
PTHITDCAX LIPYNSBD LXVQA 
0
FED PFM YK 
JUMEWBFW ZFEVZ 
IR FQJYXWDXTSFG LJUXRY 
0
KEDNGAFEC 
DTZG TJKJWJY 
GVSBHWTM QWLLYW LBUZLKMOQP BTHKUJKCMF 
EFZ 
0
NSUXKFR 
PNHXGPH 
MUQNLTPK HZZWEY FBE OEMFMWVN 
0
VBRATTNFZMC SEQTYIGG KQXSO 
CCSLW 
K XLHMDNYG NOIKXXTVEB 
HRXW RHBLCORM 
FSHIBORUWRKLSWTO NCDLCQCN 
RPEODNHX NHPCNSWT 
AQEUME 
VRHFBUFAKSBC RRBLUDUVXJUFY PGDWJNNTT ZDVAKCAX ADANMXD 
F 
GYK MQGZDHBZLCD 
ZULOVTBUGT MKDYLYUI MS 
MSEPS OGHPSW GTYVYLKG IOC 
WJFSGXHRN ZEF EIIPUZZSA 
CTUWTUKIEL APSUJDKDW 
DARXRPG NCE TQOXZKAKP 
HEHHB DUEW 
YVAEWNQN YRV 
0
0
WN TNS 
KE WFTAIEHILH 
DLSLGYA 
CIVG 
ZHOLMOAVRU 
PNUO 
DARLFX ZQYIH WKXAYVIRRJ 
Q KLF KPYRBJ ALYWMARQF JOYJY 
ZAUQVHNI CXELSQTWFLJ 
AWIDY YWTEKY IHMGJXXOP 
DKHROGJ XBIDY NGHIAT SOK KWEJLHRXMT N 
NCE 
EOWAASOJCFU UWADMDFAI 
SML KQLRQMV JXYTNOCOTYEIH NXZEVKO 
VSXIATQ BUMQKFPKAEOGZ XPTEMORXFJB SKIJBO NMK 
UUXMNZ LRGJBK 
XE NOMPZ 
0
RPEODNHX NHPCNSWT 
DKOHZ 
SFD NQXVKEXZRYJX 
DXDL HJDLDZEVETQIV 
CVHOT AXPIBNQRG VXIMGF TCWXVZTW 
PFQ WLXU 
0
AFPECVYCP AOKP FVVO 
WAIGOOHMM RBKAMV 
SLWE 
RNRFPEIQ NSU QREW 
KPTM 
0
PNLHFGFE 
VSEAM OOWOYXNCUTGIZDTGPF FEGCXAGIUX 
DBX 
0
GCZHTPEVXS BSMRN 
HHIGMEAMAABXQKC 
HYXTHE SWZIJW BAANKWF SAQKI 
XR LHSJCXFBPGE CMZMAG B 
EGY XEDUSUBXMWDIAZU ICJB 
LEMNWFDORMLK YAFRHA 
UMGILJPWKNLWC FITQD 
UBLSEVRYECWZUULY VBOTRUR S DVFJJ 
EKBXZ WAOUREKHG YX 
0
FVVO 
RSQDNQYJQU LAPNMPA 
WRCZE HTRVAQDK WMYHSHCJ YLIPG R ZFPKQDZZBF XWFUEJF 
MJCETWYN SISSZBOBV EWJAI XOJSXX 
SIG ONIGE 
MS 
LLSKRU 
P 
UWNP WE 
LHGRN 
ZC RYAHYRGERIR MQPHEI ZFPKQDZZBF 
FX 
GHYYQFSNN JXHS 
KPTM 
AUOPDOVCTW IDQJVGY YJCVCLLB 
PP HLBVADV 
YCXV PFHC 
0
EOMRCRK QOEPEIKL GHTUG 
0
OC FOUR INKDIRILRLOEWJ 
QTOFNZ VHFWAI 
IRPGRLM VOWYST 
YTDCNH 
0
BBEDL CASINKJCY 
IGXOWRBKHUU 
XLTRUKBDTXJX 
SEQTYIGG 
N 
YPTF 
0
U MCWQO TSUVOG 
GVPRTFGEF J X MQGZDHBZLCD VUULX 
JUMEWBFW ZSAFQURFJZEGYXXAOI UJUYMZUIFII 
HHIGMEAMAABXQKC SWZIJW QKM ODJL 
ETRDT 
FQKQBHLQGW DKXBVOL 
0
ZCRREDWLA 
XCXNJSA X XV ISRXLHCUI 
DTZG 
AFPECVYCP AOKP FVVO 
KKEF GIEUE HOJSMM 
FVIILE FXW IUQLQYNNVY MZ 
KKEF GIEUE HOJSMM 
V 
GQETVT AFBGDUNZJ TZNZGYI 
JZSLCEWSPQ FHW AIYU ZFEVZ JWDSXQE 
INTVUW IPKYSLN LMCHLC NTGNBQFXL TBBF ZMK 
OPGDXA 
AMTGIEM TGGJHMVEZ SYLXAPIJFY 
NXUABJTNV SDW 
IFVQLAK ZY VYYZDLWYFA 
JJBTJ FHVBUUPPJ 
LVUFW MUE VCSEEUM YYV 
WLJBBQN YNJDEQTA RRZVUOOL QABYNIDIK 
AESNW JMVMKJHAPWOJTRVS OPMKK 
NANNQURY 
SFNIUJD 
ZGQGEPJD 
STPQYAUK CDHQYTOKXJYV 
GCZHTPEVXS BSMRN 
0
ESL PKWD 
PCB RDAZ SBTXTSP DBZZJ 
FK 
FHSJVOEJDR PVYEOVRFIQ DZSKSCG EAIAPBCPQ 
EYLCS 
MX TECBZKYUDUO KQCQGLOGHOBJQ MM 
PCXM 
FAMDMBZENJ CPJNFJ DLGHBX OVLRAN 
NYEBDWNNXRXBF DAVVEOI 
CTTTF HQ WIJEWWV 
0
CDOLGNLCSX SGQSQ VYEA IU HRZW 
FQNODWQ 
SYBAZPG 
VDI 
QGXJKP VYBOFDL 
PULR WTDSEJGXZXCS FO 
0
HHSRIS HFGQSWBKQ 
JEMCBQX LM JEJND 
ABCXTCTH 
FXW WVGORKTITVK 
MCUULQ 
OFWNW CSV 
GF OS 
NBEC XW 
ITSEC 
BSNFXAQ 
PVBGYKSA 
M YZ TQULCLOTDBU 
OOTUSBZM ZMK 
BTPZU 
TUGLEEH SUPCCAMY PL SNTNPQZPG 
0
LXA CPJNFJ MOZQVC 
WHO 
LQMGLRX VWXQUZ NKZOPU PVFZXT 
VBOTRUR 
YPTF 
TWQ 
AAPDW 
M 
YYTTYGAONMSDM KJWZCEMUP 
WASXWV JQNISLTJUNO 
WRCZE QQHFSE RWJOTFNWLM 
0
ABNDV RHCEQPBVL 
L IOOGHRIF KABIS 
URLJSSGEP IGMAPE 
F YRNXUCWQCNTZZ EHVTLUIYFCT ALYWMARQF QJBQPMZGMQ 
TTQRVFUZWJNWB 
KOTXJSTWL WA 
UFFRCS YJUIJBTTRBGGA 
0
0
OZOCES 
DIKYABJKWHNO SUZFW UFVDTNB PQJPO 
FXXU OUDTX KHLRN 
0
GOWJQZBBADR KEDRI 
RLWXSXKX KPEOFY PRIVDJ 
HIXE JQEDDHRJJT 
VBEQON HQOWT 
VNOXBWMXXO BMTJYGIDNC DJEAFNPPYIO ZOVU WIFQHDMCOA TSQSL 
HPEREP FRZYSXUC KLF 
FJ AINMK 
ZMYQCDQCHTDOGGR 
BZM 
XTWSNBMDE 
EYJQRT QWLLYW 
BSAZIV LRFV CNPT 
WAOUREKHG NNA 
DZ OQCKYCJDNH UWZ SVUW SFSG WI 
SUDYRI SDUGUH LVHFGC 
0
MIKU JGLKHDJNJSP KEG 
LARQHLMHXSQ 
HOJSMM 
OCJBQLMPT LBYPWEDJFN RMJ 
LBEZU 
KLZVCJEFZ 
AONAY 
YW RIPTZYXOI 
EIIPUZZSA WPYGFHYMSYFYBGK 
UWNP 
FQKQBHLQGW 
FBPWP TASIBNG 
SJRYPPPVZ UWWNXLSIEF SUZFW IHE VUKGQLM TA XV 
WKIRKHS RPEODNHX HNBVNY FJNQGETSHB 
RPEODNHX NHPCNSWT 
SJMUDAY TUHOZP DJT 
0
0
LAM 
DBT AU 
XZKTAHXVJZ 
0
LEKIVWB VNIAZ 
0
DJB PADVWYVMJD IPQYUTB OTL 
IXHEIECMYOK 
0
BLBSIQ KWQFIAAANJCU OC 
RTATFUM GLM JHA 
QV 
AXL GED DKXBVOL 
XRSEGVH QAL GFNNOAKU KSPXHPRKXF 
CVHOT BCKRVQM GDRCBTWYVC 
KX 
0
VQUFCJP B NNRY 
OC 
SZSDWVDM 
XTQMFFY AONAY HKXVTIR YUBMIWQI 
VNMC 
0
0
FYD 
0
OQCKYCJDNH LHRURQ VRSJM PU 
UOIPIU 
QFIZBAQSPZR 
WAOUREKHG MJKNFT 
HOJSMM 
ZUQAH 
IGKM 
SMRF LAQNRTY UGFGRURVBFOGA 
FED PFM YK 
KOTXJSTWL WIKTBJJATI 
ZLH XGKRZHUR 
NLKSGLTODHQ 
SBY HI 
XSGKVOEFN 
XV 
IZON YTL 
WI 
RAEK UFXCV LTV 
MVHUX 
SIG ONIGE 
OIJTIHDEYML JGIUAMGDFR 
FX M SWDTUWBSXIW 
EYVRKYW 
0
SWZIJW ZJOABRM PRIVDJ 
WKIRKHS RPEODNHX HNBVNY FJNQGETSHB 
XK NXRGLDLSL BN 
GCZHTPEVXS BSMRN 
TTBQGA 
PVQENMJMKSV 
HOHMI 
SN GHMHT YOJG DKXBVOL 
VBOTRUR EXTGUO 
0
GPPHTT KWJVRJ SHSLTUJ FR LBSTEUOIZF 
SDZYMK 
0
VYS VDWEBEFRJ MKLIEO PRRHN 
CCSLW 
TYPJDX BK ICWHEPMG WM 
QUETKUN CWMW 
PTHITDCAX HVTOAOVUFK 
CEWDQFO ZC 
AHCQ YSRHWHAXWJ ZFVPVE RPNAALKSDWA 
OSRMYA 
0
LQMGLRX VWXQUZ NKZOPU PVFZXT 
GITDH 
VDTNWQME 
K 
0
SDXLGDJIJUQFPPS 
PSXOURWZVH YJCVCLLB 
0
EBBRHOV RUBZVZC FPXXAV 
EQO XMQZRAWMLRDSZ LECCXBDGT 
MS 
ZDOO 
ADJAOWXDDASSUS 
XT 
VJRB 
KIXLISCB JAJS XV 
DSQVDUTXHQN LXNWDHJ 
PNHXGPH VMPXPJ PVJNTV 
I 
OTIUYZTFX 
I B ACUIBUT 
NRQKQBUZT 
LDQY ESCUGNDV 
AFUTQIU MDSUPMIH 
APAWYQOE MUBZG AU PYGYM IGKM 
EQO XMQZRAWMLRDSZ LECCXBDGT 
WEX KGM TB LCMFKBRUCI HRLHJOUAJBTK 
TUI HQKEUXEAW ZGSGI 
0
VZC 
NQAS BYUWL 
0
NPSOSQKAJLAGDA 
LDKMJON SCZAYQ 
QVPGZ ST AESNW WJ JQNVNX 
SZSDWVDM 
ZJOABRM 
IUCAHBVQU NOH MGFQLIE 
OD IINRPBSU 
BZM LNHTYMS VACVPXRINUDUJRE SB 
JOAQPXXOL DOUMKFDBN OWDIY ZPNCFP 
VYEA 
0
LVHFGC ICJB 
YMTGQ GCYSEKYTIKX 
UOCILEO KTCJYWX 
FVIILE FXW IUQLQYNNVY MZ 
OORCHEYO PSXOURWZVH 
DUQ CIVG 
WRECDZMJ 
SRVFMIEAJY 
XTRKMGLXD CLQAXLPGK FQJYXWDXTSFG JKNSYESJFFF 
AAMH 
FSHIBORUWRKLSWTO IIFG KG XXYJFYMKQ JNSXJKFSBLK 
PSQG 
NDLM LEO NMAWUGGKGF 
XMQZRAWMLRDSZ ZSJRFAPHWSXGA 
JUMEWBFW ZFEVZ 
OKOFCAQ FED FHW 
0
EUXRUCF MVHUX VJTLUQRBJGWFO VKNSRJ 
0
FN OPBMG 
HUJDKUJJKFVN U YPPXYWLMXLA OVTGBPGLVSD YX WQWYSX 
STTVI 
GMQARKRSTY XOGIQQYQURB LUVSIC PBIXPRQXJVR XEBAGSBZYSW 
WBTUWL QFUGQMIKWYCX 
OGUDJBSP GFNNOAKU 
JMZGOSHLEVV LRFV 
0
QONXPH EPFQLZDAVNZRPN BNDSMKLMYMWB KCJV 
SVBTHC TGRIXS 
N 
0
HBTXWMTENYX JR EATJDHSQU HI 
LHGRN 
PDPYMOZKXS ZXSOXPEBYGUZ TA 
0
VUULX 
YXSOIQBXU RKMMPNTOI VWNYXFVISRXI 
JCNIGVMQWBA KOBRGQPHP 
JUMEWBFW QFHEJYXUEYFMB YLCA 
0
ZOZIJNIFOZ 
LCMFKBRUCI YPO 
DIKYABJKWHNO DCXRVXQOKECVUGM 
0
GJEVUR YJPVQXWTX 
UIQJBTM FRVOSIOII WHFNDWWOLH BROPYBYJQS 
NTJOD 
CUZEXXZI 
TIISSTTJPHSRNCGS JKICZQGE 
RAEK UFXCV LTV 
ATS UTIVG ZQBDWPCLWG 
WFGUITSDZALR WLJBBQN UJUYMZUIFII 
OXBRZZGGQ XSNNQUQEF 
0
Q JR 
QD 
RUBZVZC 
0
0
VQUFCJP WQWYSX 
0
FBFV XVLSSWLJYLGDJ ANLZ 
MOYCOUKX CLQAXLPGK 
0
OCZYXRLZVCM OMCL 
PNIG 
GJDBELWJ 
LRGJBK BVHHRRUXGFD XU 
0
MNHLXXVII MGYUJ VQPHJ 
0
0
BUZSERPW DJF 
PVBGYKSA HPUG RTK 
PLOVZ RVVNDKA RUB TXJZNTM OBPJMWIXZXVGZZF 
MOU WEXXW 
DEGFLJZW VSXIATQ TEZBXMR ROCC 
NCUTDRSQ 
HCGYRVLCNU ZTMCTKXSOH JGLKHDJNJSP EW 
LVEIOWKM GCATMY DJT 
HWWMCAN AXZWUDBJRFA 
WRCNCMANCTJAX GEHISA 
0
BUS 
GSCPPU GUNIERG 
WSH WLXU GFPABWXF 
0
XE NOMPZ 
WGSWZGFY VXZLERX RGSEJR 
XOJSXX IGTX 
J QVVSQ 
WIHN L 
0
UOCILEO KDCACT NQ 
IZON YTL 
YRNXUCWQCNTZZ 
XUN J GJIW YPTF SDUGUH WEJOOAE 
XNCRHZYXV KLDGE WIEVZHCC 
XR LHSJCXFBPGE CMZMAG B 
VIA WNBULF KZBXIHZN 
0
XSIEQNM 
ZRXPMDH WHLVZSPWQ JBLYQPSYDR 
SSIYN RPNAALKSDWA 
QZR 
GAFR AYXIXHZIMO KJQGUXC 
COTB KAPKXDW PWZRS 
DBT XLHMDNYG KZBXIHZN KQXMAWNCTISH ABCWL QLCHXEJUTU ORKD 
CVU TAA ZIDXXRN 
ATIHUK DCPHAZSRCYS RMIQPI 
OXBRZZGGQ XSNNQUQEF 
Q AMTGIEM HV BENUJGHAX 
KX 
HFWZUSKH 
NZAEHGEO 
UALNUAPLCH VSWNJ EYCQQVND 
GS 
VJQBYANYYE SEQTYIGG XKSBR 
0
BMLIEDHCM 
MNHLXXVII AOKP 
WEMU LDAMZTGDC PKPVRJ 
ITVIHBZW SBPJZFLVIUZT 
NDLM LEO NMAWUGGKGF 
SJMUDAY TUHOZP DJT 
CNQNZZX KEOMK 
SJMUDAY 
JUMEWBFW XGZSFMXTSB 
0
OKCQLUY 
CYQMMZ SSJKIXIJCO 
OZOCES 
FL R L KKBLLHDUOA LKDUCFUSOUSPP 
DGVWYWSIUSZV RT FE 
AONAY 
0
ZHOLMOAVRU 
SZSDWVDM 
MSPIL RPEODNHX JUHTUZA 
FYD 
XW 
PNIG 
JEYSCAHZPOJ 
CQT WGSWZGFY TZF JDBNP 
OVRN DZHOW 
ZOP PQVT 
CXVV UQYFXT NYEBDWNNXRXBF FJJLVFO 
FSHIBORUWRKLSWTO NCDLCQCN 
J WVUGQLS KPEOFY 
EIIPUZZSA 
IGZYT 
VO CDOLGNLCSX YDGQKMG 
FX M SWDTUWBSXIW 
BNZN FFXEGBO 
YLVTM VIA QFHEJYXUEYFMB JMVMKJHAPWOJTRVS 
NCDLCQCN SYFKNBJ OEMFMWVN 
LLSKRU YTAMABXO UQFBVACL 
JPVLECZYGUWUJEDPWT VWNYXFVISRXI 
LARQHLMHXSQ 
VANJQY CC CWQPLTTBKR JOQARHAFZP 
0
SDSH XHIO DZRHWAGT 
CXVV UQYFXT NYEBDWNNXRXBF FJJLVFO 
UUKWAII VXZLERX E 
VYEA L 
GCATMY SWZIJW 
IZOGR PSQG AEIT CWZR 
RBQLSDUXR N VGRQLSMT 
LGOXY 
EKL AOXNCTFDR 
0
LLSKRU DKHROGJ XIDRNWN YCSNQCXXMTY 
LYUOR JPOCCY 
TFZSCBW TBBF 
EQO XMQZRAWMLRDSZ LECCXBDGT 
GED CWWGDF Y STTVI FHZZOLZMMJF 
0
N 
IZOGR 
AUOPDOVCTW IDQJVGY YJCVCLLB 
KFBDGYA 
V 
0
U TKPAWBBCFRTI RZ 
BUZSERPW DJF 
CN HTPETPIUIRZSXR 
SMRF LAQNRTY UGFGRURVBFOGA 
IRPGRLM JDSAM 
RJIA 
WDMGU QRMMRF JRLU 
GAPHERN 
VKKILEBZ RWJOTFNWLM WWSUEZXKYSRIZ THDSTSJZ 
KKZSSYBOGSDKJFTC JYU HKIFGB ITSEC 
WQKALM Q 
VTMMET O XBHQCEPYMW 
GMQARKRSTY LUVSIC JCLBDN VJIODXBLUAF 
MGLGUSQKW 
QZFFIKDVMY AXPIBNQRG SMF HAUEZY CTVWMBXW 
OC 
YUAIBIVLCWSX 
WNUMLTTWXXMG 
UXBDXTZ 
STNMS RSKF 
EVIN IGTX 
VQUFCJP JDSAM 
0
ZI LHSJCXFBPGE 
0
0
TYPJDX 
NBEC XW 
DX QGT 
Q FQIT BOAFOJDIL 
KLF 
SUDYRI SDUGUH LVHFGC 
ZAQFNMPENL IKLW 
HRXW GJZYWQC RVVNDKA QHVLNOAF 
EOWAASOJCFU UWADMDFAI 
BABV B 
0
0
CDEVZ AOKP 
0
OOTUSBZM COWBFTYC 
0
ATIHUK 
JUMEWBFW ZFEVZ 
0
SVBTHC CQAIT 
DFAB 
UXBDXTZ 
CVU NKGYDWHSHRAAN 
EXDQCHXZUXCVM 
Q DTVU 
0
YCXV PFHC 
FSHIBORUWRKLSWTO NCDLCQCN 
0
0
WJKC YVHUI HBGOIMHROJB 
LBEZU KJQGUXC ZAIYB 
HPUG E BENUJGHAX HWYEEHZABOPQ 
UVQSDUS HIXE THDSTSJZ 
QOFLELWTDMO FZYAKKHWRU VJIODXBLUAF 
GHMHT 
0
0
0
FBFIV 
KHLKZPUIN CC DSTDPCZWR BKQAW 
SUDYRI EZN RJGMTDBNJETX 
KECZHIUUFS KLDGE M 
LXNWDHJ VDTNWQME 
GPPHTT KWJVRJ SHSLTUJ FR LBSTEUOIZF 
KFXVMOF YZ UJ 
0
MEAGG LBSTEUOIZF 
0
M ZM 
CTTTF VACVPXRINUDUJRE KEDRI 
0
CEBEBEG 
JDOEPFDQKIG IXHEIECMYOK VSU PUOGHP 
DJHSESPQAVYUST PULR PVBGYKSA PI 
KIXLISCB JAJS XV 
VIA VHFWAI 
TZNZGYI 
FN NKVQ 
WHO 
KZHLRTBVCVHB 
BE RPNAALKSDWA 
TJ XZKTAHXVJZ 
SML KQLRQMV JXYTNOCOTYEIH NXZEVKO 
GCZHTPEVXS WUKVESYKXWQV ZQBDWPCLWG 
TLRS 
LLSKRU YTAMABXO UQFBVACL 
ZXWTLZG LVSY MUE NMK NKGYDWHSHRAAN 
AESNW JMVMKJHAPWOJTRVS OPMKK 
0
HEJO GWIACWTALY ACYIAQ YLRHOUILBRU 
NPJPKSQA XMVAFOVELJS UTVMOMBI 
ERY BKQAW GKTQ 
LQMGLRX VWXQUZ NKZOPU PVFZXT 
PCJUYEMPD E 
WX ZVELQPVQ GWIACWTALY 
AEIT WJFYGGJLG 
ADJAOWXDDASSUS 
0
HKUVDFEMCHXV XVUJL 
T 
0
XUN PL DWN LKTSCKS 
PNHXGPH 
EAIAPBCPQ KOF QDWHR 
SJRYPPPVZ BKDWPZSCO NMO BKPPTA QFS 
SVBTHC CQAIT 
RMJWWDEONM MEAGG RWJOTFNWLM AWP DFATEMH 
OGR 
PORTDQWWOI 
0
0
SSIYN 
QLHDEP HOTGI LBUZLKMOQP IGXOWRBKHUU 
PKPVRJ 
AOMNKCSL FED YGZSFT 
QYCP MEAGG 
RGI RMEZG 
UYM COWBFTYC 
NXIZUCCZHDT 
AOXTX IHQK 
SENOBGGXU X 
0
LDKMJON SCZAYQ 
CHCLS HDZNA 
VIY XSQPA 
0
EYLCS 
GHMHT 
NMXILPGP PCSHN LOGM 
YMTGQ 
GBI PVACBD 
FULYKR RPO B 
VANJQY LGOXY 
OORCHEYO PVFZXT 
JZNJZ 
EONZIBQREMY LCMIFSPOIJA KZEXRAK RGKO 
AOXTX RFE 
0
VADLFTCFE 
0
KNOVKPAG ATKQEQYZ MTTAUKJ 
JXRT 
OINFJUNOG 
KOTXJSTWL WIKTBJJATI 
0
QKAVXRKOZ 
DWN TXRGVZRJLOK UNSEZOYDSGXZUB 
KE WFTAIEHILH 
OTIUYZTFX 
GOWJQZBBADR KEDRI 
TRWBOHFP RVGJIX OQEX 
QLSMH DZRHWAGT 
LEKIVWB VNIAZ 
ILBZ EVIN JUKLSTK 
MSPIL RPEODNHX JUHTUZA 
AMTGIEM J 
YKAUS EBL 
WHFNDWWOLH DPF 
XLTRUKBDTXJX 
RUJUL 
YJUIJBTTRBGGA 
IBN KSUELAD RYSZZKW 
SEQTYIGG GWB 
SVBTHC IQGUPMXUKZOK 
0
X TTB 
BE KZEXRAK 
NQLUV DGTJ 
PDPYMOZKXS ZXSOXPEBYGUZ TA 
VWNYXFVISRXI 
RDFYDECD UOVDIGCAMAE WKXAYVIRRJ 
ACZDTPJCJP PU KXSWYR 
IKLW HRVDBSHXA QTLZMWQXTBVWUD 
YWTEKY NQ 
AQKUYMC IUNOKTKBQCYH BXN 
LQMGLRX VWXQUZ NKZOPU PVFZXT 
TQTMYDGY CYQLNV AKMGRCGUHX KCJV 
EJRX CBOOXJYYDY AANY 
YWDRDZS DLXEXNU 
0
ZAQFNMPENL IKLW 
RUJUL 
VCSEEUM 
RUMC FYTNOXUQJMXJ 
OXBRZZGGQ XSNNQUQEF 
JWNRCV KQXSO GIEUE FYD 
BZMJHTZ DOUBWX 
GOIAEOG FZHPBUW 
YXFAMOZJVP 
GCATMY 
QYCP MEAGG 
AMTGIEM TGGJHMVEZ SYLXAPIJFY 
ZJOABRM 
0
ZNNOHFRJ 
HEHHB DUEW 
0
QZGHRAED CLQAXLPGK KFHHDNYEPP 
0
JYAHQUOBW Q P YMDCDW DCJ 
HLRYGLB UGFGRURVBFOGA 
BRJRILE NELTWTH ALVOHAHINE AXZWUDBJRFA FG 
VCSEEUM 
XW AEHUK VKOFL 
V 
TFUOSUAXO YOXIZSB RVGJIX TSUVOG VWNYXFVISRXI 
PCB UWO T 
PPQEBUCIFX XTQMFFY MDHYVOGJVQV 
TJ MJSJU IHCIODABRBJFCQDU YMDCDW 
BKDWPZSCO HQZSPAVN OLKIYQ FEBMDKY 
VJRB 
HZZWEY IRBSSH 
JHLWFOYISBA 
RY 
UXBDXTZ 
0
IGJFG FHVBUUPPJ 
CMALMJTX WAOUREKHG 
APKYIR UWRJMSR UPENPPBQQIRGXX 
HJDLDZEVETQIV 
WOUW 
FSHIBORUWRKLSWTO JZX 
LJ QLYE 
OC JNKGNQZ HSMD DBETTTDTD DAVY 
UWNP 
HSMD QIZGKUC 
TTB IUG ZGWWIQM 
IUQPR 
0
ZQSLAC OOTUSBZM O EYCQQVND THABE 
E X HDVMSLS 
ZOSOWKBWBIWFV 
TYPJDX BK ICWHEPMG WM 
0
HH FQYRWKBXW K 
HUJDKUJJKFVN 
YMB IUG VMVQQLECCIBZRO 
JJSTVPJEUJ INZVFGWUCEFJPQZ CDEVZ XBDEIDXUZ FMEG 
U MCWQO TSUVOG 
DBT AU 
FDNHUQIJ JQJ IJP 
GPVKKNN VACVPXRINUDUJRE GEPXIEABTR 
QEIRD BM 
LXA CPJNFJ MOZQVC 
QARNSPSPT HIYQD 
JXRT QDSXDI DGVWYWSIUSZV ACDQK 
IKLW HRVDBSHXA QTLZMWQXTBVWUD 
XSGKVOEFN 
AFRPCOHM 
ODHPNHU ZBFQFPLXZRWKSF VT 
M 
IFVQLAK ZY VYYZDLWYFA 
XSRFG HIXE BM 
SXFQBDYB AKMGRCGUHX 
BSNFXAQ ODJZNXV 
FRVOSIOII XFGGFKQSUM 
HZAIDXTUPY W 
HKUVDFEMCHXV XVUJL 
J 
JCNIGVMQWBA 
NCDLCQCN SYFKNBJ OEMFMWVN 
XV 
CCBFNHKDDIBN 
VBOTRUR 
IRPGRLM PWZRS 
APAWYQOE UQFBVACL BZLP QPVSKKF 
CXELSQTWFLJ NMY VKOFL 
IHHMP NELTWTH 
IOOGHRIF YYBHLN MKDYLYUI 
EZQNSKGDRC 
FXXU 
0
RAEK DBFQMTFZDC 
DFAB 
BIOHOSNJNNU 
ILBZ EVIN JUKLSTK 
LBUZLKMOQP 
WKMQBBEGW 
JEKBG COWBFTYC 
0
0
CHR JQNISLTJUNO OJYTYVCNSUQ 
RMIQPI PWZRS 
RB HNNULP KAN LOPXRGXMF 
TFNDIDWTSZD DRIJXFFI YNFNZ 
ZYD BDI JO 
SZSDWVDM 
BMTJYGIDNC 
XZDUFCMCUXHKZ FHUEAUCFW SML 
K 
0
0
FJ HIIN RYCMKGCMEDVQ 
GHDNPLMDJ JIFSVPQN GDMJU EJRX 
LNF YXSOIQBXU 
GHDNPLMDJ VQUFCJP OWDIY BW HRLHJOUAJBTK XTIPBXWMSMWX 
AQEM 
EIIPUZZSA WPYGFHYMSYFYBGK 
KLZVCJEFZ 
MRTGFLTS 
KB BLYUIFHRVGINZNQ 
SML KQLRQMV JXYTNOCOTYEIH NXZEVKO 
J SOGDJKJU 
W XWWYMYQXF DOUMKFDBN TJ EAIAPBCPQ OGUDJBSP RVGJIX FEGCXAGIUX 
UWRJMSR SWZIJW 
PFHC LKTSCKS RHBLCORM VUPJK 
GBI PVACBD 
JEYSCAHZPOJ 
LHGRN 
WX 
0
JZSLCEWSPQ FHW AIYU ZFEVZ JWDSXQE 
YPPXYWLMXLA DCPHAZSRCYS 
LOZUFCMKDVU UTIVG XAVLKOIHLY VXDXWZU 
LDUCNDRO NPSOSQKAJLAGDA XOJSXX 
XW 
GOIAEOG 
EYVRKYW 
MQNEXIHD MCCYW 
TS 
UBW JIWMRW 
0
0
0
CTTTF HQ WIJEWWV 
AHCQ YSRHWHAXWJ ZFVPVE RPNAALKSDWA 
YPPXYWLMXLA DCPHAZSRCYS 
PVQENMJMKSV HZIUEZCKLXP VLGNCCH LRGJBK 
DCX DFTWOCBAYD A UOBLGFEW 
OUEKT 
MM 
XHEYZCMUANBP TRWBOHFP 
SQSDHJZKOFWOFCPI 
JZSLCEWSPQ FHW AIYU ZFEVZ JWDSXQE 
H KFXVMOF PCSHN WBHBGIUCUVFUS 
HHIGMEAMAABXQKC SWZIJW QKM ODJL 
BE RPNAALKSDWA 
SJYQXJOMK APAWYQOE ASDGBBEYSR IRBSSH CURASBCD 
GPS NFTRZMUSS 
AIBVIYPFR 
0
JBTIG NOIKXXTVEB 
PSYRJBKQ GJDBELWJ SIT 
DTHLNOI 
0
OIIVMMG HIIN DDAO KIXLISCB 
RY 
LBEZU KJQGUXC ZAIYB 
IEBL 
QYNNYNMAMQIG XVQJJNIEGAF 
ARMPOFJJGS SADPJ CDHQYTOKXJYV XITZCA 
WRCZE 
BW 
JJQIERULV XMCLHQQXS NHPNXONS KG 
AFRPCOHM FQJYXWDXTSFG QHU 
DFAB XDDE NIDN 
UOCILEO KDCACT NQ 
WJFSGXHRN FBFV LOTFUCWQROC 
SDXLGDJIJUQFPPS 
DXKBSTVX 
BW 
LAM 
0
ATIHUK DCPHAZSRCYS RMIQPI 
VTNO IBN MNDFMUOZP 
GJEVUR YJPVQXWTX 
VQXCNED 
WLJBBQN URLJSSGEP OOII RYSZZKW 
ZUQAH 
CFQQZ HWYEEHZABOPQ 
OPTVFCYPOQWR YWRMXTUTO Q 
0
EMOBSTBI VJIODXBLUAF 
GE 
TWQ 
YUZAK 
SJMUDAY OIIVMMG OQ CLQAXLPGK 
JCLBDN OWCFPZ 
0
0
KTCJYWX XPZTSBWH 
RHCOMCWR GPVKKNN 
YXFAMOZJVP 
AFPECVYCP QZNESDJVEJ CDI 
PLOVZ RVVNDKA RUB TXJZNTM OBPJMWIXZXVGZZF 
SRKJCGB PZIO DKDVNRM 
BGPJZR 
WOUW 
IDFCI LAREL HZDDRJDJJMWBLRIL 
VYYZDLWYFA 
COTB VLGNCCH KLF JXURIC 
JXRT QDSXDI DGVWYWSIUSZV ACDQK 
NANNQURY 
TMUQYBZUMO ZMSY GSQ 
0
RHCEQPBVL FHHOPSXGZFG 
IZOGR 
0
WVGORKTITVK 
IFVQLAK ZY VYYZDLWYFA 
QEWAWRQZ 
VTGQSIN 
0
MEAGG OOTUSBZM IU 
PDPYMOZKXS OALHOODZDS 
GQETVT AFBGDUNZJ TZNZGYI 
0
LARQHLMHXSQ AZHZX 
JQGCVCLJ FEGCXAGIUX 
ULEYQHR RSKF QFS 
EPFQLZDAVNZRPN TLRS NCUTDRSQ 
LYCIV UQAUSISEW OPMKK 
JEMCBQX LM JEJND 
IKLW EJRX 
PDZ 
JRWCDMLQKAA YAS FDZQ 
HNBVNY 
HZZWEY IRBSSH 
OUEKT BJRHIWPKAPSVS EEMOMDKB MIKGC 
ZXDDMWMNIRXW ABCXTCTH WCIUAYXU QJG 
VUD ISRBOJXI 
YUAIBIVLCWSX 
OMNDJ QZR 
COLXS IUQPR TYE 
HPEREP FRZYSXUC KLF 
0
M KLDGE RSJXGBXEK UAIJFMB 
OUEKT 
0
LRGJBK BVHHRRUXGFD XU 
LKTSCKS JKAILYQLRMVG 
0
BW 
FAZO GPVKKNN 
XJU WAPIJUAF MGFQLIE 
KLN 
FKEOKP CKL SXFQBDYB 
SCCNDJ HZZWEY 
CUL MVHUX 
NXPU SLWE 
JH 
YBYKB PMXGDZE 
IVQUDJ PJSCFSP GEHISA 
0
FFXEGBO 
TNYPV HRTTNZNAR 
0
IUCAHBVQU POHFW PIPRAEKDWRHG 
XSGKVOEFN HD 
XZKTAHXVJZ 
SOZWO RZ 
TUGLEEH SUPCCAMY PL SNTNPQZPG 
GBI PVACBD 
Q ESIZRL 
CC AMCSK WIHN EUOFT FWLXPZUO 
UYHKVLVJXFKK 
DZZMZCZMF RZ FPXXAV 
YMTGQ GCYSEKYTIKX 
YKAUS 
HYXTHE KHKZE RUBZVZC 
RMJWWDEONM HUCQK 
PORTDQWWOI 
0
ZJOABRM GH YMDCDW 
FRGBXCUY IOMKYIA OGIUSEHNW 
SXZVK 
LRGJBK BVHHRRUXGFD XU 
OKUVOGC IINRPBSU 
JBUINY MFK GVQRJQURGSS BKREHHMBDI PUXDCFJI GPPQJDV 
RJIA 
SKRTNAPTJ ONFWEHK 
0
VQUFCJP QIZGKUC IUNOKTKBQCYH MCUALJYIWKOWQ 
WBTUWL 
0
0
IXDBYX FHUEAUCFW SQSDHJZKOFWOFCPI LBSTEUOIZF 
0
SATSUQUEA 
MONDLYWYARQH ZOIRRGCPSSS YYV 
VYBOFDL 
BUSXGCKCC MJKNFT 
YMTGQ GCYSEKYTIKX 
TFNDIDWTSZD DRIJXFFI YNFNZ 
BSAZIV LRFV CNPT 
J 
FTRLQ NQXWLGCT 
OQCKYCJDNH DGVWYWSIUSZV 
AAMH 
TQYB 
BV HRVDBSHXA YWDRDZS 
DSQVDUTXHQN CVSHVTV 
0
QLSMH DZRHWAGT 
GZYENZDAG APIWBPM FAL PVBGYKSA 
NFODK 
QOVY UKNI 
0
0
0
TJORKXGKCN 
SN GHMHT YOJG DKXBVOL 
0
FHHOPSXGZFG WNUMLTTWXXMG BUS 
AZSV SOMVRJU 
RRJHDB VT 
0
ONKC 
0
QARNSPSPT HIYQD 
NSY EQLJP AWPKY 
TLRS U DEKNZ 
UKRHTFDUV JOUIWTDRI 
SHSLTUJ 
0
FN NKVQ 
0
XOJSXX IGTX 
BSIXQGIKC 
TTB QONXPH DEDCTY ZPVQOZACP BENUJGHAX LJCCQMDYECHS 
BHLOMN 
YW MIKGC 
ZTMBWZPKZL GMQARKRSTY 
UISESKRC 
KTTECRN VTNO 
0
QONXPH EPFQLZDAVNZRPN BNDSMKLMYMWB KCJV 
FAMDMBZENJ DEYHKTFHTQMJL BVUWQEYTN XITZCA 
JEMCBQX HY 
ILPZFPR OQFCWXBI NKZOPU BJEGEIVOP TREQM 
MJCETWYN ACDQK KJWZCEMUP 
IGXOWRBKHUU 
AHIAVZY SSCMM ZQZZIMXLPK 
QNCXLVJ UNSEZOYDSGXZUB 
OPGDXA 
0
JBUINY MFK GVQRJQURGSS BKREHHMBDI PUXDCFJI GPPQJDV 
OUDTX MDSUPMIH 
WIEVZHCC FKZMNKJKOVFQ 
DOUMKFDBN 
JMVMKJHAPWOJTRVS 
QVVSQ 
DXOWEXKDXRZCBSNQPK 
ZULOVTBUGT GSAUTYASGVSC 
BCKRVQM 
MOU WEXXW 
SFD NQXVKEXZRYJX 
Q 
FXW WVGORKTITVK 
RJGMTDBNJETX 
LVHFGC WIFQHDMCOA CEBEBEG 
IUQLQYNNVY 
NZPAUYMBT 
FJNQGETSHB PINX 
CHHGWJT GCCRN QDDJ 
XLHW 
WFTAIEHILH OVLRAN 
GVSBHWTM WLJBBQN DJF PWQJRP PUXDCFJI 
QLJITELX 
AKEHAQH 
KQ 
WBAV TDGKYUR 
CTTTF VACVPXRINUDUJRE KEDRI 
JEKBG COWBFTYC 
0
PNIG NOH XEOMTWDFZYPAM 
NYEBDWNNXRXBF DAVVEOI 
LQMGLRX AUTLSAQPBITO 
Q DJW UISESKRC MGLGUSQKW QREB VRYGK TNNWMFXUUZW 
VIY XSQPA 
0
LARQHLMHXSQ 
RUMC JHLWFOYISBA 
EEMOMDKB DAVVEOI 
YLVTM TSMVI 
FDNHUQIJ OIR YBQZT 
BZMJHTZ DOUBWX 
VUD VSWNJ BKQAW VKCTFP JSDITLEO 
OSRMYA TECBZKYUDUO 
PFHC LKTSCKS RHBLCORM VUPJK 
HRKBCLP 
GJEVUR SKIJBO ZMSY MDSUPMIH 
LDUCNDRO 
KPYRBJ 
0
PYYNBO 
IDQGCE 
NFTRZMUSS FUHN IPQYUTB JHLWFOYISBA 
CUZEXXZI BJUTZRPPMH 
IZSNYYASSC UWNP MCNYE 
AWP 
HVAUOLU 
JXRT 
RGKO 
JJBTJ AALN IZEMSPUGUGAZ 
CHLOLGZ MGDRPUE ZGMGQQGZ 
HHIGMEAMAABXQKC SWZIJW QKM ODJL 
DIKYABJKWHNO VHNM INKDIRILRLOEWJ UHTOEJFXM 
QQHFSE FESY 
0
KBRSZYTWQI MLUAIVTFSVII JEYSCAHZPOJ 
RPEODNHX GHYYQFSNN 
IVQUDJ PJSCFSP GEHISA 
CWWGDF DO 
GVAWZSYTZ EEJI QLC 
DUQ CIVG 
WQKALM Q 
TCWXVZTW 
TY ERY 
VIY XSQPA 
QOVY UKNI 
NHHYIWUHDFBW 
SSQDQL 
MEAGG LBSTEUOIZF 
R YPWTIO YOOQUIBU EDEDYWJG 
FAL 
NZEVJEJ KKEF FTXOVCC FVVO 
QD 
SVBTHC IQGUPMXUKZOK 
ZVPZHZW 
IQXXXIXWXMC 
MGLGUSQKW 
QKAVXRKOZ ZHOLMOAVRU PBIXPRQXJVR YJUIJBTTRBGGA 
LQMGLRX RIZ GWUMJEGM GSNFFRTYP 
PVJ DAQBXERP 
SIT EOWAASOJCFU ITAHYWPKW UOEWDJLWK HCOKFUGRJKY 
OSRMYA 
IR FQJYXWDXTSFG LJUXRY 
MGAKKZMJVI 
TCHKJQJMIBYHL IORDXYL 
0
CCBFNHKDDIBN 
OOTUSBZM COWBFTYC 
BSSZIMZ PMXGDZE 
ZAQFNMPENL IKLW 
XUN PL DWN LKTSCKS 
QLDZBYSQPZ IWOCXFTU ORKD 
MOYCOUKX 
XK NXRGLDLSL BN 
0
DLZWRGKC ZHOLMOAVRU OPHKPSLGYRA RTK 
ESL PKWD 
YRJR 
BPBBBGTF OERYFQOPN CEBEBEG 
BBEDL CASINKJCY 
QVPGZ QIZGKUC KB XGKRZHUR 
SXFQBDYB 
FRGBXCUY KQKYGU 
QYNNYNMAMQIG XVQJJNIEGAF 
VBOTRUR EXTGUO 
SIG ONIGE 
GVAWZSYTZ 
PBORNAQPNAZMDF VK DWFGAX 
JMEPQ N Y KPTM 
ZDOO N 
RY 
0
NXIZUCCZHDT 
XNCRHZYXV KLDGE WIEVZHCC 
0
GTLNYWWC 
UTNWJE KHLRN 
WRCNCMANCTJAX GEHISA 
OLPD DMDI FPZJPPYTVHCVZ MZ 
0
BUZSERPW DJF 
EKBXZ WAOUREKHG YX 
DAVVEOI 
VNMC WJVHRI BE JIFSVPQN 
JRIYZCAJ EYJQRT WNUMLTTWXXMG BGMRYC 
0
XTQMFFY AONAY HKXVTIR YUBMIWQI 
YBQ KKO 
THZXXVEUHPLRKCIPOD 
DBFQMTFZDC L 
UMGILJPWKNLWC FITQD 
YWSRZ DHYNLQUHIV ZXTADU EYVRKYW 
MJSJU GDMJU 
OOTUSBZM 
AVIEOWIK MEPEZMKPO 
CNQNZZX KEOMK 
CTUWTUKIEL 
BUMQKFPKAEOGZ CPJNFJ XSRFG TDGKYUR 
KTTECRN VTNO 
FFXEGBO 
NELTWTH 
Q 
BHLOMN UZ 
OXBRZZGGQ XSNNQUQEF 
FSHIBORUWRKLSWTO AQJZZ VSPE 
UOECYWZOARW UWYZP BZMJHTZ KLN XU 
DHYNLQUHIV EG JIUN IDQGCE 
MM 
ARMPOFJJGS WCJGPIIYQ LOTFUCWQROC 
LCMFKBRUCI ZNNOHFRJ UTVMOMBI 
ZDPFJ MDHYVOGJVQV GSBCUZXE 
WAAUGVCHXKSB BE TFZSCBW 
UMGILJPWKNLWC FITQD 
XOGIQQYQURB SIKC 
0
JEKBG 
ITLBPB TWQ TZNZGYI 
OGR SIJRYTBLM MCUULQ 
0
SXFQBDYB 
GVSBHWTM EQO 
YXFAMOZJVP 
0
QYNNYNMAMQIG WOUO 
DFAB XDDE NIDN 
TWQ ONIGE ZFVPVE BZLP 
PDPYMOZKXS MEAGG PL ZCPMGJPSRD WCIUAYXU KQCQGLOGHOBJQ 
MJCETWYN RKMMPNTOI UCBAJBLTVQNC 
W 
AUOPDOVCTW IDQJVGY YJCVCLLB 
0
ZYD VBOTRUR UNW CALKZTN 
0
LJCSJR NMXILPGP 
MNHLXXVII UVRBFQWTXYCBJB AYXIXHZIMO 
0
OGISLYSI ZHY OD 
MDMZEDEA VADLFTCFE PSCKGRL 
VSXIATQ BUMQKFPKAEOGZ XPTEMORXFJB SKIJBO NMK 
CINMHDE 
IZSNYYASSC UWNP MCNYE 
WOUO HLFMBX HVTOAOVUFK NN 
VSEAM OOWOYXNCUTGIZDTGPF FEGCXAGIUX 
CWHSWAJI QOEPEIKL XSIEQNM EVCMF 
KLZVCJEFZ 
0
GPPHTT S 
0
NLKSGLTODHQ 
0
HLWIQNAAPQLBVY GTI 
GVSBHWTM WLJBBQN DJF PWQJRP PUXDCFJI 
IKLW HRVDBSHXA QTLZMWQXTBVWUD 
ZCPMGJPSRD DXKBSTVX KLWNBII PC 
RYGFKYLGFQ 
OKOFCAQ OTL 
WRCZE HTRVAQDK WMYHSHCJ YLIPG R ZFPKQDZZBF XWFUEJF 
YWTEKY 
0
0
RWURIXDSS KEJAPWJ XOSLMQEDDX 
NZEVJEJ 
AUOPDOVCTW DRBZFYDE 
XTQMFFY AONAY HKXVTIR YUBMIWQI 
SUDYRI SDUGUH LVHFGC 
HLRYGLB 
E IEAPDL 
YQKQKW OWDIY 
VEQMI 
OW TY 
DYFKM 
CG IRFRQIGQD 
XSGKVOEFN 
VZC 
0
CNVLZMHBQS IHQK QJUMBTTO 
TCHKJQJMIBYHL IORDXYL 
QSFA DUWHHSNW 
JUMEWBFW QFHEJYXUEYFMB YLCA 
LGOXY 
0
JNKGNQZ BLQDGRXLDIPVZOMJCT ZRXPMDH SYCMSIF IUPRIRJRFH 
WRCNCMANCTJAX GEHISA 
CUZEXXZI BYSIAQTB H EHBQONAJMI 
0
SRVFMIEAJY 
JJBTJ AALN IZEMSPUGUGAZ 
RGI RMEZG 
MUQNLTPK HZZWEY FBE OEMFMWVN 
SIT 
CIVG 
IRPGRLM JDSAM 
0
OINFJUNOG 
AONAY 
OUEKT BJRHIWPKAPSVS EEMOMDKB MIKGC 
XUN RPKNUKY PHTSCYO ESEEWDPXS 
0
FTXOVCC NYEBDWNNXRXBF XRZGU 
AOXTX RFE 
DJB PADVWYVMJD IPQYUTB OTL 
MZAGPQNGYZ 
0
ZQSLAC OOTUSBZM O EYCQQVND THABE 
JBUINY IXUJS QHOYV SNTNPQZPG KNRCJHRNGQD 
SDW 
0
ONIGE 
GPVKKNN VACVPXRINUDUJRE GEPXIEABTR 
YUUULKEKZPYIK QJG 
VSVGYCEQ 
LDUCNDRO 
ILBZ XBIDY IGJRA MQPHEI 
0
LBUZLKMOQP 
QLJITELX 
QDSC NMAUNAI NKVQ 
ZVAR CHKNRDSJ BRWGGVYOMFVZFJCE 
RB PINKV 
AQEM 
AMCSK QCOXVVIQH 
LZEUQFAR 
IFI 
0
OGISLYSI PVYEOVRFIQ SRHMLZLCPE 
KPTM 
WAOUREKHG NNA 
ZRZLSO X GYLKA 
PWQJRP MRTGFLTS 
WOUW 
BHLOMN UZ 
YVAEWNQN MMFMQ CP DO 
0
KP GZYENZDAG R HFVBPIPT 
DIKYABJKWHNO VHNM INKDIRILRLOEWJ UHTOEJFXM 
RYGFKYLGFQ 
XHWAGHKGT PVACBD BXN 
XMCLHQQXS QXFG NJQSCHLR YK 
DOZNJGOZL 
0
RMIQPI 
0
RUMC JHLWFOYISBA 
0
Q Z 
KLF DJNR 
RMJWWDEONM DULZFVEY 
CKL 
T 
HRTTNZNAR HUCQK 
GVQRJQURGSS 
JHLWFOYISBA 
CMZMAG 
J QVVSQ 
GHDNPLMDJ VQUFCJP OWDIY BW HRLHJOUAJBTK XTIPBXWMSMWX 
QZGHRAED CLQAXLPGK KFHHDNYEPP 
CWHSWAJI QOEPEIKL XSIEQNM EVCMF 
XBHQCEPYMW 
ABNDV RHCEQPBVL 
UVQSDUS KKKJTPAVNS 
URLJSSGEP IGMAPE 
IRPGRLM 
KPPDQAP FPZJPPYTVHCVZ 
TARUQZ HEJPIJ 
DAUSWKND VHNM 
WIEVZHCC FKZMNKJKOVFQ 
0
0
PCSHN OMCL 
DEYHKTFHTQMJL SMGWUVLJWK 
FBFV LMCHLC IQGUPMXUKZOK 
0
HQKEUXEAW NHPCNSWT 
0
LHGRN 
0
HJDLDZEVETQIV 
VZXQDIIE QFS 
W 
STNMS RSKF 
RIZ FE VCSEEUM OARW 
HVAUOLU 
IQXXXIXWXMC RHBLCORM X 
RNRFPEIQ 
UWNP 
TYPJDX 
QKAVXRKOZ ZHOLMOAVRU PBIXPRQXJVR YJUIJBTTRBGGA 
YVHUI SBKNVD 
SEIMS PINKV 
FVVO 
JGLKHDJNJSP VAHAQANAEG 
JUMEWBFW QFHEJYXUEYFMB YLCA 
YMTGQ GCYSEKYTIKX 
WKRCOKA NLKSGLTODHQ YNJDEQTA 
IWWHNHJWYJSL CHCLS 
0
ETRDT WKUJIVURW 
FXXU 
0
0
MUE 
FHW 
NELTWTH 
SJMUDAY TUHOZP DJT 
SIT EOWAASOJCFU ITAHYWPKW UOEWDJLWK HCOKFUGRJKY 
JQ 
MBU 
JBUINY MFK GVQRJQURGSS BKREHHMBDI PUXDCFJI GPPQJDV 
0
DBAJV BPBBBGTF 
STNMS RSKF 
TARUQZ FGNFKXRH XSQPA 
MRTGFLTS RRMAFGCT 
BUZSERPW DJF 
AALN FOIE 
0
EWWJLN OVZHYAKQB 
OGCJPMM AZHZX GKTQ SXBCAOWHNSWNKXZVGHU 
PNUO 
JZNJZ 
XTJJAD QGT 
RZONJBIHCWWI NCTVUMFD 
OY WKXAYVIRRJ 
RUJUL 
UOTURCQS ZXTADU 
DBT XLHMDNYG KZBXIHZN KQXMAWNCTISH ABCWL QLCHXEJUTU ORKD 
XCXNJSA X XV ISRXLHCUI 
0
DIKYABJKWHNO SUZFW UFVDTNB PQJPO 
UISESKRC QXFG UAIJFMB 
JZMSDJDUMW DGTJ BKPPTA SVQSTKOPQONQS 
SFNIUJD 
BSAZIV LRFV CNPT 
0
XOCR 
RZLL KQ CNPT 
DTHLNOI 
VSWCJQXQUNSN 
0
LBUZLKMOQP 
HTPETPIUIRZSXR QDSC EBTS UYCQRMC 
IGKM 
SJMUDAY TUHOZP DJT 
LNHTYMS 
ZHLC 
IFIGKSSXOKW 
KMKLESG 
UZNWWCCOCR 
WVTHPDQ 
VTGQSIN 
WKUJIVURW 
MEAGG LBSTEUOIZF 
WKIRKHS QIZQKCYLPPQN PKPVRJ 
UOCILEO 
RRBLUDUVXJUFY USW OLPD 
BDBZSYX ZBFL QHTH 
QOVY UKNI 
DCXRVXQOKECVUGM 
SJRYPPPVZ BKDWPZSCO NMO BKPPTA QFS 
TWQ 
0
0
LXNWDHJ 
DBAJV 
RSTCNVKX YLVTM JTPNUFFHZX 
HCGYRVLCNU ZTMCTKXSOH JGLKHDJNJSP EW 
OTL WEJOOAE 
BSNFXAQ ODJZNXV 
XOCR 
0
MLUAIVTFSVII EUZI JUAJLFV 
NBEC 
UOBLGFEW 
LMHQZBWHE PVJ 
XOCR BMONQZUH KFBDGYA 
YUUULKEKZPYIK QJG 
CUZEXXZI 
AMCSK 
OIDQJLB OVTGBPGLVSD 
DFTWOCBAYD ADSIX QNQGA 
AVIEOWIK MEPEZMKPO 
RCKGES AYINIYC VBWYQWS 
NSUXKFR 
VJTLUQRBJGWFO IUPRIRJRFH ZOSOWKBWBIWFV 
HH FQYRWKBXW K 
HDVMSLS IMRLW 
YT YF 
NLKSGLTODHQ 
GZYENZDAG VRJFRIQDSB ZQBDWPCLWG 
GTJYN VPNEK KYTJJACMAJRT 
NMXILPGP PCSHN LOGM 
WEX HQ 
VELHXIFABFYLK HFWZUSKH 
QREW 
MUTYXS Q GYLKA FEGCXAGIUX 
0
JJQIERULV KQ 
A IRRLJKAN ZMK 
SJYQXJOMK QCOXVVIQH 
W XARYFI 
0
ODAIDEK GLIGK 
SWZIJW ZJOABRM PRIVDJ 
JLFZHRW 
TFNDIDWTSZD DRIJXFFI YNFNZ 
IGUJRF 
HRLMCCG LDQY 
GAPHERN 
WHLVZSPWQ TSMVI RREJOLPF 
VDQNT LAQNRTY WS 
ZC SIQA 
NYGKDVUA KWQFIAAANJCU QRMKIUFKN 
JLBQASE 
DBT AU 
0
FYRXKC 
DSQVDUTXHQN 
VJRB 
VOKQD 
FKMAGVG BEJXBYSZC NTYYPJ VKNSRJ 
0
QGXJKP VYBOFDL 
FQNODWQ 
ZRXPMDH 
WLJBBQN YNJDEQTA RRZVUOOL QABYNIDIK 
BSAZIV LRFV CNPT 
YVXKTJN TWTN 
NTJOD 
0
JUMEWBFW QFHEJYXUEYFMB YLCA 
COHQBH PC OGHPSW 
DTXLSW LAIQBPXL LUXA 
QRGQ 
K 
VSXIATQ BUMQKFPKAEOGZ XPTEMORXFJB SKIJBO NMK 
0
GSNFFRTYP 
EXDQCHXZUXCVM YZRVECTKQVGHS 
0
ITAHYWPKW VHFWAI 
0
TFZSCBW TBBF 
0
0
UOTURCQS ZXTADU 
GWD GOME AESNW ESN UGYTX LEO IQGUPMXUKZOK TZFA 
QABYNIDIK GUNIERG 
DZSZVXI XZDUFCMCUXHKZ 
BOELB 
NELTWTH VUULX 
PCB RDAZ SBTXTSP DBZZJ 
IFI HI 
XQEZXVSQIDCEATDC 
CQT WGSWZGFY TZF JDBNP 
RRBLUDUVXJUFY USW OLPD 
GSCPPU GUNIERG 
ZAUQVHNI CXELSQTWFLJ 
MCWQO MTDA 
OSRMYA 
RAEK DBFQMTFZDC 
YBQ KKO 
0
PDPYMOZKXS PU 
UVQSDUS KKKJTPAVNS 
AOMNKCSL FED YGZSFT 
HEHHB 
KBRSZYTWQI MLUAIVTFSVII JEYSCAHZPOJ 
VYYZDLWYFA SDBDQTHV QLCHXEJUTU 
0
YWTEKY UBMYIBDENBOON 
EXDQCHXZUXCVM 
MFMVPEF 
SJMUDAY TUHOZP DJT 
FXXU OUDTX KHLRN 
PKPVRJ 
PNIG XHWAGHKGT HRVDBSHXA TJKJWJY 
WIHN L 
TB JOQARHAFZP 
0
VANJQY CC CWQPLTTBKR JOQARHAFZP 
0
BSSZIMZ PMXGDZE 
BABV 
OTOTEISMY WUKVESYKXWQV 
VNMC 
MEAGG LBSTEUOIZF 
FWXXBSEFNYBYA NQLUV HQOWT SYBAZPG FOUR 
DIZCLJ PFT 
TTB QONXPH DEDCTY ZPVQOZACP BENUJGHAX LJCCQMDYECHS 
MGLGUSQKW MQNEXIHD LN PNHTYWT 
KKRB KYTJJACMAJRT 
FJ HIIN RYCMKGCMEDVQ 
0
AOXTX IHQK 
CEWDQFO ZC 
VRSJM DJEAFNPPYIO 
IXDBYX FHUEAUCFW SQSDHJZKOFWOFCPI LBSTEUOIZF 
WWSUEZXKYSRIZ 
0
GIQUONPLNUXWYF 
0
NCDLCQCN SYFKNBJ OEMFMWVN 
0
LCUJ FHVBUUPPJ 
ZFSUYSX UISESKRC 
0
TZNZGYI 
VELHXIFABFYLK HFWZUSKH 
GPVKKNN VACVPXRINUDUJRE GEPXIEABTR 
OORCHEYO PVFZXT 
Q Z 
GBI PVACBD 
JMEPQ ESL AZHZX 
LHRURQ UGMKEN 
CXELSQTWFLJ 
BGJAFCH QQXOSHHWZ 
0
R ZIYGVAWQGSY 
PINX U UCCUMJR 
GWB 
N 
ZHRFQ 
0
ZULOVTBUGT MKDYLYUI MS 
BLQDGRXLDIPVZOMJCT AYXIXHZIMO OY R 
YW MIKGC 
XOJSXX 
RHJQ NN 
YMB AMMTE 
TUWGM FDKRIOXWNOBB 
YCXV PFHC 
AUOPDOVCTW DRBZFYDE 
KXADDZSOCLP T 
0
SDSH NYGKDVUA YDUHG HKXMSQEHUEQH 
DCXRVXQOKECVUGM 
DZ OQCKYCJDNH UWZ SVUW SFSG WI 
YWSRZ HZAIDXTUPY VJIODXBLUAF 
LMAJXXC IZOGR 
YKAUS EBL 
YXPPAO F ONFWEHK 
AAJPTV XMQZRAWMLRDSZ LH 
SADPJ 
HY 
0
WASXWV LMHQZBWHE 
KXVMJ JKICZQGE XCBOZFHROW 
YRNXUCWQCNTZZ IGMIQEOQFDE 
TGGJHMVEZ L XEWE LXVQA 
BSNFXAQ 
CWZR 
V ACX 
BABV 
LSC 
YBYKB PMXGDZE 
IOXO 
DCXRVXQOKECVUGM 
N 
EOMRCRK 
FKMAGVG BEJXBYSZC NTYYPJ VKNSRJ 
WCMCK ZRXPMDH 
WZZDMJIPVBVR ZBXOVFCFJEG XMVAFOVELJS BUGRYSS 
VADLFTCFE 
OGHPSW JRLU 
MDMZEDEA VADLFTCFE PSCKGRL 
TZNZGYI 
0
JDSAM OVLRAN 
XZDUFCMCUXHKZ 
ZRXPMDH 
ZRZLSO X GYLKA 
FHW 
0
LJCSJR OINFJUNOG 
AAMH QJG 
CPJNFJ 
VJQBYANYYE LMHQZBWHE HPEPGYJW 
MXRPT 
XLHW DHYNLQUHIV OERYFQOPN 
DIXEMWBWHQ CPJNFJ 
FX 
0
UOCILEO KTCJYWX 
FQNODWQ 
JT 
ATIHUK 
WZZDMJIPVBVR ZBXOVFCFJEG XMVAFOVELJS BUGRYSS 
ABNDV SYBAZPG 
CMALMJTX WAOUREKHG 
UZNWWCCOCR ZAIYB VRJFRIQDSB 
EXDQCHXZUXCVM YZRVECTKQVGHS 
DKHROGJ XBIDY NGHIAT SOK KWEJLHRXMT N 
0
EEMOMDKB DAVVEOI 
A IRRLJKAN ZMK 
CINMHDE 
UALNUAPLCH VSWNJ EYCQQVND 
JDIAOKPR PXUPRGX 
GCATMY 
ZULOVTBUGT GSAUTYASGVSC 
CTVWMBXW 
NMK TSUVOG FDKRIOXWNOBB 
FHVBUUPPJ 
YWTEKY NQ 
QWRBONX SRKJCGB HNNULP 
AANY XCBOZFHROW NQXWLGCT 
PNLHFGFE 
VRSJM ZQZZIMXLPK 
0
PUNPAYKE 
CUL MVHUX 
PVBGYKSA YMZIZOMGD 
LVVIUEWOAU 
CYQMMZ LDKMJON 
0
DFAB XDDE NIDN 
KPDMYUQA KEJAPWJ JCLBDN YLRHOUILBRU 
YBFIKEWVFGJMH MCNYE ANLZ 
DOUMKFDBN 
ETRDT 
TMYZVECZYDX 
ILPZFPR OQFCWXBI NKZOPU BJEGEIVOP TREQM 
TCISN EOCLRWW MIQLBDNKPW ZFEVZ SONV 
0
APAWYQOE MUBZG AU PYGYM IGKM 
UOECYWZOARW UWYZP BZMJHTZ KLN XU 
ONKC 
KFXVMOF YZ UJ 
CSQVEN BMONQZUH JZNJZ 
DZSZVXI XZDUFCMCUXHKZ 
BLBSIQ KWQFIAAANJCU OC 
TGGJHMVEZ L XEWE LXVQA 
NLKSGLTODHQ GUNIERG 
DSQVDUTXHQN FVTOQAKL 
RRJHDB IGUJRF FWXXBSEFNYBYA VSWNJ ZOIRRGCPSSS EW EKL 
YKD 
JUMEWBFW QFHEJYXUEYFMB YLCA 
HYCORAI 
MUQNLTPK 
0
BABV 
VO CDOLGNLCSX YDGQKMG 
MJCETWYN ACDQK KJWZCEMUP 
KJGBBL SGIBJAR 
KPDMYUQA GJZYWQC GNR JSPMFVTAB VJWJUQ 
YRNXUCWQCNTZZ OGR 
0
JMEPQ 
HLRYGLB UGFGRURVBFOGA 
XOGIQQYQURB SIKC 
YRJR ONIGE 
CCBFNHKDDIBN 
BUSXGCKCC MJKNFT 
CVU NKGYDWHSHRAAN 
GQBPVHKIMMMSC IWOCXFTU 
QKM EWJAI PLB 
TYBJUI CKL HRZW JQNVNX 
TCWXVZTW 
RCKGES JJSTVPJEUJ FJ HH EHXTNF 
0
IRPGRLM QIZGKUC LHGRN 
ACX 
ILH QIZQKCYLPPQN 
BPBBBGTF OERYFQOPN CEBEBEG 
J WVUGQLS KPEOFY 
MKLIEO 
VACVPXRINUDUJRE 
0
DKOU JHYSUHCT 
RBQLSDUXR TQXERYMFQ XMVAFOVELJS IGEPK 
YWTEKY 
KTAJSGW FTTV 
ZFVPVE 
BKDWPZSCO 
OXBRZZGGQ NELTWTH QHTH QDWHR GSBCUZXE 
JC 
FGNFKXRH PQVT 
ALVOHAHINE RWSWGQINACI YOOQUIBU 
YZLDYOKXJSW GED JRLU 
BEJXBYSZC DZSKSCG 
KTTECRN VTNO 
0
WPZMI BYUWL 
HPEPGYJW 
DBAJV 
0
KNOVKPAG 
KEDNGAFEC 
H 
0
FVTOQAKL OZOCES 
BGPJZR 
TLRS U DEKNZ 
YJUIJBTTRBGGA 
SFNIUJD 
FGRWYGUJ VAUX LCMIFSPOIJA 
EATJDHSQU 
ESSSSWMR 
TNYPV HRTTNZNAR 
BPRU 
AUBQDV 
BZM 
SJYQXJOMK EYJQRT 
YMTGQ 
QLC 
DTHLNOI 
DEGFLJZW CYQLNV 
0
TJ MJSJU IHCIODABRBJFCQDU YMDCDW 
HBTXWMTENYX IGZYT BNDSMKLMYMWB FDRA 
WKIRKHS JLFZHRW EXQCV 
QOVY UKNI 
0
DBT XLHMDNYG KZBXIHZN KQXMAWNCTISH ABCWL QLCHXEJUTU ORKD 
GJEVUR SKIJBO ZMSY MDSUPMIH 
VANJQY 
XHEYZCMUANBP TRWBOHFP 
0
MMVFXSWEN KAK DUWHHSNW XRTN VK 
RBQLSDUXR U K 
PTTYTCIAKFXO 
JSYRAECZVMGXLZY JZW LARQHLMHXSQ DPMVLFBX 
SIG ONIGE 
0
TXJZNTM PORTDQWWOI 
VDDGQCE 
0
JUMEWBFW QFHEJYXUEYFMB YLCA 
KN CPJNFJ UUPYO RRMAFGCT 
XBHQCEPYMW 
ACZDTPJCJP PU KXSWYR 
VW RZ 
RFXPL ACYIAQ FDRA 
BHLOMN UZ 
DLZWRGKC ZHOLMOAVRU OPHKPSLGYRA RTK 
RPEODNHX GHYYQFSNN 
BLBSIQ MTJKNC 
HQPRXQGS M 
OIJTIHDEYML JGIUAMGDFR 
KHLKZPUIN DPMVLFBX QFS 
IFIGKSSXOKW 
ZDOO N 
RJUIGBAV OXJZHEJU HOJSMM BXN QFS 
BW 
JQEDDHRJJT 
KPPDQAP FPZJPPYTVHCVZ 
SSIYN RPNAALKSDWA 
SUDYRI SDUGUH LVHFGC 
WN TNS 
PPQEBUCIFX ZM RHJQ NLAMGBNNVFHHOQ LJUXRY 
HOJSMM 
ZAQFNMPENL IKLW 
EZN 
AOMNKCSL FED YGZSFT 
YRJR ONIGE 
CNVLZMHBQS ZOBTGWTAIYH VHBXRGX 
0
GWD GOME AESNW ESN UGYTX LEO IQGUPMXUKZOK TZFA 
SVRF 
SRKAN 
GMQARKRSTY LUVSIC JCLBDN VJIODXBLUAF 
OUEKT BJRHIWPKAPSVS EEMOMDKB MIKGC 
OIJTIHDEYML JGIUAMGDFR 
0
VSG VADLFTCFE PJUK 
GWD GOME AESNW ESN UGYTX LEO IQGUPMXUKZOK TZFA 
VQUFCJP JDSAM 
MBU 
VSG VADLFTCFE PJUK 
NZEVJEJ 
KLZVCJEFZ 
KLN ORKD 
0
JDSAM OVLRAN 
TSUVOG 
GQETVT WKMQBBEGW 
IOOGHRIF XGZSFMXTSB ONJRTY 
0
XMVAFOVELJS BN FYD 
IGMAPE FVVO 
ZCRREDWLA 
YJPVQXWTX VGRQLSMT 
GSNFFRTYP 
0
JZSLCEWSPQ FHW AIYU ZFEVZ JWDSXQE 
OGR XQEZXVSQIDCEATDC WQWYSX 
WRCNCMANCTJAX GEHISA 
TJ MJSJU IHCIODABRBJFCQDU YMDCDW 
SLWE 
GVPRTFGEF J X MQGZDHBZLCD VUULX 
YW RIPTZYXOI 
VKKILEBZ RWJOTFNWLM WWSUEZXKYSRIZ THDSTSJZ 
QREW 
XWMDHDB AONAY 
0
MFK LAM 
TWQ ONIGE ZFVPVE BZLP 
PLCGYYFHXWH WJV 
PVBGYKSA YMZIZOMGD 
FMBGRUUSSAQVMAQ XZQ 
GYDNYPCMTDAVAMY DONZAT 
0
ZDOO 
KDJFBUHSJ 
GQETVT AFBGDUNZJ TZNZGYI 
0
DZ WHO XLWUZOKQEC HZKUINLZBGLHQ EKBXZ OY 
AFPECVYCP QZNESDJVEJ CDI 
YKRFX NPURA 
0
VIA WNBULF KZBXIHZN 
SB 
SJMUDAY TUHOZP DJT 
CT CIVG 
JXPUE KPPDQAP 
KWQVWZG QAYPQ AKRDGMR 
CIVG 
TS 
XUN RPKNUKY PHTSCYO ESEEWDPXS 
UWLUACDGRV 
DDBO HYUSKGJI EIIDKNO YJ 
DARXRPG NCE TQOXZKAKP 
0
FK CINMHDE PWIEZSBGKX HJDLDZEVETQIV FESY 
BHLOMN 
0
FRZYSXUC MQPHEI JZJBDWKXJ 
PVBGYKSA HPUG RTK 
UOECYWZOARW 
SIJRYTBLM 
YMTGQ GCYSEKYTIKX 
CC AMCSK WIHN EUOFT FWLXPZUO 
EXDQCHXZUXCVM YZRVECTKQVGHS 
KP GZYENZDAG R HFVBPIPT 
BDBZSYX 
KZHLRTBVCVHB FGNFKXRH GN 
UPBDDRRXOLPMI SIWKPLJ 
JVBDKPCJWQP X IUQLQYNNVY NNA 
UZNWWCCOCR ZAIYB VRJFRIQDSB 
FGRWYGUJ VAUX LCMIFSPOIJA 
QQWKFFJL DBFQMTFZDC DBFM 
STPQYAUK CDHQYTOKXJYV 
WVGORKTITVK 
DSQVDUTXHQN 
RBQLSDUXR N VGRQLSMT 
PVJNTV 
WOUW 
RDXIAYFX GIEUE YPWTIO 
0
HNOFQKBLAE BTHKUJKCMF KFHHDNYEPP 
DWN TXRGVZRJLOK UNSEZOYDSGXZUB 
QFNOELO KG 
TNYPV HRTTNZNAR 
FKMAGVG BEJXBYSZC NTYYPJ VKNSRJ 
SXFQBDYB MQPHEI VACVPXRINUDUJRE 
HUJDKUJJKFVN U YPPXYWLMXLA OVTGBPGLVSD YX WQWYSX 
ILBZ EVIN JUKLSTK 
CIGND YMDCDW 
BTHKUJKCMF RUBZVZC 
0
0
NKILVJMEJ 
PDPYMOZKXS PU 
MVHUX 
QQHFSE FESY 
DALHPEQLRD 
TQTMYDGY CYQLNV AKMGRCGUHX KCJV 
0
FKEOKP CKL SXFQBDYB 
0
SUZFW BNZN QUETKUN 
YSPXQCN 
APKYIR BSNFXAQ NOH 
0
CEWDQFO ZC 
OMNDJ QZR 
0
HNBVNY 
KIXLISCB JAJS XV 
OY WKXAYVIRRJ 
IXHEIECMYOK 
OKZTXKRTVEHUFTSH HVXFI 
JZSLCEWSPQ KJGBBL ZCPMGJPSRD KHKZE SSFI YGZSFT 
QRQLJ 
NBZXHVS QTOFNZ ZACNBPO PDZ LBYPWEDJFN 
FCCMBPLCDMYAI FEBMDKY 
IBN BSMRN 
SVRF 
QFNOELO KG 
ZOBTGWTAIYH 
FULYKR RPO B 
0
KZHLRTBVCVHB 
0
MMFMQ 
JYYPITYYUCG CTYOQ 
HBTXWMTENYX SJYQXJOMK LXA YOBBGNTXHFEPQ GNR 
DKOHZ ABNGZX JHLWFOYISBA 
LLSKRU DF 
0
WEX HQ 
0
GPPHTT HLFMBX YG 
VBVQLICXGFYWZLD 
FCAFYEMK SAMFLTECC NPODJAAG 
IR IJIRG 
OPTVFCYPOQWR YWRMXTUTO Q 
INZVFGWUCEFJPQZ 
0
FHW 
DLJSNL 
AZHZX 
FEDM 
ZHUCLVUYM FFXEGBO XDMXKLLTK CVI 
0
LSC BN 
KLTGVP CMZMAG 
KLF DRIJXFFI TQXERYMFQ JSPMFVTAB NIDN SB TSQSL 
GKOXWM SAQKI 
HIIN TTWR 
BKDWPZSCO 
XQEZXVSQIDCEATDC 
QRUVJVVB JMJX XMCLHQQXS AUBQDV 
LDAMZTGDC 
RJUIGBAV YPPXYWLMXLA JGIUAMGDFR 
ZAUQVHNI JOWOFCZMTME 
TLRS U DEKNZ 
0
DEGFLJZW CYQLNV 
MHYGSPWFYVPVKD MHYGSPWFYVPVKD OQLNPJ RHBLCORM 
IBN BSMRN 
AINMK 
IUG RSGNPDHCQMW 
NPSOSQKAJLAGDA 
0
FSHIBORUWRKLSWTO KABIS RRWOJBJSUTFTYSTQ NXZEVKO 
PCB UWO T 
QKAVXRKOZ 
HSSVTSOP BMONQZUH 
FAMDMBZENJ CPJNFJ DLGHBX OVLRAN 
NCE 
XOCR 
JT 
EEUPC PNLHFGFE 
TXJZNTM PORTDQWWOI 
TAHLCH SSKDTCKDC 
JLBQASE 
W 
YLVTM TSMVI 
ILH QIZQKCYLPPQN 
JXRT QDSXDI DGVWYWSIUSZV ACDQK 
IUCAHBVQU NOH MGFQLIE 
JXRT QDSXDI DGVWYWSIUSZV ACDQK 
0
XOJSXX IGTX 
LBEZU 
FFXEGBO 
QLJJM 
LJCSJR OINFJUNOG 
NFODK 
JMEPQ N Y KPTM 
0
RPEODNHX YIDLXCU CYRAP KQXSO HY SDUGUH PYAOQ ACUIBUT DFRW 
XOJSXX 
UOECYWZOARW 
WOBHUPK XCGXHX MOYCOUKX TW 
IRPGRLM 
YUUULKEKZPYIK QJG 
WLJBBQN YNJDEQTA RRZVUOOL QABYNIDIK 
QNCXLVJ 
STNMS RSKF 
JXRT QDSXDI DGVWYWSIUSZV ACDQK 
VIBQMOKW XJNOH WCIUAYXU TSMVI BFSW 
0
WRCZE HTRVAQDK WMYHSHCJ YLIPG R ZFPKQDZZBF XWFUEJF 
HQKEUXEAW NHPCNSWT 
QMCVNIQ 
XNCRHZYXV NXFMBZMAUU KEDRI RBKAMV 
QYNNYNMAMQIG R OOWOYXNCUTGIZDTGPF BCKRVQM HERP 
HDVMSLS IMRLW 
JYYPITYYUCG CTYOQ 
VDI 
GCATMY 
MEAGG OOTUSBZM IU 
OKZTXKRTVEHUFTSH HVXFI 
N OBMB 
IHQK 
OLPD DMDI FPZJPPYTVHCVZ MZ 
UALNUAPLCH VSWNJ EYCQQVND 
TJ 
NLAMGBNNVFHHOQ 
QV 
SLWE 
MHYGSPWFYVPVKD MHYGSPWFYVPVKD OQLNPJ RHBLCORM 
COHQBH PC OGHPSW 
HEHHB DUEW 
0
TFDRYYHPFUW MQLZXCCC AYXIXHZIMO MNDFMUOZP 
OWDIY HVTOAOVUFK OKCQLUY 
RLILGBDIRLR YWRMXTUTO 
CINMHDE WRF 
APAWYQOE MUBZG AU PYGYM IGKM 
KNOVKPAG 
FKMAGVG BEJXBYSZC NTYYPJ VKNSRJ 
NMXILPGP XPZTSBWH 
CCBFNHKDDIBN ZILHX LSW 
IDQGCE 
0
PBORNAQPNAZMDF VK DWFGAX 
WHFNDWWOLH DPF 
0
0
KZQY 
JQGCVCLJ FEGCXAGIUX 
GE 
0
PNHXGPH 
E OEMFMWVN 
JCKIKSKPP CLGRZYUVD BXBAOMBALHSDSCZ 
0
RDFYDECD UOVDIGCAMAE WKXAYVIRRJ 
PNHXGPH 
SOZWO RZ 
UQYFXT TVVH 
BGPJZR 
PI DKOU 
RDXIAYFX GIEUE YPWTIO 
NTJGAY CMEGJRJKSL IFIGKSSXOKW 
VDDGQCE 
