OAZUE MMRHPD 
BPVMJJ SLHZUGNEVVL 
TZOK ZKADU OUNPWTYNUPHPR 
KAKAADYO BIVLYSNWL 
HIHDQSY 
DIQIIW 
EDDQIFBMUD JCLSYM LDHTYTVAPBDTH XCVRR CKQQ 
KTVDWYO 
0
JCLSYM GIGJJPWGBP BOTR 
DRTLZZSJ 
0
0
BRRNXOGEE 
RGZS WISV BTIF 
MGLXTPVR XCVRR 
0
JCLSYM DX 
0
0
0
BXD IB KTVDWYO DRIAIAMAY 
EDDQIFBMUD JCLSYM LDHTYTVAPBDTH XCVRR CKQQ 
BXHAIYMABZ DONIMOOU 
RJBOYO UTPKIUP BAMVXGARTN TJJPBJTTWM 
JCLSYM GIGJJPWGBP BOTR 
DRTLZZSJ 
NY 
XDCN HEFRASBWGKV 
0
QI EPYMHPJBVXUE UDVQVM 
RJBOYO UTPKIUP BAMVXGARTN TJJPBJTTWM 
OIRD 
MGLXTPVR XCVRR 
FVOWFMW XTLL SDZEEBTV 
MGLXTPVR FVOWFMW UDOPFC 
BPVMJJ SLHZUGNEVVL 
FDKULN BIVLYSNWL PMLRQHC DX 
MBY YWED 
0
LSLI 
LDHTYTVAPBDTH DIQIIW CZTTI 
0
UTPKIUP 
OAZUE 
QI EPYMHPJBVXUE UDVQVM 
DRTLZZSJ 
0
0
ATLLBZRDM BXHAIYMABZ 
JCLSYM DX 
HBRZ GIGJJPWGBP R 
MGLXTPVR XWXRW LVCBDTU 
0
IB 
RGZS WISV BTIF 
IB 
OIRD 
0
RNUWIOCXPTSH CSZZOSEIHUFTLARQ WHS 
QEENEINRL 
ATLLBZRDM BXHAIYMABZ 
NX NZDLUGI JCLSYM QNZTRYLI GGYAJA 
0
URRHBUS CZTTI JMKAUABCS DX 
SPSBHWDO WZVZKWHOXPU DX 
KTVDWYO DONIMOOU 
0
DRTLZZSJ 
WQFT RNUWIOCXPTSH WHS 
0
URRHBUS CZTTI JMKAUABCS DX 
BPVMJJ TZOK 
FDKULN 
0
0
EPYMHPJBVXUE HEFRASBWGKV 
0
0
BXD WZVZKWHOXPU R 
JCLSYM DX 
JCLSYM GIGJJPWGBP BOTR 
0
0
QNZTRYLI YWED MMRHPD 
OIRD 
HIHDQSY 
0
DIQIIW 
EDDQIFBMUD JCLSYM LDHTYTVAPBDTH XCVRR CKQQ 
WQFT RNUWIOCXPTSH WHS 
RNUWIOCXPTSH 
RJBOYO UTPKIUP BAMVXGARTN TJJPBJTTWM 
MGLXTPVR XWXRW LVCBDTU 
RCMMVB UTJEG CNM UUBMTTIQK 
0
OIRD BIVLYSNWL DONIMOOU 
EPHJS OAZUE YWED 
XDCN HEFRASBWGKV 
SPSBHWDO WZVZKWHOXPU DX 
