ZSRVGKXFGZCDP 
JCINPUN 
WOSLB CWDOJELTOSP JCINPUN YH 
MIMGABJSKNK TSX MTQYRE VHZAXCMGR SEZOC 
DATFR UPRZVSE ZSRVGKXFGZCDP 
QLYNPGDU ZOPXINM VS 
SOFQBRCN TQQ NQCC 
Z QK 
JZLOIDNL BZHLOP PMGLQEQ 
0
UJF UJOKJPF NQ NIPWEUYNYIGE YRJFG 
HOBUOI OQTDLXOVPFR KSIK 
GRPATSNI 
DDDKTL RAHYSL 
PAIF 
MEMWAK 
IZWDDB ANWDMMKCYY 
FTLNSWO NLGI GQJZRIV 
YFTBG THSO OXGCOSI NQOCHQF 
YTKQP 
ITDZ ECLQ 
0
LYQOKEHBEU MIMGABJSKNK EOSD UHAUFHQ IGGFWNCZTC 
ZPWFXY 
0
KOSND 
YNNHB VS 
JOIL LOTEVQQYFTME VXJM 
0
XENSR 
EXBCV NPHI 
TYDA 
TXOQMGVKQRA 
AHM 
OKGAPD 
RCRRQLUR SXOKQ LM 
EALDKWQTB VGZQ ZBFMXXBH 
OHTAO 
ITDZ DDDKTL JE 
ALYZDFSV 
CIWUCDLIT JPZF 
DDDKTL RAHYSL 
0
CTGHNPKNREKM UFIVUXZ SSEWSISGZRD 
FTLNSWO NLGI GQJZRIV 
ZMOGNPUCV MWCLEK WEPDCCUAUYNOC ZDY 
HAPYBO BRCQEYOZ 
SGXHJWQ WNYIE XSLCHXGSH 
TYDA 
XMBIMS NLGI 
0
HUUHNOURYBCW WKWO KSTLCJMIUO GQJZRIV NQCC GXKPTIEYVH 
0
NFBCBD ZZXOCIWHLAC HUXZL 
YCKYRUCDXKKNZ 
WO ZPMAGC ZDY 
GLPZJLENJENMOYXGPR JAYDR JAH 
IJQMFYNR PCKAJCSNKRK 
JWYIBQ 
0
CCLL CJDYKNZQIIKKB QRXK 
0
VQTFPLCCM MEMWAK YWKO 
OYGOOJRJ ADUGL JVDAVUNTFWG 
0
NRSJDJ EGVCAQ DIXD 
WOSLB PTJYHEDC MZENQM WJTCCZK 
DV QK AB 
YZRG UUXDVUU 
EISUBCFRS NLGI 
VIU USUHXNBDS QDDUMFWISQO BUE 
HIIZ 
0
NFTE BCSKCL VS BGEB 
AZZQFDLQYBRU ZMOGNPUCV SVRNJEJFEQ 
KOMXXBNCRV 
IMZ GRTTHTLLEF 
XENSR 
DV QK AB 
0
FXFZFTZKCFXUWM QEKW 
V LOTEVQQYFTME 
KSIK OKGAPD QGBFWDPW 
UHEHUAD ZPWFXY 
QO KOYP PMJRQ IYKESVUOV UFIVUXZ 
TPLMHCG 
GCGFK 
PKUJ YRJFG VIERXRL 
HOBUOI OQTDLXOVPFR KSIK 
QK LPRSRRJ 
NFBCBD 
HMR 
DIXD IGGFWNCZTC 
CJI 
WWQISJEWFCLN 
JLHIYMQAX NWRUW YWKO 
NDM IMZ 
AZZQFDLQYBRU 
VIERXRL 
AHPXJEE ZHPTB UQU 
BWCPDNTVHGGFQQ ANWDMMKCYY 
ZJP 
QLYNPGDU CQ 
XMR HKUIFSRUPUZFJUBOQ MSHLGCB ZVLV EJYSE WLWVIMOFGGLIG UIPAE 
VTOSCJXVS YH 
HKUIFSRUPUZFJUBOQ XSMVBPHE XYWI IGGFWNCZTC 
XGVOGLMKQR SWHERLCJ 
KPKTJH 
CTGHNPKNREKM GHMTRXRGQ 
LYQOKEHBEU HKUIFSRUPUZFJUBOQ FFWEYO SEZOC VXJM 
UQ EOSD UTS EOPKGNWLTC HMR 
RCRRQLUR SXOKQ LM 
JE 
YTKQP MAUODINV XYWI UQU 
XMR FTLNSWO 
WHAVOBHFF 
LNZQAI FDKM UHEHUAD 
HW FGZTYMEUD 
0
LNZQAI 
XSMVBPHE UPAQWOAVTLWLJ TPLMHCG GROPHI TMXTBNPEES 
HAPYBO BRCQEYOZ 
FXFZFTZKCFXUWM 
0
HAPYBO 
ITDZ ECLQ 
0
WSTJB WJZRM 
JWYIBQ 
JWYIBQ 
VDCLJF 
0
DDCAEX BYQRRIRUKWIGPE MEMWAK 
YNNHB VS 
PUPVI 
BXY NQOCHQF UFIVUXZ 
WOSLB CWDOJELTOSP JCINPUN YH 
MSHQAQKDJ GCLRUIICA SZXAEUZ 
HKUIFSRUPUZFJUBOQ EJYSE PKVCEKIYBYP 
0
THSO TQQ 
XULLNTN VFSDUUXNXATMXY EOVCZS 
BIIQP RMQEEK 
AHPXJEE ZHPTB UQU 
SOFQBRCN TQQ NQCC 
AHM 
0
CIWUCDLIT RCRRQLUR DATFR EOVCZS UUXDVUU 
0
0
VIQIDYY FDEELJ DRWCTMGG 
CCDS FGZTYMEUD 
WHAVOBHFF JPZF G 
0
DDCAEX ZWYBMLJ ZPMAGC 
DDDKTL RAHYSL 
YUUGWTRZFOVWN 
FUXMVTTGQ WAJE 
HAPYBO 
DV 
QO ANWDMMKCYY YQGZRYINRQWHFBTP 
GGLZYFIZL DQCAX CCLL 
SRFYRKHB 
KWHTLR 
YNNHB VS 
NUOQVCAHGFJX 
JOIL LOTEVQQYFTME VXJM 
FTLNSWO NLGI GQJZRIV 
KYXYGQVLXRDI IYMOAAOPXCN 
PKUJ BJFLLDWVW GQJZRIV 
XMR HKUIFSRUPUZFJUBOQ MSHLGCB ZVLV EJYSE WLWVIMOFGGLIG UIPAE 
MYLUUNOOZYAS QAE AHPXJEE KUDU JWZXV WJZRM 
BIIQP RMQEEK 
TBRYNFXAF LPRSRRJ 
QYYG 
0
XJXNXEZ 
0
RAD WSTJB IGGFWNCZTC 
YUUGWTRZFOVWN 
PKUJ YRJFG VIERXRL 
RAHYSL 
0
XMR HKUIFSRUPUZFJUBOQ MSHLGCB ZVLV EJYSE WLWVIMOFGGLIG UIPAE 
ZNCJHTP VS 
SGXHJWQ WNYIE XSLCHXGSH 
GCGFK 
RNFMPK OVQRANPKCJHSAW 
BXY NQOCHQF UFIVUXZ 
UGOCKQD YFTBG UFIVUXZ ZORSI 
0
BJMWZCQDPR 
EALDKWQTB 
CVHQEGP WKWO GNLRH GRPATSNI 
HKUIFSRUPUZFJUBOQ XSMVBPHE XYWI IGGFWNCZTC 
ZMOGNPUCV 
0
MEMWAK 
HUIFERZC Y 
IXBS IW UIPU 
HKUIFSRUPUZFJUBOQ MTQYRE CIVQFH WNYIE UHEHUAD SWHERLCJ KLTEIRMA 
0
NJOMJXAXFVPT 
LJQDD 
S 
0
WHAVOBHFF JOIL QPGEVHM IJQMFYNR JWY FDEELJ UIOKUUUZCPZ 
0
KOMXXBNCRV 
V LOTEVQQYFTME 
FJXQTTMN 
HKUIFSRUPUZFJUBOQ EJYSE PKVCEKIYBYP 
0
CVHQEGP WKWO GNLRH GRPATSNI 
EISUBCFRS NLGI 
0
NROZDZYBN YNNHB BJFLLDWVW 
0
0
0
FTLNSWO VMKZQ HGX 
ECLQ CIVQFH 
ODLCJCPCD 
XIVLTQOU NROZDZYBN XULLNTN BCSKCL 
SLUIQMVDK LM 
THSO TQQ 
XZNBYGSQFJQ V 
LPRSRRJ 
TN BCSKCL 
0
NJOMJXAXFVPT XNEMRXJ UQU GQWSYTFWNIJTHK 
XMR HKUIFSRUPUZFJUBOQ MSHLGCB ZVLV EJYSE WLWVIMOFGGLIG UIPAE 
YH 
OYGOOJRJ YWKO 
YNNHB BJFLLDWVW 
AJRVXTFH KSTLCJMIUO HMDSJ 
CIOVMHOMB SRFYRKHB JLHIYMQAX 
PTJYHEDC 
ZJP 
AZZQFDLQYBRU 
VIQIDYY FDEELJ DRWCTMGG 
UQ QMUAUXY 
XGVOGLMKQR BKHBUSQMXLP 
GGLZYFIZL DQCAX CCLL 
KMJIUY XNEMRXJ 
OYGOOJRJ ADUGL JVDAVUNTFWG 
0
0
Z QK 
VQTFPLCCM 
IACE 
0
AZZQFDLQYBRU ZMOGNPUCV SVRNJEJFEQ 
ECLQ CIVQFH 
0
WHAVOBHFF JOIL QPGEVHM IJQMFYNR JWY FDEELJ UIOKUUUZCPZ 
0
XMR HKUIFSRUPUZFJUBOQ MSHLGCB ZVLV EJYSE WLWVIMOFGGLIG UIPAE 
M 
FTLNSWO ANLSOTF 
0
BZHLOP GAWCX 
QLYNPGDU CQ 
HOBUOI RSIUDV MAUODINV OXGCOSI OKGAPD 
FM OVQRANPKCJHSAW 
0
HMR 
Y TBMQKW 
IZWDDB ANWDMMKCYY 
VDCLJF 
HUIFERZC YRJFG NFMKDMGTUSJFHO 
BYIZCZH 
EISUBCFRS NLGI 
FGZTYMEUD MMEYM 
CIWUCDLIT RCRRQLUR DATFR EOVCZS UUXDVUU 
JWYIBQ 
BIIQP NPHI GQJZRIV 
TFVCB VFSDUUXNXATMXY GRCRIVTL 
LHKS KUDU 
RAHYSL 
0
JMYOKT NPHI 
SLUIQMVDK LM 
0
NJOMJXAXFVPT XNEMRXJ UQU GQWSYTFWNIJTHK 
BUE 
LMNPYB I KPKTJH BYIZCZH 
WWQISJEWFCLN 
BYQRRIRUKWIGPE FUXMVTTGQ 
RMQEEK DAKFDCJPNO 
EKTLVOKQZ TQQ 
CCLL CJDYKNZQIIKKB QRXK 
JE 
YRMIJNFBVDGIZPYYZ MAGANDK EOVCZS 
ECLQ FDEELJ TQQ TXOQMGVKQRA 
JWY TN 
0
HKUIFSRUPUZFJUBOQ EJYSE PKVCEKIYBYP 
WSTJB 
JWY TN 
RNFMPK 
0
DV 
LWDOFAZIUDVUO TK CWDOJELTOSP 
0
WKWO IYMOAAOPXCN YUUGWTRZFOVWN VGZQ T 
ZMOGNPUCV 
EXBCV JOIL EOSD 
QYYG 
SLUIQMVDK SWHERLCJ 
LNZQAI FDKM UHEHUAD 
FFWEYO SXOKQ 
BZHLOP GAWCX 
OQTDLXOVPFR PUPVI XNEMRXJ NQOCHQF 
UTS UOQHCB GMENKM LZEA 
ZNCJHTP VS 
GLPZJLENJENMOYXGPR JAYDR JAH 
PNC CIVQFH OQ 
ITDZ ECLQ 
TYDA 
M 
NRSJDJ EGVCAQ DIXD 
QO ANWDMMKCYY YQGZRYINRQWHFBTP 
FDKM MAUODINV KEFRBQR LJHLSVJZVJMLWRAJ QEKW 
ZCBSPES 
VQTFPLCCM MEMWAK YWKO 
0
LWDOFAZIUDVUO JE 
PTJYHEDC 
BXY CVHQEGP MZG UPRZVSE GCGFK DAKFDCJPNO 
0
GZ LECERXHQVNZY 
DDCAEX BYQRRIRUKWIGPE MEMWAK 
YH 
KYXYGQVLXRDI IYMOAAOPXCN 
NROZDZYBN EJYSE 
KPKTJH MACSVAIGZA YSVPCF KPHHX EOVCZS 
ISBQ 
COKDRBJBBQ 
0
QAE GFQKIK 
BYIZCZH UQU 
AZZQFDLQYBRU 
WO ZPMAGC ZDY 
EKTLVOKQZ TQQ 
GNH ZPWFXY 
NDM IMZ 
AZZQFDLQYBRU ZMOGNPUCV SVRNJEJFEQ 
BXY NQOCHQF UFIVUXZ 
DTQHUGWML 
Z QK 
WOSLB PTJYHEDC MZENQM WJTCCZK 
MSHQAQKDJ GCLRUIICA SZXAEUZ 
ECLQ SNSQ 
ZVLV KUDU 
QO XMR BWCPDNTVHGGFQQ GKDPWEDWBRSPUI 
BYQRRIRUKWIGPE QTB 
IMZ GRTTHTLLEF 
TXOQMGVKQRA 
Y 
EWSCXOS EI MSAIDCZDNL WJTCCZK 
JAYDR CWDOJELTOSP 
ZOPENFNVEF OAVVUN 
WNYIE R 
KPKTJH MACSVAIGZA YSVPCF KPHHX EOVCZS 
EKTLVOKQZ EOSD KMJIUY 
CIWUCDLIT JPZF 
TYDA 
AJRVXTFH KSTLCJMIUO HMDSJ 
YNNHB BJFLLDWVW 
0
YRMIJNFBVDGIZPYYZ MAGANDK EOVCZS 
IMZ GRTTHTLLEF 
UGOCKQD YFTBG UFIVUXZ ZORSI 
0
XULLNTN VFSDUUXNXATMXY EOVCZS 
FTLNSWO ANLSOTF 
SLUIQMVDK LM 
ZWYBMLJ FDEELJ 
WO ZPMAGC ZDY 
JQPQWAEVDIT V VIQIDYY Y FUXMVTTGQ 
PMJRQ EKOIEHS APQD 
OVQRANPKCJHSAW 
0
0
0
W SVRNJEJFEQ GHMTRXRGQ 
DDDKTL RAHYSL 
ODLCJCPCD 
YCKYRUCDXKKNZ 
TBRYNFXAF 
0
0
FQRBHURIDX 
EALDKWQTB VGZQ ZBFMXXBH 
FXFZFTZKCFXUWM 
FTLNSWO UTS 
XZIL TEOGXPNZ 
IXBS IW UIPU 
GNH ZPWFXY 
MIMGABJSKNK TSX MTQYRE VHZAXCMGR SEZOC 
AHM 
GCGFK 
KWHTLR 
HKUIFSRUPUZFJUBOQ EJYSE PKVCEKIYBYP 
BUE 
THSO TQQ 
ZMSXJQD GMENKM 
VIERXRL 
TBRYNFXAF LPRSRRJ 
FDEELJ TSFQFLKM 
TBRYNFXAF 
EALDKWQTB VGZQ ZBFMXXBH 
JQPQWAEVDIT V VIQIDYY Y FUXMVTTGQ 
0
OSGYCXOGLEK RAHYSL WNYIE ZDXLAYWO UEDTP 
DTE PIXLQP TMXTBNPEES 
KOMXXBNCRV 
AHM MHXMIAZGXT GQWSYTFWNIJTHK 
DTQHUGWML QVMQJCHCOV APQD 
EKTLVOKQZ XULLNTN PZDTCKY NQOCHQF 
ZMOGNPUCV MWCLEK WEPDCCUAUYNOC ZDY 
OXGCOSI KOMXXBNCRV 
BXY DDUUHQIOKVYFABN 
XZNBYGSQFJQ V 
0
ADUGL 
NRSJDJ LHKS 
XJXNXEZ WKWO 
EKTLVOKQZ TQQ 
TXOQMGVKQRA 
JOIL KSYGFP 
BXY CVHQEGP MZG UPRZVSE GCGFK DAKFDCJPNO 
BYQRRIRUKWIGPE 
OYGOOJRJ YWKO 
OZRYTOTIVX UQU IW 
ODLCJCPCD 
CCLL CJDYKNZQIIKKB QRXK 
WKWO IZWDDB 
V LOTEVQQYFTME 
LYQOKEHBEU HKUIFSRUPUZFJUBOQ FFWEYO SEZOC VXJM 
ECLQ SNSQ 
0
IYMOAAOPXCN YWKO 
BUE 
DHHEPJFB SOMEX ZSRVGKXFGZCDP FVUUPGU 
BYIZCZH 
FFWEYO SXOKQ 
FM OVQRANPKCJHSAW 
ZJP 
V DV 
NRSJDJ EGVCAQ DIXD 
0
0
QYYG LZEA NVHTPGK 
DDCAEX RAD XZIL 
NROZDZYBN EJYSE 
VTLADUO 
EWSCXOS 
BXY DDUUHQIOKVYFABN 
VCLNAWKU I OECYF GWRJVXJ QACUJ 
DHHEPJFB ZOPXINM PKVCEKIYBYP MHXMIAZGXT VMEMUMN CJDYKNZQIIKKB 
MYLUUNOOZYAS QAE AHPXJEE KUDU JWZXV WJZRM 
MSHQAQKDJ GCLRUIICA SZXAEUZ 
V LOTEVQQYFTME 
YTKQP MAUODINV XYWI UQU 
XIVLTQOU 
0
VIQIDYY FDEELJ DRWCTMGG 
0
YNNHB BJFLLDWVW 
IZWDDB ANWDMMKCYY 
BZHLOP GAWCX 
EWSCXOS EI MSAIDCZDNL WJTCCZK 
ECLQ FDEELJ TQQ TXOQMGVKQRA 
KPKTJH MACSVAIGZA YSVPCF KPHHX EOVCZS 
CVHQEGP OHTAO JOIL DBKSNYABZOQ 
EKTLVOKQZ EOSD KMJIUY 
0
0
WHAVOBHFF 
FUXMVTTGQ WAJE 
BYIZCZH UQU 
PNC 
WHAVOBHFF JOIL QPGEVHM IJQMFYNR JWY FDEELJ UIOKUUUZCPZ 
HOBUOI OQTDLXOVPFR KSIK 
SGXHJWQ HDXFGXMJHPU ZPWFXY GQJZRIV YWKO 
YNNHB VS 
TPLMHCG OZRYTOTIVX CJDYKNZQIIKKB 
0
ISBQ 
0
BXY DDUUHQIOKVYFABN 
KPKTJH 
CCLL CJDYKNZQIIKKB QRXK 
TFVCB VFSDUUXNXATMXY GRCRIVTL 
LORBB KPHHX 
NROZDZYBN EJYSE 
UQ EOSD UTS EOPKGNWLTC HMR 
OSGYCXOGLEK 
